[0.256s] DEBUG:colcon:Command line arguments: ['/usr/bin/colcon', 'build']
[0.257s] DEBUG:colcon:Parsed command line arguments: Namespace(ament_cmake_args=None, base_paths=['.'], build_base='build', catkin_cmake_args=None, catkin_skip_building_tests=False, cmake_args=None, cmake_clean_cache=False, cmake_clean_first=False, cmake_force_configure=False, cmake_target=None, cmake_target_skip_unavailable=False, continue_on_error=False, event_handlers=None, executor='parallel', ignore_user_meta=False, install_base='install', log_base=None, log_level=None, main=<bound method BuildVerb.main of <colcon_core.verb.build.BuildVerb object at 0x7f2a6daa11f0>>, merge_install=False, metas=['./colcon.meta'], mixin=None, mixin_files=None, mixin_verb=('build',), packages_above=None, packages_above_and_dependencies=None, packages_above_depth=None, packages_end=None, packages_ignore=None, packages_ignore_regex=None, packages_select=None, packages_select_build_failed=False, packages_select_by_dep=None, packages_select_regex=None, packages_select_test_failures=False, packages_skip=None, packages_skip_build_finished=False, packages_skip_by_dep=None, packages_skip_regex=None, packages_skip_test_passed=False, packages_skip_up_to=None, packages_start=None, packages_up_to=None, packages_up_to_regex=None, parallel_workers=12, paths=None, symlink_install=False, test_result_base=None, verb_extension=<colcon_core.verb.build.BuildVerb object at 0x7f2a6daa11f0>, verb_name='build', verb_parser=<colcon_mixin.mixin.mixin_argument.MixinArgumentDecorator object at 0x7f2a6daa1850>)
[0.283s] Level 1:colcon.colcon_core.package_discovery:discover_packages(colcon_meta) check parameters
[0.283s] INFO:colcon.colcon_metadata.package_discovery.colcon_meta:Using configuration from '/root/.colcon/metadata/default/Gazebo.meta'
[0.284s] INFO:colcon.colcon_metadata.package_discovery.colcon_meta:Using configuration from '/root/.colcon/metadata/default/fastrtps.meta'
[0.284s] Level 1:colcon.colcon_core.package_discovery:discover_packages(recursive) check parameters
[0.284s] Level 1:colcon.colcon_core.package_discovery:discover_packages(ignore) check parameters
[0.284s] Level 1:colcon.colcon_core.package_discovery:discover_packages(path) check parameters
[0.284s] Level 1:colcon.colcon_core.package_discovery:discover_packages(colcon_meta) discover
[0.284s] Level 1:colcon.colcon_core.package_discovery:discover_packages(recursive) discover
[0.284s] INFO:colcon.colcon_core.package_discovery:Crawling recursively for packages in '/root/ws/ros2_pupil_neon'
[0.284s] Level 1:colcon.colcon_core.package_identification:_identify(.) by extensions ['ignore', 'ignore_ament_install']
[0.284s] Level 1:colcon.colcon_core.package_identification:_identify(.) by extension 'ignore'
[0.284s] Level 1:colcon.colcon_core.package_identification:_identify(.) by extension 'ignore_ament_install'
[0.284s] Level 1:colcon.colcon_core.package_identification:_identify(.) by extensions ['colcon_pkg']
[0.284s] Level 1:colcon.colcon_core.package_identification:_identify(.) by extension 'colcon_pkg'
[0.284s] Level 1:colcon.colcon_core.package_identification:_identify(.) by extensions ['colcon_meta']
[0.284s] Level 1:colcon.colcon_core.package_identification:_identify(.) by extension 'colcon_meta'
[0.284s] Level 1:colcon.colcon_core.package_identification:_identify(.) by extensions ['ros']
[0.284s] Level 1:colcon.colcon_core.package_identification:_identify(.) by extension 'ros'
[0.305s] DEBUG:colcon.colcon_core.package_identification:Package '.' with type 'ros.ament_cmake' and name 'tobii_glasses_pkg'
[0.305s] Level 1:colcon.colcon_core.package_discovery:discover_packages(recursive) using defaults
[0.305s] Level 1:colcon.colcon_core.package_discovery:discover_packages(ignore) discover
[0.305s] Level 1:colcon.colcon_core.package_discovery:discover_packages(ignore) using defaults
[0.305s] Level 1:colcon.colcon_core.package_discovery:discover_packages(path) discover
[0.306s] Level 1:colcon.colcon_core.package_discovery:discover_packages(path) using defaults
[0.324s] Level 5:colcon.colcon_core.verb:set package 'tobii_glasses_pkg' build argument 'cmake_args' from command line to 'None'
[0.324s] Level 5:colcon.colcon_core.verb:set package 'tobii_glasses_pkg' build argument 'cmake_target' from command line to 'None'
[0.324s] Level 5:colcon.colcon_core.verb:set package 'tobii_glasses_pkg' build argument 'cmake_target_skip_unavailable' from command line to 'False'
[0.324s] Level 5:colcon.colcon_core.verb:set package 'tobii_glasses_pkg' build argument 'cmake_clean_cache' from command line to 'False'
[0.324s] Level 5:colcon.colcon_core.verb:set package 'tobii_glasses_pkg' build argument 'cmake_clean_first' from command line to 'False'
[0.324s] Level 5:colcon.colcon_core.verb:set package 'tobii_glasses_pkg' build argument 'cmake_force_configure' from command line to 'False'
[0.324s] Level 5:colcon.colcon_core.verb:set package 'tobii_glasses_pkg' build argument 'ament_cmake_args' from command line to 'None'
[0.324s] Level 5:colcon.colcon_core.verb:set package 'tobii_glasses_pkg' build argument 'catkin_cmake_args' from command line to 'None'
[0.324s] Level 5:colcon.colcon_core.verb:set package 'tobii_glasses_pkg' build argument 'catkin_skip_building_tests' from command line to 'False'
[0.324s] DEBUG:colcon.colcon_core.verb:Building package 'tobii_glasses_pkg' with the following arguments: {'ament_cmake_args': None, 'build_base': '/root/ws/ros2_pupil_neon/build/tobii_glasses_pkg', 'catkin_cmake_args': None, 'catkin_skip_building_tests': False, 'cmake_args': None, 'cmake_clean_cache': False, 'cmake_clean_first': False, 'cmake_force_configure': False, 'cmake_target': None, 'cmake_target_skip_unavailable': False, 'install_base': '/root/ws/ros2_pupil_neon/install/tobii_glasses_pkg', 'merge_install': False, 'path': '/root/ws/ros2_pupil_neon', 'symlink_install': False, 'test_result_base': None}
[0.325s] INFO:colcon.colcon_core.executor:Executing jobs using 'parallel' executor
[0.328s] DEBUG:colcon.colcon_parallel_executor.executor.parallel:run_until_complete
[0.329s] INFO:colcon.colcon_ros.task.ament_cmake.build:Building ROS package in '/root/ws/ros2_pupil_neon' with build type 'ament_cmake'
[0.329s] INFO:colcon.colcon_cmake.task.cmake.build:Building CMake package in '/root/ws/ros2_pupil_neon'
[0.333s] INFO:colcon.colcon_core.plugin_system:Skipping extension 'colcon_core.shell.bat': Not used on non-Windows systems
[0.333s] INFO:colcon.colcon_core.shell:Skip shell extension 'powershell' for command environment: Not usable outside of PowerShell
[0.333s] DEBUG:colcon.colcon_core.shell:Skip shell extension 'dsv' for command environment
[0.342s] DEBUG:colcon.colcon_core.event_handler.log_command:Invoking command in '/root/ws/ros2_pupil_neon/build/tobii_glasses_pkg': CMAKE_PREFIX_PATH=/opt/ros/foxy /usr/bin/cmake --build /root/ws/ros2_pupil_neon/build/tobii_glasses_pkg -- -j12 -l12
[0.555s] DEBUG:colcon.colcon_core.event_handler.log_command:Invoked command in '/root/ws/ros2_pupil_neon/build/tobii_glasses_pkg' returned '0': CMAKE_PREFIX_PATH=/opt/ros/foxy /usr/bin/cmake --build /root/ws/ros2_pupil_neon/build/tobii_glasses_pkg -- -j12 -l12
[0.626s] DEBUG:colcon.colcon_core.event_handler.log_command:Invoking command in '/root/ws/ros2_pupil_neon/build/tobii_glasses_pkg': CMAKE_PREFIX_PATH=/opt/ros/foxy /usr/bin/cmake --install /root/ws/ros2_pupil_neon/build/tobii_glasses_pkg
[0.707s] Level 1:colcon.colcon_core.environment:create_environment_scripts_only(tobii_glasses_pkg)
[0.708s] DEBUG:colcon.colcon_core.event_handler.log_command:Invoked command in '/root/ws/ros2_pupil_neon/build/tobii_glasses_pkg' returned '0': CMAKE_PREFIX_PATH=/opt/ros/foxy /usr/bin/cmake --install /root/ws/ros2_pupil_neon/build/tobii_glasses_pkg
[0.713s] Level 1:colcon.colcon_core.environment:checking '/root/ws/ros2_pupil_neon/install/tobii_glasses_pkg' for CMake module files
[0.714s] Level 1:colcon.colcon_core.environment:checking '/root/ws/ros2_pupil_neon/install/tobii_glasses_pkg' for CMake config files
[0.714s] Level 1:colcon.colcon_core.shell:create_environment_hook('tobii_glasses_pkg', 'cmake_prefix_path')
[0.715s] INFO:colcon.colcon_core.shell:Creating environment hook '/root/ws/ros2_pupil_neon/install/tobii_glasses_pkg/share/tobii_glasses_pkg/hook/cmake_prefix_path.ps1'
[0.715s] INFO:colcon.colcon_core.shell:Creating environment descriptor '/root/ws/ros2_pupil_neon/install/tobii_glasses_pkg/share/tobii_glasses_pkg/hook/cmake_prefix_path.dsv'
[0.716s] INFO:colcon.colcon_core.shell:Creating environment hook '/root/ws/ros2_pupil_neon/install/tobii_glasses_pkg/share/tobii_glasses_pkg/hook/cmake_prefix_path.sh'
[0.717s] Level 1:colcon.colcon_core.environment:checking '/root/ws/ros2_pupil_neon/install/tobii_glasses_pkg/lib'
[0.717s] Level 1:colcon.colcon_core.shell:create_environment_hook('tobii_glasses_pkg', 'ld_library_path_lib')
[0.718s] INFO:colcon.colcon_core.shell:Creating environment hook '/root/ws/ros2_pupil_neon/install/tobii_glasses_pkg/share/tobii_glasses_pkg/hook/ld_library_path_lib.ps1'
[0.718s] INFO:colcon.colcon_core.shell:Creating environment descriptor '/root/ws/ros2_pupil_neon/install/tobii_glasses_pkg/share/tobii_glasses_pkg/hook/ld_library_path_lib.dsv'
[0.719s] INFO:colcon.colcon_core.shell:Creating environment hook '/root/ws/ros2_pupil_neon/install/tobii_glasses_pkg/share/tobii_glasses_pkg/hook/ld_library_path_lib.sh'
[0.719s] Level 1:colcon.colcon_core.environment:checking '/root/ws/ros2_pupil_neon/install/tobii_glasses_pkg/bin'
[0.719s] Level 1:colcon.colcon_core.environment:checking '/root/ws/ros2_pupil_neon/install/tobii_glasses_pkg/lib/pkgconfig/tobii_glasses_pkg.pc'
[0.720s] Level 1:colcon.colcon_core.environment:checking '/root/ws/ros2_pupil_neon/install/tobii_glasses_pkg/lib/python3.8/site-packages'
[0.720s] Level 1:colcon.colcon_core.shell:create_environment_hook('tobii_glasses_pkg', 'pythonpath')
[0.721s] INFO:colcon.colcon_core.shell:Creating environment hook '/root/ws/ros2_pupil_neon/install/tobii_glasses_pkg/share/tobii_glasses_pkg/hook/pythonpath.ps1'
[0.721s] INFO:colcon.colcon_core.shell:Creating environment descriptor '/root/ws/ros2_pupil_neon/install/tobii_glasses_pkg/share/tobii_glasses_pkg/hook/pythonpath.dsv'
[0.721s] INFO:colcon.colcon_core.shell:Creating environment hook '/root/ws/ros2_pupil_neon/install/tobii_glasses_pkg/share/tobii_glasses_pkg/hook/pythonpath.sh'
[0.722s] Level 1:colcon.colcon_core.environment:checking '/root/ws/ros2_pupil_neon/install/tobii_glasses_pkg/bin'
[0.723s] INFO:colcon.colcon_core.shell:Creating package script '/root/ws/ros2_pupil_neon/install/tobii_glasses_pkg/share/tobii_glasses_pkg/package.ps1'
[0.723s] INFO:colcon.colcon_core.shell:Creating package descriptor '/root/ws/ros2_pupil_neon/install/tobii_glasses_pkg/share/tobii_glasses_pkg/package.dsv'
[0.724s] INFO:colcon.colcon_core.shell:Creating package script '/root/ws/ros2_pupil_neon/install/tobii_glasses_pkg/share/tobii_glasses_pkg/package.sh'
[0.726s] INFO:colcon.colcon_core.shell:Creating package script '/root/ws/ros2_pupil_neon/install/tobii_glasses_pkg/share/tobii_glasses_pkg/package.bash'
[0.726s] INFO:colcon.colcon_core.shell:Creating package script '/root/ws/ros2_pupil_neon/install/tobii_glasses_pkg/share/tobii_glasses_pkg/package.zsh'
[0.727s] Level 1:colcon.colcon_core.environment:create_file_with_runtime_dependencies(/root/ws/ros2_pupil_neon/install/tobii_glasses_pkg/share/colcon-core/packages/tobii_glasses_pkg)
[0.783s] Level 1:colcon.colcon_core.environment:create_environment_scripts_only(tobii_glasses_pkg)
[0.785s] Level 1:colcon.colcon_core.environment:checking '/root/ws/ros2_pupil_neon/install/tobii_glasses_pkg' for CMake module files
[0.785s] Level 1:colcon.colcon_core.environment:checking '/root/ws/ros2_pupil_neon/install/tobii_glasses_pkg' for CMake config files
[0.786s] Level 1:colcon.colcon_core.shell:create_environment_hook('tobii_glasses_pkg', 'cmake_prefix_path')
[0.787s] INFO:colcon.colcon_core.shell:Creating environment hook '/root/ws/ros2_pupil_neon/install/tobii_glasses_pkg/share/tobii_glasses_pkg/hook/cmake_prefix_path.ps1'
[0.788s] INFO:colcon.colcon_core.shell:Creating environment descriptor '/root/ws/ros2_pupil_neon/install/tobii_glasses_pkg/share/tobii_glasses_pkg/hook/cmake_prefix_path.dsv'
[0.788s] INFO:colcon.colcon_core.shell:Creating environment hook '/root/ws/ros2_pupil_neon/install/tobii_glasses_pkg/share/tobii_glasses_pkg/hook/cmake_prefix_path.sh'
[0.788s] Level 1:colcon.colcon_core.environment:checking '/root/ws/ros2_pupil_neon/install/tobii_glasses_pkg/lib'
[0.788s] Level 1:colcon.colcon_core.shell:create_environment_hook('tobii_glasses_pkg', 'ld_library_path_lib')
[0.789s] INFO:colcon.colcon_core.shell:Creating environment hook '/root/ws/ros2_pupil_neon/install/tobii_glasses_pkg/share/tobii_glasses_pkg/hook/ld_library_path_lib.ps1'
[0.790s] INFO:colcon.colcon_core.shell:Creating environment descriptor '/root/ws/ros2_pupil_neon/install/tobii_glasses_pkg/share/tobii_glasses_pkg/hook/ld_library_path_lib.dsv'
[0.790s] INFO:colcon.colcon_core.shell:Creating environment hook '/root/ws/ros2_pupil_neon/install/tobii_glasses_pkg/share/tobii_glasses_pkg/hook/ld_library_path_lib.sh'
[0.790s] Level 1:colcon.colcon_core.environment:checking '/root/ws/ros2_pupil_neon/install/tobii_glasses_pkg/bin'
[0.790s] Level 1:colcon.colcon_core.environment:checking '/root/ws/ros2_pupil_neon/install/tobii_glasses_pkg/lib/pkgconfig/tobii_glasses_pkg.pc'
[0.791s] Level 1:colcon.colcon_core.environment:checking '/root/ws/ros2_pupil_neon/install/tobii_glasses_pkg/lib/python3.8/site-packages'
[0.791s] Level 1:colcon.colcon_core.shell:create_environment_hook('tobii_glasses_pkg', 'pythonpath')
[0.792s] INFO:colcon.colcon_core.shell:Creating environment hook '/root/ws/ros2_pupil_neon/install/tobii_glasses_pkg/share/tobii_glasses_pkg/hook/pythonpath.ps1'
[0.792s] INFO:colcon.colcon_core.shell:Creating environment descriptor '/root/ws/ros2_pupil_neon/install/tobii_glasses_pkg/share/tobii_glasses_pkg/hook/pythonpath.dsv'
[0.793s] INFO:colcon.colcon_core.shell:Creating environment hook '/root/ws/ros2_pupil_neon/install/tobii_glasses_pkg/share/tobii_glasses_pkg/hook/pythonpath.sh'
[0.793s] Level 1:colcon.colcon_core.environment:checking '/root/ws/ros2_pupil_neon/install/tobii_glasses_pkg/bin'
[0.794s] INFO:colcon.colcon_core.shell:Creating package script '/root/ws/ros2_pupil_neon/install/tobii_glasses_pkg/share/tobii_glasses_pkg/package.ps1'
[0.795s] INFO:colcon.colcon_core.shell:Creating package descriptor '/root/ws/ros2_pupil_neon/install/tobii_glasses_pkg/share/tobii_glasses_pkg/package.dsv'
[0.795s] INFO:colcon.colcon_core.shell:Creating package script '/root/ws/ros2_pupil_neon/install/tobii_glasses_pkg/share/tobii_glasses_pkg/package.sh'
[0.796s] INFO:colcon.colcon_core.shell:Creating package script '/root/ws/ros2_pupil_neon/install/tobii_glasses_pkg/share/tobii_glasses_pkg/package.bash'
[0.796s] INFO:colcon.colcon_core.shell:Creating package script '/root/ws/ros2_pupil_neon/install/tobii_glasses_pkg/share/tobii_glasses_pkg/package.zsh'
[0.796s] Level 1:colcon.colcon_core.environment:create_file_with_runtime_dependencies(/root/ws/ros2_pupil_neon/install/tobii_glasses_pkg/share/colcon-core/packages/tobii_glasses_pkg)
[0.797s] DEBUG:colcon.colcon_parallel_executor.executor.parallel:closing loop
[0.797s] DEBUG:colcon.colcon_parallel_executor.executor.parallel:loop closed
[0.797s] DEBUG:colcon.colcon_parallel_executor.executor.parallel:run_until_complete finished with '0'
[0.798s] DEBUG:colcon.colcon_core.event_reactor:joining thread
[0.802s] INFO:colcon.colcon_core.plugin_system:Skipping extension 'colcon_notification.desktop_notification.notify_send': Could not find 'notify-send'
[0.802s] INFO:colcon.colcon_core.plugin_system:Skipping extension 'colcon_notification.desktop_notification.terminal_notifier': Not used on non-Darwin systems
[0.802s] INFO:colcon.colcon_core.plugin_system:Skipping extension 'colcon_notification.desktop_notification.win32': Not used on non-Windows systems
[0.802s] INFO:colcon.colcon_notification.desktop_notification:Sending desktop notification using 'notify2'
[0.804s] DEBUG:colcon.colcon_notification.desktop_notification.notify2:Failed to initialize notify2: org.freedesktop.DBus.Error.Spawn.ExecFailed: /usr/bin/dbus-launch terminated abnormally without any error message
[0.804s] DEBUG:colcon.colcon_core.event_reactor:joined thread
[0.806s] INFO:colcon.colcon_core.shell:Creating prefix script '/root/ws/ros2_pupil_neon/install/local_setup.ps1'
[0.807s] INFO:colcon.colcon_core.shell:Creating prefix util module '/root/ws/ros2_pupil_neon/install/_local_setup_util_ps1.py'
[0.808s] INFO:colcon.colcon_core.shell:Creating prefix chain script '/root/ws/ros2_pupil_neon/install/setup.ps1'
[0.810s] INFO:colcon.colcon_core.shell:Creating prefix script '/root/ws/ros2_pupil_neon/install/local_setup.sh'
[0.810s] INFO:colcon.colcon_core.shell:Creating prefix util module '/root/ws/ros2_pupil_neon/install/_local_setup_util_sh.py'
[0.811s] INFO:colcon.colcon_core.shell:Creating prefix chain script '/root/ws/ros2_pupil_neon/install/setup.sh'
[0.812s] INFO:colcon.colcon_core.shell:Creating prefix script '/root/ws/ros2_pupil_neon/install/local_setup.bash'
[0.813s] INFO:colcon.colcon_core.shell:Creating prefix chain script '/root/ws/ros2_pupil_neon/install/setup.bash'
[0.814s] INFO:colcon.colcon_core.shell:Creating prefix script '/root/ws/ros2_pupil_neon/install/local_setup.zsh'
[0.814s] INFO:colcon.colcon_core.shell:Creating prefix chain script '/root/ws/ros2_pupil_neon/install/setup.zsh'
