[0.018s] Invoking command in '/root/ws/ros2_pupil_neon/build/tobii_glasses_pkg': CMAKE_PREFIX_PATH=/opt/ros/foxy /usr/bin/cmake --build /root/ws/ros2_pupil_neon/build/tobii_glasses_pkg -- -j12 -l12
[0.153s] [  2%] Built target tobii_glasses_pkg__cpp
[0.161s] [ 12%] Built target tobii_glasses_pkg__rosidl_generator_c
[0.177s] [ 23%] Built target tobii_glasses_pkg__rosidl_typesupport_introspection_cpp
[0.177s] [ 33%] Built target tobii_glasses_pkg__rosidl_typesupport_cpp
[0.179s] [ 43%] Built target tobii_glasses_pkg__rosidl_typesupport_fastrtps_cpp
[0.184s] [ 53%] Built target tobii_glasses_pkg__rosidl_typesupport_introspection_c
[0.184s] [ 64%] Built target tobii_glasses_pkg__rosidl_typesupport_c
[0.203s] [ 74%] Built target tobii_glasses_pkg__rosidl_typesupport_fastrtps_c
[0.220s] [ 74%] Built target tobii_glasses_pkg
[0.239s] [ 76%] Built target tobii_glasses_pkg__py
[0.263s] [ 84%] Built target tobii_glasses_pkg__python
[0.286s] [ 89%] Built target tobii_glasses_pkg__rosidl_typesupport_c__pyext
[0.286s] [100%] Built target tobii_glasses_pkg__rosidl_typesupport_fastrtps_c__pyext
[0.286s] [100%] Built target tobii_glasses_pkg__rosidl_typesupport_introspection_c__pyext
[0.296s] Invoked command in '/root/ws/ros2_pupil_neon/build/tobii_glasses_pkg' returned '0': CMAKE_PREFIX_PATH=/opt/ros/foxy /usr/bin/cmake --build /root/ws/ros2_pupil_neon/build/tobii_glasses_pkg -- -j12 -l12
[0.354s] Invoking command in '/root/ws/ros2_pupil_neon/build/tobii_glasses_pkg': CMAKE_PREFIX_PATH=/opt/ros/foxy /usr/bin/cmake --install /root/ws/ros2_pupil_neon/build/tobii_glasses_pkg
[0.361s] -- Install configuration: ""
[0.361s] -- Up-to-date: /root/ws/ros2_pupil_neon/install/tobii_glasses_pkg/share/tobii_glasses_pkg//launch
[0.361s] -- Up-to-date: /root/ws/ros2_pupil_neon/install/tobii_glasses_pkg/share/tobii_glasses_pkg//launch/pupil.launch.py
[0.361s] -- Up-to-date: /root/ws/ros2_pupil_neon/install/tobii_glasses_pkg/share/tobii_glasses_pkg//launch/pupil_devel.launch.py
[0.362s] -- Up-to-date: /root/ws/ros2_pupil_neon/install/tobii_glasses_pkg/share/tobii_glasses_pkg/environment/pythonpath.sh
[0.362s] -- Up-to-date: /root/ws/ros2_pupil_neon/install/tobii_glasses_pkg/share/tobii_glasses_pkg/environment/pythonpath.dsv
[0.362s] -- Up-to-date: /root/ws/ros2_pupil_neon/install/tobii_glasses_pkg/lib/python3.8/site-packages/tobii_glasses_pkg
[0.362s] -- Up-to-date: /root/ws/ros2_pupil_neon/install/tobii_glasses_pkg/lib/python3.8/site-packages/tobii_glasses_pkg/tobii_glasses_buffer.py
[0.362s] -- Up-to-date: /root/ws/ros2_pupil_neon/install/tobii_glasses_pkg/lib/python3.8/site-packages/tobii_glasses_pkg/video_capture.py
[0.362s] -- Installing: /root/ws/ros2_pupil_neon/install/tobii_glasses_pkg/lib/python3.8/site-packages/tobii_glasses_pkg/__init__.py
[0.388s] Listing '/root/ws/ros2_pupil_neon/install/tobii_glasses_pkg/lib/python3.8/site-packages/tobii_glasses_pkg'...
[0.388s] Compiling '/root/ws/ros2_pupil_neon/install/tobii_glasses_pkg/lib/python3.8/site-packages/tobii_glasses_pkg/__init__.py'...
[0.388s] Listing '/root/ws/ros2_pupil_neon/install/tobii_glasses_pkg/lib/python3.8/site-packages/tobii_glasses_pkg/msg'...
[0.389s] Compiling '/root/ws/ros2_pupil_neon/install/tobii_glasses_pkg/lib/python3.8/site-packages/tobii_glasses_pkg/msg/__init__.py'...
[0.389s] Compiling '/root/ws/ros2_pupil_neon/install/tobii_glasses_pkg/lib/python3.8/site-packages/tobii_glasses_pkg/msg/_eye_data.py'...
[0.389s] Compiling '/root/ws/ros2_pupil_neon/install/tobii_glasses_pkg/lib/python3.8/site-packages/tobii_glasses_pkg/msg/_tobii_glasses.py'...
[0.392s] -- Up-to-date: /root/ws/ros2_pupil_neon/install/tobii_glasses_pkg/lib/tobii_glasses_pkg/tobii_glasses.py
[0.392s] -- Up-to-date: /root/ws/ros2_pupil_neon/install/tobii_glasses_pkg/lib/tobii_glasses_pkg/frame_publisher.py
[0.392s] -- Up-to-date: /root/ws/ros2_pupil_neon/install/tobii_glasses_pkg/share/ament_index/resource_index/rosidl_interfaces/tobii_glasses_pkg
[0.392s] -- Up-to-date: /root/ws/ros2_pupil_neon/install/tobii_glasses_pkg/include/tobii_glasses_pkg
[0.392s] -- Up-to-date: /root/ws/ros2_pupil_neon/install/tobii_glasses_pkg/include/tobii_glasses_pkg/msg
[0.392s] -- Up-to-date: /root/ws/ros2_pupil_neon/install/tobii_glasses_pkg/include/tobii_glasses_pkg/msg/eye_data.h
[0.392s] -- Up-to-date: /root/ws/ros2_pupil_neon/install/tobii_glasses_pkg/include/tobii_glasses_pkg/msg/tobii_glasses.h
[0.392s] -- Up-to-date: /root/ws/ros2_pupil_neon/install/tobii_glasses_pkg/include/tobii_glasses_pkg/msg/rosidl_generator_c__visibility_control.h
[0.392s] -- Up-to-date: /root/ws/ros2_pupil_neon/install/tobii_glasses_pkg/include/tobii_glasses_pkg/msg/detail
[0.392s] -- Up-to-date: /root/ws/ros2_pupil_neon/install/tobii_glasses_pkg/include/tobii_glasses_pkg/msg/detail/eye_data__struct.h
[0.392s] -- Up-to-date: /root/ws/ros2_pupil_neon/install/tobii_glasses_pkg/include/tobii_glasses_pkg/msg/detail/eye_data__type_support.h
[0.392s] -- Up-to-date: /root/ws/ros2_pupil_neon/install/tobii_glasses_pkg/include/tobii_glasses_pkg/msg/detail/tobii_glasses__functions.h
[0.393s] -- Up-to-date: /root/ws/ros2_pupil_neon/install/tobii_glasses_pkg/include/tobii_glasses_pkg/msg/detail/tobii_glasses__type_support.h
[0.393s] -- Up-to-date: /root/ws/ros2_pupil_neon/install/tobii_glasses_pkg/include/tobii_glasses_pkg/msg/detail/tobii_glasses__functions.c
[0.393s] -- Up-to-date: /root/ws/ros2_pupil_neon/install/tobii_glasses_pkg/include/tobii_glasses_pkg/msg/detail/tobii_glasses__struct.h
[0.393s] -- Up-to-date: /root/ws/ros2_pupil_neon/install/tobii_glasses_pkg/include/tobii_glasses_pkg/msg/detail/eye_data__functions.c
[0.393s] -- Up-to-date: /root/ws/ros2_pupil_neon/install/tobii_glasses_pkg/include/tobii_glasses_pkg/msg/detail/eye_data__functions.h
[0.393s] -- Up-to-date: /root/ws/ros2_pupil_neon/install/tobii_glasses_pkg/share/tobii_glasses_pkg/environment/library_path.sh
[0.393s] -- Up-to-date: /root/ws/ros2_pupil_neon/install/tobii_glasses_pkg/share/tobii_glasses_pkg/environment/library_path.dsv
[0.393s] -- Up-to-date: /root/ws/ros2_pupil_neon/install/tobii_glasses_pkg/lib/libtobii_glasses_pkg__rosidl_generator_c.so
[0.393s] -- Up-to-date: /root/ws/ros2_pupil_neon/install/tobii_glasses_pkg/include/tobii_glasses_pkg
[0.393s] -- Up-to-date: /root/ws/ros2_pupil_neon/install/tobii_glasses_pkg/include/tobii_glasses_pkg/msg
[0.393s] -- Up-to-date: /root/ws/ros2_pupil_neon/install/tobii_glasses_pkg/include/tobii_glasses_pkg/msg/rosidl_typesupport_fastrtps_c__visibility_control.h
[0.393s] -- Up-to-date: /root/ws/ros2_pupil_neon/install/tobii_glasses_pkg/include/tobii_glasses_pkg/msg/detail
[0.393s] -- Up-to-date: /root/ws/ros2_pupil_neon/install/tobii_glasses_pkg/include/tobii_glasses_pkg/msg/detail/eye_data__rosidl_typesupport_fastrtps_c.h
[0.393s] -- Up-to-date: /root/ws/ros2_pupil_neon/install/tobii_glasses_pkg/include/tobii_glasses_pkg/msg/detail/tobii_glasses__rosidl_typesupport_fastrtps_c.h
[0.394s] -- Up-to-date: /root/ws/ros2_pupil_neon/install/tobii_glasses_pkg/lib/libtobii_glasses_pkg__rosidl_typesupport_fastrtps_c.so
[0.394s] -- Up-to-date: /root/ws/ros2_pupil_neon/install/tobii_glasses_pkg/include/tobii_glasses_pkg
[0.394s] -- Up-to-date: /root/ws/ros2_pupil_neon/install/tobii_glasses_pkg/include/tobii_glasses_pkg/msg
[0.394s] -- Up-to-date: /root/ws/ros2_pupil_neon/install/tobii_glasses_pkg/include/tobii_glasses_pkg/msg/rosidl_typesupport_fastrtps_cpp__visibility_control.h
[0.394s] -- Up-to-date: /root/ws/ros2_pupil_neon/install/tobii_glasses_pkg/include/tobii_glasses_pkg/msg/detail
[0.394s] -- Up-to-date: /root/ws/ros2_pupil_neon/install/tobii_glasses_pkg/include/tobii_glasses_pkg/msg/detail/tobii_glasses__rosidl_typesupport_fastrtps_cpp.hpp
[0.394s] -- Up-to-date: /root/ws/ros2_pupil_neon/install/tobii_glasses_pkg/include/tobii_glasses_pkg/msg/detail/eye_data__rosidl_typesupport_fastrtps_cpp.hpp
[0.394s] -- Up-to-date: /root/ws/ros2_pupil_neon/install/tobii_glasses_pkg/include/tobii_glasses_pkg/msg/detail/dds_fastrtps
[0.395s] -- Up-to-date: /root/ws/ros2_pupil_neon/install/tobii_glasses_pkg/lib/libtobii_glasses_pkg__rosidl_typesupport_fastrtps_cpp.so
[0.395s] -- Up-to-date: /root/ws/ros2_pupil_neon/install/tobii_glasses_pkg/include/tobii_glasses_pkg
[0.395s] -- Up-to-date: /root/ws/ros2_pupil_neon/install/tobii_glasses_pkg/include/tobii_glasses_pkg/msg
[0.395s] -- Up-to-date: /root/ws/ros2_pupil_neon/install/tobii_glasses_pkg/include/tobii_glasses_pkg/msg/rosidl_typesupport_introspection_c__visibility_control.h
[0.395s] -- Up-to-date: /root/ws/ros2_pupil_neon/install/tobii_glasses_pkg/include/tobii_glasses_pkg/msg/detail
[0.395s] -- Up-to-date: /root/ws/ros2_pupil_neon/install/tobii_glasses_pkg/include/tobii_glasses_pkg/msg/detail/eye_data__rosidl_typesupport_introspection_c.h
[0.395s] -- Up-to-date: /root/ws/ros2_pupil_neon/install/tobii_glasses_pkg/include/tobii_glasses_pkg/msg/detail/tobii_glasses__type_support.c
[0.395s] -- Up-to-date: /root/ws/ros2_pupil_neon/install/tobii_glasses_pkg/include/tobii_glasses_pkg/msg/detail/tobii_glasses__rosidl_typesupport_introspection_c.h
[0.395s] -- Up-to-date: /root/ws/ros2_pupil_neon/install/tobii_glasses_pkg/include/tobii_glasses_pkg/msg/detail/eye_data__type_support.c
[0.395s] -- Up-to-date: /root/ws/ros2_pupil_neon/install/tobii_glasses_pkg/lib/libtobii_glasses_pkg__rosidl_typesupport_introspection_c.so
[0.396s] -- Up-to-date: /root/ws/ros2_pupil_neon/install/tobii_glasses_pkg/lib/libtobii_glasses_pkg__rosidl_typesupport_c.so
[0.396s] -- Up-to-date: /root/ws/ros2_pupil_neon/install/tobii_glasses_pkg/include/tobii_glasses_pkg
[0.397s] -- Up-to-date: /root/ws/ros2_pupil_neon/install/tobii_glasses_pkg/include/tobii_glasses_pkg/msg
[0.397s] -- Up-to-date: /root/ws/ros2_pupil_neon/install/tobii_glasses_pkg/include/tobii_glasses_pkg/msg/rosidl_generator_cpp__visibility_control.hpp
[0.397s] -- Up-to-date: /root/ws/ros2_pupil_neon/install/tobii_glasses_pkg/include/tobii_glasses_pkg/msg/tobii_glasses.hpp
[0.397s] -- Up-to-date: /root/ws/ros2_pupil_neon/install/tobii_glasses_pkg/include/tobii_glasses_pkg/msg/eye_data.hpp
[0.397s] -- Up-to-date: /root/ws/ros2_pupil_neon/install/tobii_glasses_pkg/include/tobii_glasses_pkg/msg/detail
[0.397s] -- Up-to-date: /root/ws/ros2_pupil_neon/install/tobii_glasses_pkg/include/tobii_glasses_pkg/msg/detail/tobii_glasses__builder.hpp
[0.397s] -- Up-to-date: /root/ws/ros2_pupil_neon/install/tobii_glasses_pkg/include/tobii_glasses_pkg/msg/detail/eye_data__builder.hpp
[0.397s] -- Up-to-date: /root/ws/ros2_pupil_neon/install/tobii_glasses_pkg/include/tobii_glasses_pkg/msg/detail/tobii_glasses__traits.hpp
[0.398s] -- Up-to-date: /root/ws/ros2_pupil_neon/install/tobii_glasses_pkg/include/tobii_glasses_pkg/msg/detail/eye_data__type_support.hpp
[0.398s] -- Up-to-date: /root/ws/ros2_pupil_neon/install/tobii_glasses_pkg/include/tobii_glasses_pkg/msg/detail/eye_data__traits.hpp
[0.398s] -- Up-to-date: /root/ws/ros2_pupil_neon/install/tobii_glasses_pkg/include/tobii_glasses_pkg/msg/detail/eye_data__struct.hpp
[0.398s] -- Up-to-date: /root/ws/ros2_pupil_neon/install/tobii_glasses_pkg/include/tobii_glasses_pkg/msg/detail/tobii_glasses__struct.hpp
[0.398s] -- Up-to-date: /root/ws/ros2_pupil_neon/install/tobii_glasses_pkg/include/tobii_glasses_pkg/msg/detail/tobii_glasses__type_support.hpp
[0.398s] -- Up-to-date: /root/ws/ros2_pupil_neon/install/tobii_glasses_pkg/include/tobii_glasses_pkg
[0.398s] -- Up-to-date: /root/ws/ros2_pupil_neon/install/tobii_glasses_pkg/include/tobii_glasses_pkg/msg
[0.398s] -- Up-to-date: /root/ws/ros2_pupil_neon/install/tobii_glasses_pkg/include/tobii_glasses_pkg/msg/detail
[0.398s] -- Up-to-date: /root/ws/ros2_pupil_neon/install/tobii_glasses_pkg/include/tobii_glasses_pkg/msg/detail/tobii_glasses__rosidl_typesupport_introspection_cpp.hpp
[0.399s] -- Up-to-date: /root/ws/ros2_pupil_neon/install/tobii_glasses_pkg/include/tobii_glasses_pkg/msg/detail/eye_data__rosidl_typesupport_introspection_cpp.hpp
[0.399s] -- Up-to-date: /root/ws/ros2_pupil_neon/install/tobii_glasses_pkg/include/tobii_glasses_pkg/msg/detail/eye_data__type_support.cpp
[0.399s] -- Up-to-date: /root/ws/ros2_pupil_neon/install/tobii_glasses_pkg/include/tobii_glasses_pkg/msg/detail/tobii_glasses__type_support.cpp
[0.399s] -- Up-to-date: /root/ws/ros2_pupil_neon/install/tobii_glasses_pkg/lib/libtobii_glasses_pkg__rosidl_typesupport_introspection_cpp.so
[0.399s] -- Up-to-date: /root/ws/ros2_pupil_neon/install/tobii_glasses_pkg/lib/libtobii_glasses_pkg__rosidl_typesupport_cpp.so
[0.399s] -- Installing: /root/ws/ros2_pupil_neon/install/tobii_glasses_pkg/lib/python3.8/site-packages/tobii_glasses_pkg/__init__.py
[0.422s] Compiling '/root/ws/ros2_pupil_neon/install/tobii_glasses_pkg/lib/python3.8/site-packages/tobii_glasses_pkg/__init__.py'...
[0.425s] -- Up-to-date: /root/ws/ros2_pupil_neon/install/tobii_glasses_pkg/lib/python3.8/site-packages/tobii_glasses_pkg/msg
[0.425s] -- Up-to-date: /root/ws/ros2_pupil_neon/install/tobii_glasses_pkg/lib/python3.8/site-packages/tobii_glasses_pkg/msg/_eye_data_s.c
[0.425s] -- Up-to-date: /root/ws/ros2_pupil_neon/install/tobii_glasses_pkg/lib/python3.8/site-packages/tobii_glasses_pkg/msg/_tobii_glasses.py
[0.425s] -- Up-to-date: /root/ws/ros2_pupil_neon/install/tobii_glasses_pkg/lib/python3.8/site-packages/tobii_glasses_pkg/msg/__init__.py
[0.425s] -- Up-to-date: /root/ws/ros2_pupil_neon/install/tobii_glasses_pkg/lib/python3.8/site-packages/tobii_glasses_pkg/msg/_tobii_glasses_s.c
[0.425s] -- Up-to-date: /root/ws/ros2_pupil_neon/install/tobii_glasses_pkg/lib/python3.8/site-packages/tobii_glasses_pkg/msg/_eye_data.py
[0.426s] -- Up-to-date: /root/ws/ros2_pupil_neon/install/tobii_glasses_pkg/lib/python3.8/site-packages/tobii_glasses_pkg/tobii_glasses_pkg_s__rosidl_typesupport_fastrtps_c.cpython-38-x86_64-linux-gnu.so
[0.426s] -- Up-to-date: /root/ws/ros2_pupil_neon/install/tobii_glasses_pkg/lib/python3.8/site-packages/tobii_glasses_pkg/tobii_glasses_pkg_s__rosidl_typesupport_introspection_c.cpython-38-x86_64-linux-gnu.so
[0.427s] -- Up-to-date: /root/ws/ros2_pupil_neon/install/tobii_glasses_pkg/lib/python3.8/site-packages/tobii_glasses_pkg/tobii_glasses_pkg_s__rosidl_typesupport_c.cpython-38-x86_64-linux-gnu.so
[0.428s] -- Up-to-date: /root/ws/ros2_pupil_neon/install/tobii_glasses_pkg/lib/libtobii_glasses_pkg__python.so
[0.428s] -- Up-to-date: /root/ws/ros2_pupil_neon/install/tobii_glasses_pkg/share/tobii_glasses_pkg/msg/TobiiGlasses.idl
[0.428s] -- Up-to-date: /root/ws/ros2_pupil_neon/install/tobii_glasses_pkg/share/tobii_glasses_pkg/msg/EyeData.idl
[0.428s] -- Up-to-date: /root/ws/ros2_pupil_neon/install/tobii_glasses_pkg/share/tobii_glasses_pkg/msg/TobiiGlasses.msg
[0.428s] -- Up-to-date: /root/ws/ros2_pupil_neon/install/tobii_glasses_pkg/share/tobii_glasses_pkg/msg/EyeData.msg
[0.429s] -- Up-to-date: /root/ws/ros2_pupil_neon/install/tobii_glasses_pkg/share/ament_index/resource_index/package_run_dependencies/tobii_glasses_pkg
[0.429s] -- Up-to-date: /root/ws/ros2_pupil_neon/install/tobii_glasses_pkg/share/ament_index/resource_index/parent_prefix_path/tobii_glasses_pkg
[0.429s] -- Up-to-date: /root/ws/ros2_pupil_neon/install/tobii_glasses_pkg/share/tobii_glasses_pkg/environment/ament_prefix_path.sh
[0.429s] -- Up-to-date: /root/ws/ros2_pupil_neon/install/tobii_glasses_pkg/share/tobii_glasses_pkg/environment/ament_prefix_path.dsv
[0.429s] -- Up-to-date: /root/ws/ros2_pupil_neon/install/tobii_glasses_pkg/share/tobii_glasses_pkg/environment/path.sh
[0.429s] -- Up-to-date: /root/ws/ros2_pupil_neon/install/tobii_glasses_pkg/share/tobii_glasses_pkg/environment/path.dsv
[0.429s] -- Up-to-date: /root/ws/ros2_pupil_neon/install/tobii_glasses_pkg/share/tobii_glasses_pkg/local_setup.bash
[0.429s] -- Up-to-date: /root/ws/ros2_pupil_neon/install/tobii_glasses_pkg/share/tobii_glasses_pkg/local_setup.sh
[0.429s] -- Up-to-date: /root/ws/ros2_pupil_neon/install/tobii_glasses_pkg/share/tobii_glasses_pkg/local_setup.zsh
[0.429s] -- Up-to-date: /root/ws/ros2_pupil_neon/install/tobii_glasses_pkg/share/tobii_glasses_pkg/local_setup.dsv
[0.429s] -- Installing: /root/ws/ros2_pupil_neon/install/tobii_glasses_pkg/share/tobii_glasses_pkg/package.dsv
[0.429s] -- Up-to-date: /root/ws/ros2_pupil_neon/install/tobii_glasses_pkg/share/ament_index/resource_index/packages/tobii_glasses_pkg
[0.430s] -- Up-to-date: /root/ws/ros2_pupil_neon/install/tobii_glasses_pkg/share/tobii_glasses_pkg/cmake/tobii_glasses_pkg__rosidl_generator_cExport.cmake
[0.430s] -- Up-to-date: /root/ws/ros2_pupil_neon/install/tobii_glasses_pkg/share/tobii_glasses_pkg/cmake/tobii_glasses_pkg__rosidl_generator_cExport-noconfig.cmake
[0.430s] -- Up-to-date: /root/ws/ros2_pupil_neon/install/tobii_glasses_pkg/share/tobii_glasses_pkg/cmake/tobii_glasses_pkg__rosidl_typesupport_introspection_cExport.cmake
[0.430s] -- Up-to-date: /root/ws/ros2_pupil_neon/install/tobii_glasses_pkg/share/tobii_glasses_pkg/cmake/tobii_glasses_pkg__rosidl_typesupport_introspection_cExport-noconfig.cmake
[0.431s] -- Up-to-date: /root/ws/ros2_pupil_neon/install/tobii_glasses_pkg/share/tobii_glasses_pkg/cmake/tobii_glasses_pkg__rosidl_typesupport_cExport.cmake
[0.431s] -- Up-to-date: /root/ws/ros2_pupil_neon/install/tobii_glasses_pkg/share/tobii_glasses_pkg/cmake/tobii_glasses_pkg__rosidl_typesupport_cExport-noconfig.cmake
[0.431s] -- Up-to-date: /root/ws/ros2_pupil_neon/install/tobii_glasses_pkg/share/tobii_glasses_pkg/cmake/tobii_glasses_pkg__rosidl_generator_cppExport.cmake
[0.431s] -- Up-to-date: /root/ws/ros2_pupil_neon/install/tobii_glasses_pkg/share/tobii_glasses_pkg/cmake/tobii_glasses_pkg__rosidl_typesupport_introspection_cppExport.cmake
[0.431s] -- Up-to-date: /root/ws/ros2_pupil_neon/install/tobii_glasses_pkg/share/tobii_glasses_pkg/cmake/tobii_glasses_pkg__rosidl_typesupport_introspection_cppExport-noconfig.cmake
[0.432s] -- Up-to-date: /root/ws/ros2_pupil_neon/install/tobii_glasses_pkg/share/tobii_glasses_pkg/cmake/tobii_glasses_pkg__rosidl_typesupport_cppExport.cmake
[0.432s] -- Up-to-date: /root/ws/ros2_pupil_neon/install/tobii_glasses_pkg/share/tobii_glasses_pkg/cmake/tobii_glasses_pkg__rosidl_typesupport_cppExport-noconfig.cmake
[0.432s] -- Up-to-date: /root/ws/ros2_pupil_neon/install/tobii_glasses_pkg/share/tobii_glasses_pkg/cmake/rosidl_cmake-extras.cmake
[0.432s] -- Up-to-date: /root/ws/ros2_pupil_neon/install/tobii_glasses_pkg/share/tobii_glasses_pkg/cmake/ament_cmake_export_dependencies-extras.cmake
[0.432s] -- Up-to-date: /root/ws/ros2_pupil_neon/install/tobii_glasses_pkg/share/tobii_glasses_pkg/cmake/ament_cmake_export_libraries-extras.cmake
[0.432s] -- Up-to-date: /root/ws/ros2_pupil_neon/install/tobii_glasses_pkg/share/tobii_glasses_pkg/cmake/ament_cmake_export_targets-extras.cmake
[0.432s] -- Up-to-date: /root/ws/ros2_pupil_neon/install/tobii_glasses_pkg/share/tobii_glasses_pkg/cmake/ament_cmake_export_include_directories-extras.cmake
[0.432s] -- Up-to-date: /root/ws/ros2_pupil_neon/install/tobii_glasses_pkg/share/tobii_glasses_pkg/cmake/rosidl_cmake_export_typesupport_libraries-extras.cmake
[0.433s] -- Up-to-date: /root/ws/ros2_pupil_neon/install/tobii_glasses_pkg/share/tobii_glasses_pkg/cmake/rosidl_cmake_export_typesupport_targets-extras.cmake
[0.433s] -- Up-to-date: /root/ws/ros2_pupil_neon/install/tobii_glasses_pkg/share/tobii_glasses_pkg/cmake/tobii_glasses_pkgConfig.cmake
[0.433s] -- Up-to-date: /root/ws/ros2_pupil_neon/install/tobii_glasses_pkg/share/tobii_glasses_pkg/cmake/tobii_glasses_pkgConfig-version.cmake
[0.433s] -- Up-to-date: /root/ws/ros2_pupil_neon/install/tobii_glasses_pkg/share/tobii_glasses_pkg/package.xml
[0.435s] Invoked command in '/root/ws/ros2_pupil_neon/build/tobii_glasses_pkg' returned '0': CMAKE_PREFIX_PATH=/opt/ros/foxy /usr/bin/cmake --install /root/ws/ros2_pupil_neon/build/tobii_glasses_pkg
