-- Install configuration: ""
-- Up-to-date: /root/ws/ros2_pupil_neon/install/pupil_neon_pkg/share/pupil_neon_pkg//launch
-- Up-to-date: /root/ws/ros2_pupil_neon/install/pupil_neon_pkg/share/pupil_neon_pkg//launch/ros2_pupil_emulator.launch.py
-- Up-to-date: /root/ws/ros2_pupil_neon/install/pupil_neon_pkg/share/pupil_neon_pkg//launch/ros2_pupil.launch.py
-- Up-to-date: /root/ws/ros2_pupil_neon/install/pupil_neon_pkg/share/pupil_neon_pkg/environment/pythonpath.sh
-- Up-to-date: /root/ws/ros2_pupil_neon/install/pupil_neon_pkg/share/pupil_neon_pkg/environment/pythonpath.dsv
-- Up-to-date: /root/ws/ros2_pupil_neon/install/pupil_neon_pkg/lib/python3.8/site-packages/pupil_neon_pkg
-- Up-to-date: /root/ws/ros2_pupil_neon/install/pupil_neon_pkg/lib/python3.8/site-packages/pupil_neon_pkg/pupil_publisher.py
-- Up-to-date: /root/ws/ros2_pupil_neon/install/pupil_neon_pkg/lib/python3.8/site-packages/pupil_neon_pkg/__init__.py
Listing '/root/ws/ros2_pupil_neon/install/pupil_neon_pkg/lib/python3.8/site-packages/pupil_neon_pkg'...
-- Up-to-date: /root/ws/ros2_pupil_neon/install/pupil_neon_pkg/lib/pupil_neon_pkg/pupil_publisher.py
-- Up-to-date: /root/ws/ros2_pupil_neon/install/pupil_neon_pkg/lib/pupil_neon_pkg/frame_publisher.py
-- Installing: /root/ws/ros2_pupil_neon/install/pupil_neon_pkg/lib/pupil_neon_pkg/emulator_publisher.py
-- Up-to-date: /root/ws/ros2_pupil_neon/install/pupil_neon_pkg/share/ament_index/resource_index/package_run_dependencies/pupil_neon_pkg
-- Up-to-date: /root/ws/ros2_pupil_neon/install/pupil_neon_pkg/share/ament_index/resource_index/parent_prefix_path/pupil_neon_pkg
-- Up-to-date: /root/ws/ros2_pupil_neon/install/pupil_neon_pkg/share/pupil_neon_pkg/environment/ament_prefix_path.sh
-- Up-to-date: /root/ws/ros2_pupil_neon/install/pupil_neon_pkg/share/pupil_neon_pkg/environment/ament_prefix_path.dsv
-- Up-to-date: /root/ws/ros2_pupil_neon/install/pupil_neon_pkg/share/pupil_neon_pkg/environment/path.sh
-- Up-to-date: /root/ws/ros2_pupil_neon/install/pupil_neon_pkg/share/pupil_neon_pkg/environment/path.dsv
-- Up-to-date: /root/ws/ros2_pupil_neon/install/pupil_neon_pkg/share/pupil_neon_pkg/local_setup.bash
-- Up-to-date: /root/ws/ros2_pupil_neon/install/pupil_neon_pkg/share/pupil_neon_pkg/local_setup.sh
-- Up-to-date: /root/ws/ros2_pupil_neon/install/pupil_neon_pkg/share/pupil_neon_pkg/local_setup.zsh
-- Up-to-date: /root/ws/ros2_pupil_neon/install/pupil_neon_pkg/share/pupil_neon_pkg/local_setup.dsv
-- Installing: /root/ws/ros2_pupil_neon/install/pupil_neon_pkg/share/pupil_neon_pkg/package.dsv
-- Up-to-date: /root/ws/ros2_pupil_neon/install/pupil_neon_pkg/share/ament_index/resource_index/packages/pupil_neon_pkg
-- Up-to-date: /root/ws/ros2_pupil_neon/install/pupil_neon_pkg/share/pupil_neon_pkg/cmake/pupil_neon_pkgConfig.cmake
-- Up-to-date: /root/ws/ros2_pupil_neon/install/pupil_neon_pkg/share/pupil_neon_pkg/cmake/pupil_neon_pkgConfig-version.cmake
-- Up-to-date: /root/ws/ros2_pupil_neon/install/pupil_neon_pkg/share/pupil_neon_pkg/package.xml
