[0.014s] Invoking command in '/root/ws/ros2_pupil_neon/build/pupil_neon_pkg': CMAKE_PREFIX_PATH=${CMAKE_PREFIX_PATH}:/opt/ros/foxy /usr/bin/cmake --build /root/ws/ros2_pupil_neon/build/pupil_neon_pkg -- -j12 -l12
[0.037s] -- Found ament_cmake: 0.9.12 (/opt/ros/foxy/share/ament_cmake/cmake)
[0.055s] -- Using PYTHON_EXECUTABLE: /usr/bin/python3
[0.170s] -- Found rclpy: 1.0.13 (/opt/ros/foxy/share/rclpy/cmake)
[0.170s] -- Found std_msgs: 2.0.5 (/opt/ros/foxy/share/std_msgs/cmake)
[0.185s] -- Using all available rosidl_typesupport_c: rosidl_typesupport_fastrtps_c;rosidl_typesupport_introspection_c
[0.188s] -- Found rosidl_adapter: 1.3.1 (/opt/ros/foxy/share/rosidl_adapter/cmake)
[0.278s] -- Using all available rosidl_typesupport_cpp: rosidl_typesupport_fastrtps_cpp;rosidl_typesupport_introspection_cpp
[0.315s] -- Found sensor_msgs: 2.0.5 (/opt/ros/foxy/share/sensor_msgs/cmake)
[0.413s] -- Found cv_bridge: 3.0.7 (/opt/ros/foxy/share/cv_bridge/cmake)
[0.435s] -- Found rosidl_default_generators: 1.0.1 (/opt/ros/foxy/share/rosidl_default_generators/cmake)
[0.444s] -- Found ament_lint_auto: 0.9.8 (/opt/ros/foxy/share/ament_lint_auto/cmake)
[0.496s] -- Added test 'copyright' to check source files copyright and LICENSE
[0.534s] -- Added test 'cppcheck' to perform static code analysis on C / C++ code
[0.534s] -- Configured cppcheck include dirs: 
[0.534s] -- Configured cppcheck exclude dirs and/or files: 
[0.571s] -- Added test 'cpplint' to check C / C++ code against the Google style
[0.571s] -- Configured cpplint exclude dirs and/or files: 
[0.575s] -- Added test 'flake8' to check Python code syntax and style conventions
[0.584s] -- Added test 'lint_cmake' to check CMake code style
[0.589s] -- Added test 'pep257' to check Python code against some of the style conventions in PEP 257
[0.629s] -- Added test 'uncrustify' to check C / C++ code style
[0.629s] -- Configured uncrustify additional arguments: 
[0.631s] -- Added test 'xmllint' to check XML markup files
[0.633s] -- Configuring done
[0.635s] -- Generating done
[0.636s] -- Build files have been written to: /root/ws/ros2_pupil_neon/build/pupil_neon_pkg
[0.657s] Invoked command in '/root/ws/ros2_pupil_neon/build/pupil_neon_pkg' returned '0': CMAKE_PREFIX_PATH=${CMAKE_PREFIX_PATH}:/opt/ros/foxy /usr/bin/cmake --build /root/ws/ros2_pupil_neon/build/pupil_neon_pkg -- -j12 -l12
[0.686s] Invoking command in '/root/ws/ros2_pupil_neon/build/pupil_neon_pkg': CMAKE_PREFIX_PATH=${CMAKE_PREFIX_PATH}:/opt/ros/foxy /usr/bin/cmake --install /root/ws/ros2_pupil_neon/build/pupil_neon_pkg
[0.694s] -- Install configuration: ""
[0.694s] -- Up-to-date: /root/ws/ros2_pupil_neon/install/pupil_neon_pkg/share/pupil_neon_pkg//launch
[0.694s] -- Up-to-date: /root/ws/ros2_pupil_neon/install/pupil_neon_pkg/share/pupil_neon_pkg//launch/ros2_pupil_emulator.launch.py
[0.694s] -- Up-to-date: /root/ws/ros2_pupil_neon/install/pupil_neon_pkg/share/pupil_neon_pkg//launch/ros2_pupil.launch.py
[0.694s] -- Installing: /root/ws/ros2_pupil_neon/install/pupil_neon_pkg/share/pupil_neon_pkg/config
[0.694s] -- Installing: /root/ws/ros2_pupil_neon/install/pupil_neon_pkg/share/pupil_neon_pkg/config/params.yaml
[0.694s] -- Up-to-date: /root/ws/ros2_pupil_neon/install/pupil_neon_pkg/share/pupil_neon_pkg/environment/pythonpath.sh
[0.694s] -- Installing: /root/ws/ros2_pupil_neon/install/pupil_neon_pkg/share/pupil_neon_pkg/environment/pythonpath.dsv
[0.694s] -- Up-to-date: /root/ws/ros2_pupil_neon/install/pupil_neon_pkg/lib/python3.8/site-packages/pupil_neon_pkg
[0.694s] -- Up-to-date: /root/ws/ros2_pupil_neon/install/pupil_neon_pkg/lib/python3.8/site-packages/pupil_neon_pkg/pupil_publisher.py
[0.695s] -- Up-to-date: /root/ws/ros2_pupil_neon/install/pupil_neon_pkg/lib/python3.8/site-packages/pupil_neon_pkg/__init__.py
[0.718s] Listing '/root/ws/ros2_pupil_neon/install/pupil_neon_pkg/lib/python3.8/site-packages/pupil_neon_pkg'...
[0.722s] -- Up-to-date: /root/ws/ros2_pupil_neon/install/pupil_neon_pkg/lib/pupil_neon_pkg/pupil_publisher.py
[0.722s] -- Up-to-date: /root/ws/ros2_pupil_neon/install/pupil_neon_pkg/lib/pupil_neon_pkg/frame_publisher.py
[0.722s] -- Up-to-date: /root/ws/ros2_pupil_neon/install/pupil_neon_pkg/lib/pupil_neon_pkg/emulator_publisher.py
[0.722s] -- Up-to-date: /root/ws/ros2_pupil_neon/install/pupil_neon_pkg/share/ament_index/resource_index/package_run_dependencies/pupil_neon_pkg
[0.722s] -- Up-to-date: /root/ws/ros2_pupil_neon/install/pupil_neon_pkg/share/ament_index/resource_index/parent_prefix_path/pupil_neon_pkg
[0.722s] -- Up-to-date: /root/ws/ros2_pupil_neon/install/pupil_neon_pkg/share/pupil_neon_pkg/environment/ament_prefix_path.sh
[0.722s] -- Installing: /root/ws/ros2_pupil_neon/install/pupil_neon_pkg/share/pupil_neon_pkg/environment/ament_prefix_path.dsv
[0.723s] -- Up-to-date: /root/ws/ros2_pupil_neon/install/pupil_neon_pkg/share/pupil_neon_pkg/environment/path.sh
[0.723s] -- Installing: /root/ws/ros2_pupil_neon/install/pupil_neon_pkg/share/pupil_neon_pkg/environment/path.dsv
[0.723s] -- Up-to-date: /root/ws/ros2_pupil_neon/install/pupil_neon_pkg/share/pupil_neon_pkg/local_setup.bash
[0.723s] -- Up-to-date: /root/ws/ros2_pupil_neon/install/pupil_neon_pkg/share/pupil_neon_pkg/local_setup.sh
[0.723s] -- Up-to-date: /root/ws/ros2_pupil_neon/install/pupil_neon_pkg/share/pupil_neon_pkg/local_setup.zsh
[0.723s] -- Installing: /root/ws/ros2_pupil_neon/install/pupil_neon_pkg/share/pupil_neon_pkg/local_setup.dsv
[0.723s] -- Installing: /root/ws/ros2_pupil_neon/install/pupil_neon_pkg/share/pupil_neon_pkg/package.dsv
[0.723s] -- Up-to-date: /root/ws/ros2_pupil_neon/install/pupil_neon_pkg/share/ament_index/resource_index/packages/pupil_neon_pkg
[0.723s] -- Up-to-date: /root/ws/ros2_pupil_neon/install/pupil_neon_pkg/share/pupil_neon_pkg/cmake/pupil_neon_pkgConfig.cmake
[0.723s] -- Up-to-date: /root/ws/ros2_pupil_neon/install/pupil_neon_pkg/share/pupil_neon_pkg/cmake/pupil_neon_pkgConfig-version.cmake
[0.723s] -- Up-to-date: /root/ws/ros2_pupil_neon/install/pupil_neon_pkg/share/pupil_neon_pkg/package.xml
[0.725s] Invoked command in '/root/ws/ros2_pupil_neon/build/pupil_neon_pkg' returned '0': CMAKE_PREFIX_PATH=${CMAKE_PREFIX_PATH}:/opt/ros/foxy /usr/bin/cmake --install /root/ws/ros2_pupil_neon/build/pupil_neon_pkg
