[0.231s] DEBUG:colcon:Command line arguments: ['/usr/bin/colcon', 'build']
[0.231s] DEBUG:colcon:Parsed command line arguments: Namespace(ament_cmake_args=None, base_paths=['.'], build_base='build', catkin_cmake_args=None, catkin_skip_building_tests=False, cmake_args=None, cmake_clean_cache=False, cmake_clean_first=False, cmake_force_configure=False, cmake_target=None, cmake_target_skip_unavailable=False, continue_on_error=False, event_handlers=None, executor='parallel', ignore_user_meta=False, install_base='install', log_base=None, log_level=None, main=<bound method BuildVerb.main of <colcon_core.verb.build.BuildVerb object at 0x7f2d71d85fd0>>, merge_install=False, metas=['./colcon.meta'], mixin=None, mixin_files=None, mixin_verb=('build',), packages_above=None, packages_above_and_dependencies=None, packages_above_depth=None, packages_end=None, packages_ignore=None, packages_ignore_regex=None, packages_select=None, packages_select_build_failed=False, packages_select_by_dep=None, packages_select_regex=None, packages_select_test_failures=False, packages_skip=None, packages_skip_build_finished=False, packages_skip_by_dep=None, packages_skip_regex=None, packages_skip_test_passed=False, packages_skip_up_to=None, packages_start=None, packages_up_to=None, packages_up_to_regex=None, parallel_workers=12, paths=None, symlink_install=False, test_result_base=None, verb_extension=<colcon_core.verb.build.BuildVerb object at 0x7f2d71d85fd0>, verb_name='build', verb_parser=<colcon_mixin.mixin.mixin_argument.MixinArgumentDecorator object at 0x7f2d71d12520>)
[0.253s] Level 1:colcon.colcon_core.package_discovery:discover_packages(colcon_meta) check parameters
[0.254s] INFO:colcon.colcon_metadata.package_discovery.colcon_meta:Using configuration from '/root/.colcon/metadata/default/Gazebo.meta'
[0.254s] INFO:colcon.colcon_metadata.package_discovery.colcon_meta:Using configuration from '/root/.colcon/metadata/default/fastrtps.meta'
[0.254s] Level 1:colcon.colcon_core.package_discovery:discover_packages(recursive) check parameters
[0.254s] Level 1:colcon.colcon_core.package_discovery:discover_packages(ignore) check parameters
[0.254s] Level 1:colcon.colcon_core.package_discovery:discover_packages(path) check parameters
[0.254s] Level 1:colcon.colcon_core.package_discovery:discover_packages(colcon_meta) discover
[0.254s] Level 1:colcon.colcon_core.package_discovery:discover_packages(recursive) discover
[0.254s] INFO:colcon.colcon_core.package_discovery:Crawling recursively for packages in '/root/ws/ros2_pupil_neon'
[0.254s] Level 1:colcon.colcon_core.package_identification:_identify(.) by extensions ['ignore', 'ignore_ament_install']
[0.254s] Level 1:colcon.colcon_core.package_identification:_identify(.) by extension 'ignore'
[0.254s] Level 1:colcon.colcon_core.package_identification:_identify(.) by extension 'ignore_ament_install'
[0.254s] Level 1:colcon.colcon_core.package_identification:_identify(.) by extensions ['colcon_pkg']
[0.255s] Level 1:colcon.colcon_core.package_identification:_identify(.) by extension 'colcon_pkg'
[0.255s] Level 1:colcon.colcon_core.package_identification:_identify(.) by extensions ['colcon_meta']
[0.255s] Level 1:colcon.colcon_core.package_identification:_identify(.) by extension 'colcon_meta'
[0.255s] Level 1:colcon.colcon_core.package_identification:_identify(.) by extensions ['ros']
[0.255s] Level 1:colcon.colcon_core.package_identification:_identify(.) by extension 'ros'
[0.272s] DEBUG:colcon.colcon_core.package_identification:Package '.' with type 'ros.ament_cmake' and name 'pupil_neon_pkg'
[0.272s] Level 1:colcon.colcon_core.package_discovery:discover_packages(recursive) using defaults
[0.272s] Level 1:colcon.colcon_core.package_discovery:discover_packages(ignore) discover
[0.272s] Level 1:colcon.colcon_core.package_discovery:discover_packages(ignore) using defaults
[0.272s] Level 1:colcon.colcon_core.package_discovery:discover_packages(path) discover
[0.272s] Level 1:colcon.colcon_core.package_discovery:discover_packages(path) using defaults
[0.288s] Level 5:colcon.colcon_core.verb:set package 'pupil_neon_pkg' build argument 'cmake_args' from command line to 'None'
[0.288s] Level 5:colcon.colcon_core.verb:set package 'pupil_neon_pkg' build argument 'cmake_target' from command line to 'None'
[0.288s] Level 5:colcon.colcon_core.verb:set package 'pupil_neon_pkg' build argument 'cmake_target_skip_unavailable' from command line to 'False'
[0.288s] Level 5:colcon.colcon_core.verb:set package 'pupil_neon_pkg' build argument 'cmake_clean_cache' from command line to 'False'
[0.288s] Level 5:colcon.colcon_core.verb:set package 'pupil_neon_pkg' build argument 'cmake_clean_first' from command line to 'False'
[0.288s] Level 5:colcon.colcon_core.verb:set package 'pupil_neon_pkg' build argument 'cmake_force_configure' from command line to 'False'
[0.288s] Level 5:colcon.colcon_core.verb:set package 'pupil_neon_pkg' build argument 'ament_cmake_args' from command line to 'None'
[0.288s] Level 5:colcon.colcon_core.verb:set package 'pupil_neon_pkg' build argument 'catkin_cmake_args' from command line to 'None'
[0.288s] Level 5:colcon.colcon_core.verb:set package 'pupil_neon_pkg' build argument 'catkin_skip_building_tests' from command line to 'False'
[0.288s] DEBUG:colcon.colcon_core.verb:Building package 'pupil_neon_pkg' with the following arguments: {'ament_cmake_args': None, 'build_base': '/root/ws/ros2_pupil_neon/build/pupil_neon_pkg', 'catkin_cmake_args': None, 'catkin_skip_building_tests': False, 'cmake_args': None, 'cmake_clean_cache': False, 'cmake_clean_first': False, 'cmake_force_configure': False, 'cmake_target': None, 'cmake_target_skip_unavailable': False, 'install_base': '/root/ws/ros2_pupil_neon/install/pupil_neon_pkg', 'merge_install': False, 'path': '/root/ws/ros2_pupil_neon', 'symlink_install': False, 'test_result_base': None}
[0.289s] INFO:colcon.colcon_core.executor:Executing jobs using 'parallel' executor
[0.291s] DEBUG:colcon.colcon_parallel_executor.executor.parallel:run_until_complete
[0.292s] INFO:colcon.colcon_ros.task.ament_cmake.build:Building ROS package in '/root/ws/ros2_pupil_neon' with build type 'ament_cmake'
[0.292s] INFO:colcon.colcon_cmake.task.cmake.build:Building CMake package in '/root/ws/ros2_pupil_neon'
[0.295s] INFO:colcon.colcon_core.plugin_system:Skipping extension 'colcon_core.shell.bat': Not used on non-Windows systems
[0.296s] INFO:colcon.colcon_core.shell:Skip shell extension 'powershell' for command environment: Not usable outside of PowerShell
[0.296s] DEBUG:colcon.colcon_core.shell:Skip shell extension 'dsv' for command environment
[0.305s] DEBUG:colcon.colcon_core.event_handler.log_command:Invoking command in '/root/ws/ros2_pupil_neon/build/pupil_neon_pkg': CMAKE_PREFIX_PATH=${CMAKE_PREFIX_PATH}:/opt/ros/foxy /usr/bin/cmake --build /root/ws/ros2_pupil_neon/build/pupil_neon_pkg -- -j12 -l12
[0.344s] DEBUG:colcon.colcon_core.event_handler.log_command:Invoked command in '/root/ws/ros2_pupil_neon/build/pupil_neon_pkg' returned '0': CMAKE_PREFIX_PATH=${CMAKE_PREFIX_PATH}:/opt/ros/foxy /usr/bin/cmake --build /root/ws/ros2_pupil_neon/build/pupil_neon_pkg -- -j12 -l12
[0.374s] DEBUG:colcon.colcon_core.event_handler.log_command:Invoking command in '/root/ws/ros2_pupil_neon/build/pupil_neon_pkg': CMAKE_PREFIX_PATH=${CMAKE_PREFIX_PATH}:/opt/ros/foxy /usr/bin/cmake --install /root/ws/ros2_pupil_neon/build/pupil_neon_pkg
[0.414s] Level 1:colcon.colcon_core.environment:create_environment_scripts_only(pupil_neon_pkg)
[0.415s] DEBUG:colcon.colcon_core.event_handler.log_command:Invoked command in '/root/ws/ros2_pupil_neon/build/pupil_neon_pkg' returned '0': CMAKE_PREFIX_PATH=${CMAKE_PREFIX_PATH}:/opt/ros/foxy /usr/bin/cmake --install /root/ws/ros2_pupil_neon/build/pupil_neon_pkg
[0.419s] Level 1:colcon.colcon_core.environment:checking '/root/ws/ros2_pupil_neon/install/pupil_neon_pkg' for CMake module files
[0.420s] Level 1:colcon.colcon_core.environment:checking '/root/ws/ros2_pupil_neon/install/pupil_neon_pkg' for CMake config files
[0.420s] Level 1:colcon.colcon_core.shell:create_environment_hook('pupil_neon_pkg', 'cmake_prefix_path')
[0.421s] INFO:colcon.colcon_core.shell:Creating environment hook '/root/ws/ros2_pupil_neon/install/pupil_neon_pkg/share/pupil_neon_pkg/hook/cmake_prefix_path.ps1'
[0.422s] INFO:colcon.colcon_core.shell:Creating environment descriptor '/root/ws/ros2_pupil_neon/install/pupil_neon_pkg/share/pupil_neon_pkg/hook/cmake_prefix_path.dsv'
[0.422s] INFO:colcon.colcon_core.shell:Creating environment hook '/root/ws/ros2_pupil_neon/install/pupil_neon_pkg/share/pupil_neon_pkg/hook/cmake_prefix_path.sh'
[0.423s] Level 1:colcon.colcon_core.environment:checking '/root/ws/ros2_pupil_neon/install/pupil_neon_pkg/lib'
[0.423s] Level 1:colcon.colcon_core.environment:checking '/root/ws/ros2_pupil_neon/install/pupil_neon_pkg/bin'
[0.423s] Level 1:colcon.colcon_core.environment:checking '/root/ws/ros2_pupil_neon/install/pupil_neon_pkg/lib/pkgconfig/pupil_neon_pkg.pc'
[0.424s] Level 1:colcon.colcon_core.environment:checking '/root/ws/ros2_pupil_neon/install/pupil_neon_pkg/lib/python3.8/site-packages'
[0.424s] Level 1:colcon.colcon_core.shell:create_environment_hook('pupil_neon_pkg', 'pythonpath')
[0.425s] INFO:colcon.colcon_core.shell:Creating environment hook '/root/ws/ros2_pupil_neon/install/pupil_neon_pkg/share/pupil_neon_pkg/hook/pythonpath.ps1'
[0.425s] INFO:colcon.colcon_core.shell:Creating environment descriptor '/root/ws/ros2_pupil_neon/install/pupil_neon_pkg/share/pupil_neon_pkg/hook/pythonpath.dsv'
[0.426s] INFO:colcon.colcon_core.shell:Creating environment hook '/root/ws/ros2_pupil_neon/install/pupil_neon_pkg/share/pupil_neon_pkg/hook/pythonpath.sh'
[0.426s] Level 1:colcon.colcon_core.environment:checking '/root/ws/ros2_pupil_neon/install/pupil_neon_pkg/bin'
[0.428s] INFO:colcon.colcon_core.shell:Creating package script '/root/ws/ros2_pupil_neon/install/pupil_neon_pkg/share/pupil_neon_pkg/package.ps1'
[0.428s] INFO:colcon.colcon_core.shell:Creating package descriptor '/root/ws/ros2_pupil_neon/install/pupil_neon_pkg/share/pupil_neon_pkg/package.dsv'
[0.429s] INFO:colcon.colcon_core.shell:Creating package script '/root/ws/ros2_pupil_neon/install/pupil_neon_pkg/share/pupil_neon_pkg/package.sh'
[0.429s] INFO:colcon.colcon_core.shell:Creating package script '/root/ws/ros2_pupil_neon/install/pupil_neon_pkg/share/pupil_neon_pkg/package.bash'
[0.430s] INFO:colcon.colcon_core.shell:Creating package script '/root/ws/ros2_pupil_neon/install/pupil_neon_pkg/share/pupil_neon_pkg/package.zsh'
[0.430s] Level 1:colcon.colcon_core.environment:create_file_with_runtime_dependencies(/root/ws/ros2_pupil_neon/install/pupil_neon_pkg/share/colcon-core/packages/pupil_neon_pkg)
[0.451s] Level 1:colcon.colcon_core.environment:create_environment_scripts_only(pupil_neon_pkg)
[0.452s] Level 1:colcon.colcon_core.environment:checking '/root/ws/ros2_pupil_neon/install/pupil_neon_pkg' for CMake module files
[0.453s] Level 1:colcon.colcon_core.environment:checking '/root/ws/ros2_pupil_neon/install/pupil_neon_pkg' for CMake config files
[0.453s] Level 1:colcon.colcon_core.shell:create_environment_hook('pupil_neon_pkg', 'cmake_prefix_path')
[0.454s] INFO:colcon.colcon_core.shell:Creating environment hook '/root/ws/ros2_pupil_neon/install/pupil_neon_pkg/share/pupil_neon_pkg/hook/cmake_prefix_path.ps1'
[0.455s] INFO:colcon.colcon_core.shell:Creating environment descriptor '/root/ws/ros2_pupil_neon/install/pupil_neon_pkg/share/pupil_neon_pkg/hook/cmake_prefix_path.dsv'
[0.455s] INFO:colcon.colcon_core.shell:Creating environment hook '/root/ws/ros2_pupil_neon/install/pupil_neon_pkg/share/pupil_neon_pkg/hook/cmake_prefix_path.sh'
[0.455s] Level 1:colcon.colcon_core.environment:checking '/root/ws/ros2_pupil_neon/install/pupil_neon_pkg/lib'
[0.456s] Level 1:colcon.colcon_core.environment:checking '/root/ws/ros2_pupil_neon/install/pupil_neon_pkg/bin'
[0.456s] Level 1:colcon.colcon_core.environment:checking '/root/ws/ros2_pupil_neon/install/pupil_neon_pkg/lib/pkgconfig/pupil_neon_pkg.pc'
[0.456s] Level 1:colcon.colcon_core.environment:checking '/root/ws/ros2_pupil_neon/install/pupil_neon_pkg/lib/python3.8/site-packages'
[0.456s] Level 1:colcon.colcon_core.shell:create_environment_hook('pupil_neon_pkg', 'pythonpath')
[0.457s] INFO:colcon.colcon_core.shell:Creating environment hook '/root/ws/ros2_pupil_neon/install/pupil_neon_pkg/share/pupil_neon_pkg/hook/pythonpath.ps1'
[0.457s] INFO:colcon.colcon_core.shell:Creating environment descriptor '/root/ws/ros2_pupil_neon/install/pupil_neon_pkg/share/pupil_neon_pkg/hook/pythonpath.dsv'
[0.458s] INFO:colcon.colcon_core.shell:Creating environment hook '/root/ws/ros2_pupil_neon/install/pupil_neon_pkg/share/pupil_neon_pkg/hook/pythonpath.sh'
[0.458s] Level 1:colcon.colcon_core.environment:checking '/root/ws/ros2_pupil_neon/install/pupil_neon_pkg/bin'
[0.459s] INFO:colcon.colcon_core.shell:Creating package script '/root/ws/ros2_pupil_neon/install/pupil_neon_pkg/share/pupil_neon_pkg/package.ps1'
[0.459s] INFO:colcon.colcon_core.shell:Creating package descriptor '/root/ws/ros2_pupil_neon/install/pupil_neon_pkg/share/pupil_neon_pkg/package.dsv'
[0.460s] INFO:colcon.colcon_core.shell:Creating package script '/root/ws/ros2_pupil_neon/install/pupil_neon_pkg/share/pupil_neon_pkg/package.sh'
[0.460s] INFO:colcon.colcon_core.shell:Creating package script '/root/ws/ros2_pupil_neon/install/pupil_neon_pkg/share/pupil_neon_pkg/package.bash'
[0.460s] INFO:colcon.colcon_core.shell:Creating package script '/root/ws/ros2_pupil_neon/install/pupil_neon_pkg/share/pupil_neon_pkg/package.zsh'
[0.461s] Level 1:colcon.colcon_core.environment:create_file_with_runtime_dependencies(/root/ws/ros2_pupil_neon/install/pupil_neon_pkg/share/colcon-core/packages/pupil_neon_pkg)
[0.461s] DEBUG:colcon.colcon_parallel_executor.executor.parallel:closing loop
[0.461s] DEBUG:colcon.colcon_parallel_executor.executor.parallel:loop closed
[0.462s] DEBUG:colcon.colcon_parallel_executor.executor.parallel:run_until_complete finished with '0'
[0.462s] DEBUG:colcon.colcon_core.event_reactor:joining thread
[0.466s] INFO:colcon.colcon_core.plugin_system:Skipping extension 'colcon_notification.desktop_notification.notify_send': Could not find 'notify-send'
[0.466s] INFO:colcon.colcon_core.plugin_system:Skipping extension 'colcon_notification.desktop_notification.terminal_notifier': Not used on non-Darwin systems
[0.466s] INFO:colcon.colcon_core.plugin_system:Skipping extension 'colcon_notification.desktop_notification.win32': Not used on non-Windows systems
[0.466s] INFO:colcon.colcon_notification.desktop_notification:Sending desktop notification using 'notify2'
[0.467s] DEBUG:colcon.colcon_notification.desktop_notification.notify2:Failed to initialize notify2: org.freedesktop.DBus.Error.Spawn.ExecFailed: /usr/bin/dbus-launch terminated abnormally without any error message
[0.468s] DEBUG:colcon.colcon_core.event_reactor:joined thread
[0.469s] INFO:colcon.colcon_core.shell:Creating prefix script '/root/ws/ros2_pupil_neon/install/local_setup.ps1'
[0.470s] INFO:colcon.colcon_core.shell:Creating prefix util module '/root/ws/ros2_pupil_neon/install/_local_setup_util_ps1.py'
[0.471s] INFO:colcon.colcon_core.shell:Creating prefix chain script '/root/ws/ros2_pupil_neon/install/setup.ps1'
[0.472s] INFO:colcon.colcon_core.shell:Creating prefix script '/root/ws/ros2_pupil_neon/install/local_setup.sh'
[0.472s] INFO:colcon.colcon_core.shell:Creating prefix util module '/root/ws/ros2_pupil_neon/install/_local_setup_util_sh.py'
[0.473s] INFO:colcon.colcon_core.shell:Creating prefix chain script '/root/ws/ros2_pupil_neon/install/setup.sh'
[0.474s] INFO:colcon.colcon_core.shell:Creating prefix script '/root/ws/ros2_pupil_neon/install/local_setup.bash'
[0.474s] INFO:colcon.colcon_core.shell:Creating prefix chain script '/root/ws/ros2_pupil_neon/install/setup.bash'
[0.475s] INFO:colcon.colcon_core.shell:Creating prefix script '/root/ws/ros2_pupil_neon/install/local_setup.zsh'
[0.476s] INFO:colcon.colcon_core.shell:Creating prefix chain script '/root/ws/ros2_pupil_neon/install/setup.zsh'
