[0.033s] Invoking command in '/root/ws/ros2_pupil_neon/build/pupil_neon_pkg': CMAKE_PREFIX_PATH=/opt/ros/humble /usr/bin/cmake --build /root/ws/ros2_pupil_neon/build/pupil_neon_pkg -- -j12 -l12
[0.056s] -- Found ament_cmake: 1.3.5 (/opt/ros/humble/share/ament_cmake/cmake)
[0.172s] -- Found rclpy: 3.3.10 (/opt/ros/humble/share/rclpy/cmake)
[0.172s] -- Found std_msgs: 4.2.3 (/opt/ros/humble/share/std_msgs/cmake)
[0.191s] -- Found rosidl_generator_c: 3.1.5 (/opt/ros/humble/share/rosidl_generator_c/cmake)
[0.193s] -- Found rosidl_adapter: 3.1.5 (/opt/ros/humble/share/rosidl_adapter/cmake)
[0.201s] -- Found rosidl_generator_cpp: 3.1.5 (/opt/ros/humble/share/rosidl_generator_cpp/cmake)
[0.211s] -- Using all available rosidl_typesupport_c: rosidl_typesupport_fastrtps_c;rosidl_typesupport_introspection_c
[0.224s] -- Using all available rosidl_typesupport_cpp: rosidl_typesupport_fastrtps_cpp;rosidl_typesupport_introspection_cpp
[0.277s] -- Found sensor_msgs: 4.2.3 (/opt/ros/humble/share/sensor_msgs/cmake)
[0.391s] -- Found cv_bridge: 3.2.1 (/opt/ros/humble/share/cv_bridge/cmake)
[0.403s] -- Found rosidl_default_generators: 1.2.0 (/opt/ros/humble/share/rosidl_default_generators/cmake)
[0.462s] -- Found ament_lint_auto: 0.12.8 (/opt/ros/humble/share/ament_lint_auto/cmake)
[0.527s] -- Added test 'copyright' to check source files copyright and LICENSE
[0.601s] -- Added test 'cppcheck' to perform static code analysis on C / C++ code
[0.601s] -- Configured cppcheck include dirs: 
[0.601s] -- Configured cppcheck exclude dirs and/or files: 
[0.667s] -- Added test 'cpplint' to check C / C++ code against the Google style
[0.667s] -- Configured cpplint exclude dirs and/or files: 
[0.676s] -- Added test 'flake8' to check Python code syntax and style conventions
[0.693s] -- Added test 'lint_cmake' to check CMake code style
[0.701s] -- Added test 'pep257' to check Python code against some of the docstring style conventions in PEP 257
[0.768s] -- Added test 'uncrustify' to check C / C++ code style
[0.768s] -- Configured uncrustify additional arguments: 
[0.777s] -- Added test 'xmllint' to check XML markup files
[0.779s] -- Configuring done
[0.784s] -- Generating done
[0.786s] -- Build files have been written to: /root/ws/ros2_pupil_neon/build/pupil_neon_pkg
[0.817s] Built target ament_cmake_python_copy_pupil_neon_pkg
[0.978s] running egg_info
[0.979s] writing pupil_neon_pkg.egg-info/PKG-INFO
[0.979s] writing dependency_links to pupil_neon_pkg.egg-info/dependency_links.txt
[0.979s] writing top-level names to pupil_neon_pkg.egg-info/top_level.txt
[0.981s] reading manifest file 'pupil_neon_pkg.egg-info/SOURCES.txt'
[0.982s] writing manifest file 'pupil_neon_pkg.egg-info/SOURCES.txt'
[1.003s] Built target ament_cmake_python_build_pupil_neon_pkg_egg
[1.012s] Invoked command in '/root/ws/ros2_pupil_neon/build/pupil_neon_pkg' returned '0': CMAKE_PREFIX_PATH=/opt/ros/humble /usr/bin/cmake --build /root/ws/ros2_pupil_neon/build/pupil_neon_pkg -- -j12 -l12
[1.036s] Invoking command in '/root/ws/ros2_pupil_neon/build/pupil_neon_pkg': CMAKE_PREFIX_PATH=/opt/ros/humble /usr/bin/cmake --install /root/ws/ros2_pupil_neon/build/pupil_neon_pkg
[1.042s] -- Install configuration: ""
[1.042s] -- Up-to-date: /root/ws/ros2_pupil_neon/install/pupil_neon_pkg/share/pupil_neon_pkg//launch
[1.042s] -- Up-to-date: /root/ws/ros2_pupil_neon/install/pupil_neon_pkg/share/pupil_neon_pkg//launch/emulator_pupil.launch.py
[1.042s] -- Up-to-date: /root/ws/ros2_pupil_neon/install/pupil_neon_pkg/share/pupil_neon_pkg//launch/pupil.launch.py
[1.042s] -- Up-to-date: /root/ws/ros2_pupil_neon/install/pupil_neon_pkg/share/pupil_neon_pkg/config
[1.042s] -- Installing: /root/ws/ros2_pupil_neon/install/pupil_neon_pkg/share/pupil_neon_pkg/config/params.yaml
[1.042s] -- Up-to-date: /root/ws/ros2_pupil_neon/install/pupil_neon_pkg/share/pupil_neon_pkg/environment/pythonpath.sh
[1.042s] -- Installing: /root/ws/ros2_pupil_neon/install/pupil_neon_pkg/share/pupil_neon_pkg/environment/pythonpath.dsv
[1.042s] -- Up-to-date: /root/ws/ros2_pupil_neon/install/pupil_neon_pkg/lib/python3.8/site-packages/pupil_neon_pkg-1.0.0-py3.10.egg-info
[1.042s] -- Installing: /root/ws/ros2_pupil_neon/install/pupil_neon_pkg/lib/python3.8/site-packages/pupil_neon_pkg-1.0.0-py3.10.egg-info/top_level.txt
[1.042s] -- Installing: /root/ws/ros2_pupil_neon/install/pupil_neon_pkg/lib/python3.8/site-packages/pupil_neon_pkg-1.0.0-py3.10.egg-info/SOURCES.txt
[1.042s] -- Installing: /root/ws/ros2_pupil_neon/install/pupil_neon_pkg/lib/python3.8/site-packages/pupil_neon_pkg-1.0.0-py3.10.egg-info/dependency_links.txt
[1.042s] -- Installing: /root/ws/ros2_pupil_neon/install/pupil_neon_pkg/lib/python3.8/site-packages/pupil_neon_pkg-1.0.0-py3.10.egg-info/PKG-INFO
[1.042s] -- Up-to-date: /root/ws/ros2_pupil_neon/install/pupil_neon_pkg/lib/python3.8/site-packages/pupil_neon_pkg
[1.043s] -- Up-to-date: /root/ws/ros2_pupil_neon/install/pupil_neon_pkg/lib/python3.8/site-packages/pupil_neon_pkg/ehhpupil_publisher.py
[1.043s] -- Up-to-date: /root/ws/ros2_pupil_neon/install/pupil_neon_pkg/lib/python3.8/site-packages/pupil_neon_pkg/__init__.py
[1.067s] Listing '/root/ws/ros2_pupil_neon/install/pupil_neon_pkg/lib/python3.8/site-packages/pupil_neon_pkg'...
[1.071s] -- Installing: /root/ws/ros2_pupil_neon/install/pupil_neon_pkg/lib/pupil_neon_pkg/pupil_publisher.py
[1.071s] -- Up-to-date: /root/ws/ros2_pupil_neon/install/pupil_neon_pkg/lib/pupil_neon_pkg/frame_publisher.py
[1.071s] -- Up-to-date: /root/ws/ros2_pupil_neon/install/pupil_neon_pkg/lib/pupil_neon_pkg/emulator_publisher.py
[1.071s] -- Up-to-date: /root/ws/ros2_pupil_neon/install/pupil_neon_pkg/share/ament_index/resource_index/package_run_dependencies/pupil_neon_pkg
[1.071s] -- Up-to-date: /root/ws/ros2_pupil_neon/install/pupil_neon_pkg/share/ament_index/resource_index/parent_prefix_path/pupil_neon_pkg
[1.071s] -- Up-to-date: /root/ws/ros2_pupil_neon/install/pupil_neon_pkg/share/pupil_neon_pkg/environment/ament_prefix_path.sh
[1.071s] -- Installing: /root/ws/ros2_pupil_neon/install/pupil_neon_pkg/share/pupil_neon_pkg/environment/ament_prefix_path.dsv
[1.071s] -- Up-to-date: /root/ws/ros2_pupil_neon/install/pupil_neon_pkg/share/pupil_neon_pkg/environment/path.sh
[1.071s] -- Installing: /root/ws/ros2_pupil_neon/install/pupil_neon_pkg/share/pupil_neon_pkg/environment/path.dsv
[1.071s] -- Up-to-date: /root/ws/ros2_pupil_neon/install/pupil_neon_pkg/share/pupil_neon_pkg/local_setup.bash
[1.071s] -- Up-to-date: /root/ws/ros2_pupil_neon/install/pupil_neon_pkg/share/pupil_neon_pkg/local_setup.sh
[1.071s] -- Up-to-date: /root/ws/ros2_pupil_neon/install/pupil_neon_pkg/share/pupil_neon_pkg/local_setup.zsh
[1.072s] -- Installing: /root/ws/ros2_pupil_neon/install/pupil_neon_pkg/share/pupil_neon_pkg/local_setup.dsv
[1.072s] -- Installing: /root/ws/ros2_pupil_neon/install/pupil_neon_pkg/share/pupil_neon_pkg/package.dsv
[1.072s] -- Up-to-date: /root/ws/ros2_pupil_neon/install/pupil_neon_pkg/share/ament_index/resource_index/packages/pupil_neon_pkg
[1.072s] -- Up-to-date: /root/ws/ros2_pupil_neon/install/pupil_neon_pkg/share/pupil_neon_pkg/cmake/pupil_neon_pkgConfig.cmake
[1.072s] -- Up-to-date: /root/ws/ros2_pupil_neon/install/pupil_neon_pkg/share/pupil_neon_pkg/cmake/pupil_neon_pkgConfig-version.cmake
[1.072s] -- Up-to-date: /root/ws/ros2_pupil_neon/install/pupil_neon_pkg/share/pupil_neon_pkg/package.xml
[1.073s] Invoked command in '/root/ws/ros2_pupil_neon/build/pupil_neon_pkg' returned '0': CMAKE_PREFIX_PATH=/opt/ros/humble /usr/bin/cmake --install /root/ws/ros2_pupil_neon/build/pupil_neon_pkg
