[0.779s] DEBUG:colcon:Command line arguments: ['/usr/bin/colcon', 'build']
[0.779s] DEBUG:colcon:Parsed command line arguments: Namespace(log_base=None, log_level=None, verb_name='build', build_base='build', install_base='install', merge_install=False, symlink_install=False, test_result_base=None, continue_on_error=False, executor='parallel', parallel_workers=12, event_handlers=None, ignore_user_meta=False, metas=['./colcon.meta'], base_paths=['.'], packages_ignore=None, packages_ignore_regex=None, paths=None, packages_up_to=None, packages_up_to_regex=None, packages_above=None, packages_above_and_dependencies=None, packages_above_depth=None, packages_select_by_dep=None, packages_skip_by_dep=None, packages_skip_up_to=None, packages_select_build_failed=False, packages_skip_build_finished=False, packages_select_test_failures=False, packages_skip_test_passed=False, packages_select=None, packages_skip=None, packages_select_regex=None, packages_skip_regex=None, packages_start=None, packages_end=None, cmake_args=None, cmake_target=None, cmake_target_skip_unavailable=False, cmake_clean_cache=False, cmake_clean_first=False, cmake_force_configure=False, ament_cmake_args=None, catkin_cmake_args=None, catkin_skip_building_tests=False, mixin_files=None, mixin=None, verb_parser=<colcon_mixin.mixin.mixin_argument.MixinArgumentDecorator object at 0x7f6c892f8b50>, verb_extension=<colcon_core.verb.build.BuildVerb object at 0x7f6c892f8a30>, main=<bound method BuildVerb.main of <colcon_core.verb.build.BuildVerb object at 0x7f6c892f8a30>>, mixin_verb=('build',))
[0.813s] Level 1:colcon.colcon_core.package_discovery:discover_packages(colcon_meta) check parameters
[0.814s] INFO:colcon.colcon_metadata.package_discovery.colcon_meta:Using configuration from '/root/.colcon/metadata/default/Gazebo.meta'
[0.814s] INFO:colcon.colcon_metadata.package_discovery.colcon_meta:Using configuration from '/root/.colcon/metadata/default/fastrtps.meta'
[0.814s] Level 1:colcon.colcon_core.package_discovery:discover_packages(recursive) check parameters
[0.815s] Level 1:colcon.colcon_core.package_discovery:discover_packages(ignore) check parameters
[0.815s] Level 1:colcon.colcon_core.package_discovery:discover_packages(path) check parameters
[0.815s] Level 1:colcon.colcon_core.package_discovery:discover_packages(colcon_meta) discover
[0.815s] Level 1:colcon.colcon_core.package_discovery:discover_packages(recursive) discover
[0.815s] INFO:colcon.colcon_core.package_discovery:Crawling recursively for packages in '/root/ws/ros2_pupil_neon'
[0.815s] Level 1:colcon.colcon_core.package_identification:_identify(.) by extensions ['ignore', 'ignore_ament_install']
[0.815s] Level 1:colcon.colcon_core.package_identification:_identify(.) by extension 'ignore'
[0.815s] Level 1:colcon.colcon_core.package_identification:_identify(.) by extension 'ignore_ament_install'
[0.815s] Level 1:colcon.colcon_core.package_identification:_identify(.) by extensions ['colcon_pkg']
[0.815s] Level 1:colcon.colcon_core.package_identification:_identify(.) by extension 'colcon_pkg'
[0.815s] Level 1:colcon.colcon_core.package_identification:_identify(.) by extensions ['colcon_meta']
[0.815s] Level 1:colcon.colcon_core.package_identification:_identify(.) by extension 'colcon_meta'
[0.815s] Level 1:colcon.colcon_core.package_identification:_identify(.) by extensions ['ros']
[0.815s] Level 1:colcon.colcon_core.package_identification:_identify(.) by extension 'ros'
[0.826s] DEBUG:colcon.colcon_core.package_identification:Package '.' with type 'ros.ament_cmake' and name 'pupil_neon_pkg'
[0.826s] Level 1:colcon.colcon_core.package_discovery:discover_packages(recursive) using defaults
[0.826s] Level 1:colcon.colcon_core.package_discovery:discover_packages(ignore) discover
[0.826s] Level 1:colcon.colcon_core.package_discovery:discover_packages(ignore) using defaults
[0.826s] Level 1:colcon.colcon_core.package_discovery:discover_packages(path) discover
[0.826s] Level 1:colcon.colcon_core.package_discovery:discover_packages(path) using defaults
[0.876s] Level 5:colcon.colcon_core.verb:set package 'pupil_neon_pkg' build argument 'cmake_args' from command line to 'None'
[0.876s] Level 5:colcon.colcon_core.verb:set package 'pupil_neon_pkg' build argument 'cmake_target' from command line to 'None'
[0.876s] Level 5:colcon.colcon_core.verb:set package 'pupil_neon_pkg' build argument 'cmake_target_skip_unavailable' from command line to 'False'
[0.876s] Level 5:colcon.colcon_core.verb:set package 'pupil_neon_pkg' build argument 'cmake_clean_cache' from command line to 'False'
[0.876s] Level 5:colcon.colcon_core.verb:set package 'pupil_neon_pkg' build argument 'cmake_clean_first' from command line to 'False'
[0.876s] Level 5:colcon.colcon_core.verb:set package 'pupil_neon_pkg' build argument 'cmake_force_configure' from command line to 'False'
[0.876s] Level 5:colcon.colcon_core.verb:set package 'pupil_neon_pkg' build argument 'ament_cmake_args' from command line to 'None'
[0.876s] Level 5:colcon.colcon_core.verb:set package 'pupil_neon_pkg' build argument 'catkin_cmake_args' from command line to 'None'
[0.876s] Level 5:colcon.colcon_core.verb:set package 'pupil_neon_pkg' build argument 'catkin_skip_building_tests' from command line to 'False'
[0.876s] DEBUG:colcon.colcon_core.verb:Building package 'pupil_neon_pkg' with the following arguments: {'ament_cmake_args': None, 'build_base': '/root/ws/ros2_pupil_neon/build/pupil_neon_pkg', 'catkin_cmake_args': None, 'catkin_skip_building_tests': False, 'cmake_args': None, 'cmake_clean_cache': False, 'cmake_clean_first': False, 'cmake_force_configure': False, 'cmake_target': None, 'cmake_target_skip_unavailable': False, 'install_base': '/root/ws/ros2_pupil_neon/install/pupil_neon_pkg', 'merge_install': False, 'path': '/root/ws/ros2_pupil_neon', 'symlink_install': False, 'test_result_base': None}
[0.884s] INFO:colcon.colcon_core.executor:Executing jobs using 'parallel' executor
[0.893s] DEBUG:colcon.colcon_parallel_executor.executor.parallel:run_until_complete
[0.893s] INFO:colcon.colcon_ros.task.ament_cmake.build:Building ROS package in '/root/ws/ros2_pupil_neon' with build type 'ament_cmake'
[0.893s] INFO:colcon.colcon_cmake.task.cmake.build:Building CMake package in '/root/ws/ros2_pupil_neon'
[0.905s] INFO:colcon.colcon_core.plugin_system:Skipping extension 'colcon_core.shell.bat': Not used on non-Windows systems
[0.905s] INFO:colcon.colcon_core.shell:Skip shell extension 'powershell' for command environment: Not usable outside of PowerShell
[0.905s] DEBUG:colcon.colcon_core.shell:Skip shell extension 'dsv' for command environment
[0.941s] DEBUG:colcon.colcon_core.event_handler.log_command:Invoking command in '/root/ws/ros2_pupil_neon/build/pupil_neon_pkg': CMAKE_PREFIX_PATH=${CMAKE_PREFIX_PATH}:/opt/ros/humble /usr/bin/cmake --build /root/ws/ros2_pupil_neon/build/pupil_neon_pkg -- -j12 -l12
[1.174s] DEBUG:colcon.colcon_core.event_handler.log_command:Invoked command in '/root/ws/ros2_pupil_neon/build/pupil_neon_pkg' returned '0': CMAKE_PREFIX_PATH=${CMAKE_PREFIX_PATH}:/opt/ros/humble /usr/bin/cmake --build /root/ws/ros2_pupil_neon/build/pupil_neon_pkg -- -j12 -l12
[1.198s] DEBUG:colcon.colcon_core.event_handler.log_command:Invoking command in '/root/ws/ros2_pupil_neon/build/pupil_neon_pkg': CMAKE_PREFIX_PATH=${CMAKE_PREFIX_PATH}:/opt/ros/humble /usr/bin/cmake --install /root/ws/ros2_pupil_neon/build/pupil_neon_pkg
[1.235s] Level 1:colcon.colcon_core.environment:create_environment_scripts_only(pupil_neon_pkg)
[1.236s] DEBUG:colcon.colcon_core.event_handler.log_command:Invoked command in '/root/ws/ros2_pupil_neon/build/pupil_neon_pkg' returned '0': CMAKE_PREFIX_PATH=${CMAKE_PREFIX_PATH}:/opt/ros/humble /usr/bin/cmake --install /root/ws/ros2_pupil_neon/build/pupil_neon_pkg
[1.247s] Level 1:colcon.colcon_core.environment:checking '/root/ws/ros2_pupil_neon/install/pupil_neon_pkg' for CMake module files
[1.247s] Level 1:colcon.colcon_core.environment:checking '/root/ws/ros2_pupil_neon/install/pupil_neon_pkg' for CMake config files
[1.248s] Level 1:colcon.colcon_core.shell:create_environment_hook('pupil_neon_pkg', 'cmake_prefix_path')
[1.256s] INFO:colcon.colcon_core.shell:Creating environment hook '/root/ws/ros2_pupil_neon/install/pupil_neon_pkg/share/pupil_neon_pkg/hook/cmake_prefix_path.ps1'
[1.257s] INFO:colcon.colcon_core.shell:Creating environment descriptor '/root/ws/ros2_pupil_neon/install/pupil_neon_pkg/share/pupil_neon_pkg/hook/cmake_prefix_path.dsv'
[1.257s] INFO:colcon.colcon_core.shell:Creating environment hook '/root/ws/ros2_pupil_neon/install/pupil_neon_pkg/share/pupil_neon_pkg/hook/cmake_prefix_path.sh'
[1.258s] Level 1:colcon.colcon_core.environment:checking '/root/ws/ros2_pupil_neon/install/pupil_neon_pkg/lib'
[1.258s] Level 1:colcon.colcon_core.environment:checking '/root/ws/ros2_pupil_neon/install/pupil_neon_pkg/bin'
[1.258s] Level 1:colcon.colcon_core.environment:checking '/root/ws/ros2_pupil_neon/install/pupil_neon_pkg/lib/pkgconfig/pupil_neon_pkg.pc'
[1.259s] Level 1:colcon.colcon_core.environment:checking '/root/ws/ros2_pupil_neon/install/pupil_neon_pkg/lib/python3.10/site-packages'
[1.259s] Level 1:colcon.colcon_core.environment:checking '/root/ws/ros2_pupil_neon/install/pupil_neon_pkg/bin'
[1.268s] INFO:colcon.colcon_core.shell:Creating package script '/root/ws/ros2_pupil_neon/install/pupil_neon_pkg/share/pupil_neon_pkg/package.ps1'
[1.269s] INFO:colcon.colcon_core.shell:Creating package descriptor '/root/ws/ros2_pupil_neon/install/pupil_neon_pkg/share/pupil_neon_pkg/package.dsv'
[1.269s] INFO:colcon.colcon_core.shell:Creating package script '/root/ws/ros2_pupil_neon/install/pupil_neon_pkg/share/pupil_neon_pkg/package.sh'
[1.270s] INFO:colcon.colcon_core.shell:Creating package script '/root/ws/ros2_pupil_neon/install/pupil_neon_pkg/share/pupil_neon_pkg/package.bash'
[1.270s] INFO:colcon.colcon_core.shell:Creating package script '/root/ws/ros2_pupil_neon/install/pupil_neon_pkg/share/pupil_neon_pkg/package.zsh'
[1.271s] Level 1:colcon.colcon_core.environment:create_file_with_runtime_dependencies(/root/ws/ros2_pupil_neon/install/pupil_neon_pkg/share/colcon-core/packages/pupil_neon_pkg)
[1.296s] Level 1:colcon.colcon_core.environment:create_environment_scripts_only(pupil_neon_pkg)
[1.304s] Level 1:colcon.colcon_core.environment:checking '/root/ws/ros2_pupil_neon/install/pupil_neon_pkg' for CMake module files
[1.305s] Level 1:colcon.colcon_core.environment:checking '/root/ws/ros2_pupil_neon/install/pupil_neon_pkg' for CMake config files
[1.305s] Level 1:colcon.colcon_core.shell:create_environment_hook('pupil_neon_pkg', 'cmake_prefix_path')
[1.314s] INFO:colcon.colcon_core.shell:Creating environment hook '/root/ws/ros2_pupil_neon/install/pupil_neon_pkg/share/pupil_neon_pkg/hook/cmake_prefix_path.ps1'
[1.314s] INFO:colcon.colcon_core.shell:Creating environment descriptor '/root/ws/ros2_pupil_neon/install/pupil_neon_pkg/share/pupil_neon_pkg/hook/cmake_prefix_path.dsv'
[1.314s] INFO:colcon.colcon_core.shell:Creating environment hook '/root/ws/ros2_pupil_neon/install/pupil_neon_pkg/share/pupil_neon_pkg/hook/cmake_prefix_path.sh'
[1.315s] Level 1:colcon.colcon_core.environment:checking '/root/ws/ros2_pupil_neon/install/pupil_neon_pkg/lib'
[1.315s] Level 1:colcon.colcon_core.environment:checking '/root/ws/ros2_pupil_neon/install/pupil_neon_pkg/bin'
[1.315s] Level 1:colcon.colcon_core.environment:checking '/root/ws/ros2_pupil_neon/install/pupil_neon_pkg/lib/pkgconfig/pupil_neon_pkg.pc'
[1.315s] Level 1:colcon.colcon_core.environment:checking '/root/ws/ros2_pupil_neon/install/pupil_neon_pkg/lib/python3.10/site-packages'
[1.315s] Level 1:colcon.colcon_core.environment:checking '/root/ws/ros2_pupil_neon/install/pupil_neon_pkg/bin'
[1.324s] INFO:colcon.colcon_core.shell:Creating package script '/root/ws/ros2_pupil_neon/install/pupil_neon_pkg/share/pupil_neon_pkg/package.ps1'
[1.324s] INFO:colcon.colcon_core.shell:Creating package descriptor '/root/ws/ros2_pupil_neon/install/pupil_neon_pkg/share/pupil_neon_pkg/package.dsv'
[1.325s] INFO:colcon.colcon_core.shell:Creating package script '/root/ws/ros2_pupil_neon/install/pupil_neon_pkg/share/pupil_neon_pkg/package.sh'
[1.325s] INFO:colcon.colcon_core.shell:Creating package script '/root/ws/ros2_pupil_neon/install/pupil_neon_pkg/share/pupil_neon_pkg/package.bash'
[1.325s] INFO:colcon.colcon_core.shell:Creating package script '/root/ws/ros2_pupil_neon/install/pupil_neon_pkg/share/pupil_neon_pkg/package.zsh'
[1.326s] Level 1:colcon.colcon_core.environment:create_file_with_runtime_dependencies(/root/ws/ros2_pupil_neon/install/pupil_neon_pkg/share/colcon-core/packages/pupil_neon_pkg)
[1.326s] DEBUG:colcon.colcon_parallel_executor.executor.parallel:closing loop
[1.326s] DEBUG:colcon.colcon_parallel_executor.executor.parallel:loop closed
[1.326s] DEBUG:colcon.colcon_parallel_executor.executor.parallel:run_until_complete finished with '0'
[1.326s] DEBUG:colcon.colcon_core.event_reactor:joining thread
[1.338s] INFO:colcon.colcon_core.plugin_system:Skipping extension 'colcon_notification.desktop_notification.notify_send': Could not find 'notify-send'
[1.338s] INFO:colcon.colcon_core.plugin_system:Skipping extension 'colcon_notification.desktop_notification.terminal_notifier': Not used on non-Darwin systems
[1.339s] INFO:colcon.colcon_core.plugin_system:Skipping extension 'colcon_notification.desktop_notification.win32': Not used on non-Windows systems
[1.339s] INFO:colcon.colcon_notification.desktop_notification:Sending desktop notification using 'notify2'
[1.340s] DEBUG:colcon.colcon_notification.desktop_notification.notify2:Failed to initialize notify2: org.freedesktop.DBus.Error.Spawn.ExecFailed: /usr/bin/dbus-launch terminated abnormally without any error message
[1.341s] DEBUG:colcon.colcon_core.event_reactor:joined thread
[1.350s] INFO:colcon.colcon_core.shell:Creating prefix script '/root/ws/ros2_pupil_neon/install/local_setup.ps1'
[1.351s] INFO:colcon.colcon_core.shell:Creating prefix util module '/root/ws/ros2_pupil_neon/install/_local_setup_util_ps1.py'
[1.352s] INFO:colcon.colcon_core.shell:Creating prefix chain script '/root/ws/ros2_pupil_neon/install/setup.ps1'
[1.361s] INFO:colcon.colcon_core.shell:Creating prefix script '/root/ws/ros2_pupil_neon/install/local_setup.sh'
[1.362s] INFO:colcon.colcon_core.shell:Creating prefix util module '/root/ws/ros2_pupil_neon/install/_local_setup_util_sh.py'
[1.362s] INFO:colcon.colcon_core.shell:Creating prefix chain script '/root/ws/ros2_pupil_neon/install/setup.sh'
[1.371s] INFO:colcon.colcon_core.shell:Creating prefix script '/root/ws/ros2_pupil_neon/install/local_setup.bash'
[1.371s] INFO:colcon.colcon_core.shell:Creating prefix chain script '/root/ws/ros2_pupil_neon/install/setup.bash'
[1.381s] INFO:colcon.colcon_core.shell:Creating prefix script '/root/ws/ros2_pupil_neon/install/local_setup.zsh'
[1.381s] INFO:colcon.colcon_core.shell:Creating prefix chain script '/root/ws/ros2_pupil_neon/install/setup.zsh'
