[0.038s] Invoking command in '/root/ws/ros2_pupil_neon/build/pupil_neon_pkg': CMAKE_PREFIX_PATH=/opt/ros/humble /usr/bin/cmake --build /root/ws/ros2_pupil_neon/build/pupil_neon_pkg -- -j12 -l12
[0.253s] -- The C compiler identification is GNU 11.4.0
[0.348s] -- The CXX compiler identification is GNU 11.4.0
[0.356s] -- Detecting C compiler ABI info
[0.364s] -- Detecting C compiler ABI info - failed
[0.364s] -- Check for working C compiler: /usr/bin/cc
[0.417s] -- Check for working C compiler: /usr/bin/cc - works
[0.417s] -- Detecting C compile features
[0.418s] -- Detecting C compile features - done
[0.421s] -- Detecting CXX compiler ABI info
[0.487s] -- Detecting CXX compiler ABI info - done
[0.494s] -- Check for working CXX compiler: /usr/bin/c++ - skipped
[0.494s] -- Detecting CXX compile features
[0.494s] -- Detecting CXX compile features - done
[0.500s] -- Found ament_cmake: 1.3.5 (/opt/ros/humble/share/ament_cmake/cmake)
[0.637s] -- Found Python3: /usr/bin/python3.10 (found version "3.10.12") found components: Interpreter 
[0.719s] -- Found rclpy: 3.3.10 (/opt/ros/humble/share/rclpy/cmake)
[0.720s] -- Found std_msgs: 4.2.3 (/opt/ros/humble/share/std_msgs/cmake)
[0.759s] -- Found rosidl_generator_c: 3.1.5 (/opt/ros/humble/share/rosidl_generator_c/cmake)
[0.764s] -- Found rosidl_adapter: 3.1.5 (/opt/ros/humble/share/rosidl_adapter/cmake)
[0.774s] -- Found rosidl_generator_cpp: 3.1.5 (/opt/ros/humble/share/rosidl_generator_cpp/cmake)
[0.791s] -- Using all available rosidl_typesupport_c: rosidl_typesupport_fastrtps_c;rosidl_typesupport_introspection_c
[0.812s] -- Using all available rosidl_typesupport_cpp: rosidl_typesupport_fastrtps_cpp;rosidl_typesupport_introspection_cpp
[0.872s] -- Found sensor_msgs: 4.2.3 (/opt/ros/humble/share/sensor_msgs/cmake)
[0.995s] -- Found cv_bridge: 3.2.1 (/opt/ros/humble/share/cv_bridge/cmake)
[1.008s] -- Found rosidl_default_generators: 1.2.0 (/opt/ros/humble/share/rosidl_default_generators/cmake)
[1.068s] -- Found ament_lint_auto: 0.12.8 (/opt/ros/humble/share/ament_lint_auto/cmake)
[1.130s] -- Added test 'copyright' to check source files copyright and LICENSE
[1.178s] -- Added test 'cppcheck' to perform static code analysis on C / C++ code
[1.178s] -- Configured cppcheck include dirs: 
[1.178s] -- Configured cppcheck exclude dirs and/or files: 
[1.227s] -- Added test 'cpplint' to check C / C++ code against the Google style
[1.228s] -- Configured cpplint exclude dirs and/or files: 
[1.234s] -- Added test 'flake8' to check Python code syntax and style conventions
[1.247s] -- Added test 'lint_cmake' to check CMake code style
[1.253s] -- Added test 'pep257' to check Python code against some of the docstring style conventions in PEP 257
[1.304s] -- Added test 'uncrustify' to check C / C++ code style
[1.304s] -- Configured uncrustify additional arguments: 
[1.310s] -- Added test 'xmllint' to check XML markup files
[1.311s] -- Configuring done
[1.318s] -- Generating done
[1.320s] -- Build files have been written to: /root/ws/ros2_pupil_neon/build/pupil_neon_pkg
[1.335s] make[1]: Entering directory '/root/ws/ros2_pupil_neon/build/pupil_neon_pkg'
[1.336s] make[2]: Entering directory '/root/ws/ros2_pupil_neon/build/pupil_neon_pkg'
[1.342s] make[2]: Leaving directory '/root/ws/ros2_pupil_neon/build/pupil_neon_pkg'
[1.343s] make[2]: Entering directory '/root/ws/ros2_pupil_neon/build/pupil_neon_pkg'
[1.349s] make[2]: Leaving directory '/root/ws/ros2_pupil_neon/build/pupil_neon_pkg'
[1.354s] Built target ament_cmake_python_copy_pupil_neon_pkg
[1.356s] make[2]: Entering directory '/root/ws/ros2_pupil_neon/build/pupil_neon_pkg'
[1.363s] make[2]: Leaving directory '/root/ws/ros2_pupil_neon/build/pupil_neon_pkg'
[1.365s] make[2]: Entering directory '/root/ws/ros2_pupil_neon/build/pupil_neon_pkg'
[1.515s] running egg_info
[1.515s] creating pupil_neon_pkg.egg-info
[1.516s] writing pupil_neon_pkg.egg-info/PKG-INFO
[1.516s] writing dependency_links to pupil_neon_pkg.egg-info/dependency_links.txt
[1.516s] writing top-level names to pupil_neon_pkg.egg-info/top_level.txt
[1.516s] writing manifest file 'pupil_neon_pkg.egg-info/SOURCES.txt'
[1.517s] reading manifest file 'pupil_neon_pkg.egg-info/SOURCES.txt'
[1.518s] writing manifest file 'pupil_neon_pkg.egg-info/SOURCES.txt'
[1.531s] make[2]: Leaving directory '/root/ws/ros2_pupil_neon/build/pupil_neon_pkg'
[1.537s] Built target ament_cmake_python_build_pupil_neon_pkg_egg
[1.538s] make[1]: Leaving directory '/root/ws/ros2_pupil_neon/build/pupil_neon_pkg'
[1.545s] Invoked command in '/root/ws/ros2_pupil_neon/build/pupil_neon_pkg' returned '0': CMAKE_PREFIX_PATH=/opt/ros/humble /usr/bin/cmake --build /root/ws/ros2_pupil_neon/build/pupil_neon_pkg -- -j12 -l12
[1.569s] Invoking command in '/root/ws/ros2_pupil_neon/build/pupil_neon_pkg': CMAKE_PREFIX_PATH=/opt/ros/humble /usr/bin/cmake --install /root/ws/ros2_pupil_neon/build/pupil_neon_pkg
[1.574s] -- Install configuration: ""
[1.574s] -- Up-to-date: /root/ws/ros2_pupil_neon/install/pupil_neon_pkg/share/pupil_neon_pkg//launch
[1.574s] -- Up-to-date: /root/ws/ros2_pupil_neon/install/pupil_neon_pkg/share/pupil_neon_pkg//launch/ros2_pupil_emulator.launch.py
[1.574s] -- Up-to-date: /root/ws/ros2_pupil_neon/install/pupil_neon_pkg/share/pupil_neon_pkg//launch/ros2_pupil.launch.py
[1.574s] -- Up-to-date: /root/ws/ros2_pupil_neon/install/pupil_neon_pkg/share/pupil_neon_pkg/config
[1.574s] -- Up-to-date: /root/ws/ros2_pupil_neon/install/pupil_neon_pkg/share/pupil_neon_pkg/config/params.yaml
[1.574s] -- Up-to-date: /root/ws/ros2_pupil_neon/install/pupil_neon_pkg/share/pupil_neon_pkg/environment/pythonpath.sh
[1.574s] -- Installing: /root/ws/ros2_pupil_neon/install/pupil_neon_pkg/share/pupil_neon_pkg/environment/pythonpath.dsv
[1.574s] -- Installing: /root/ws/ros2_pupil_neon/install/pupil_neon_pkg/lib/python3.8/site-packages/pupil_neon_pkg-1.0.0-py3.10.egg-info
[1.574s] -- Installing: /root/ws/ros2_pupil_neon/install/pupil_neon_pkg/lib/python3.8/site-packages/pupil_neon_pkg-1.0.0-py3.10.egg-info/top_level.txt
[1.574s] -- Installing: /root/ws/ros2_pupil_neon/install/pupil_neon_pkg/lib/python3.8/site-packages/pupil_neon_pkg-1.0.0-py3.10.egg-info/SOURCES.txt
[1.575s] -- Installing: /root/ws/ros2_pupil_neon/install/pupil_neon_pkg/lib/python3.8/site-packages/pupil_neon_pkg-1.0.0-py3.10.egg-info/dependency_links.txt
[1.575s] -- Installing: /root/ws/ros2_pupil_neon/install/pupil_neon_pkg/lib/python3.8/site-packages/pupil_neon_pkg-1.0.0-py3.10.egg-info/PKG-INFO
[1.575s] -- Up-to-date: /root/ws/ros2_pupil_neon/install/pupil_neon_pkg/lib/python3.8/site-packages/pupil_neon_pkg
[1.575s] -- Up-to-date: /root/ws/ros2_pupil_neon/install/pupil_neon_pkg/lib/python3.8/site-packages/pupil_neon_pkg/pupil_publisher.py
[1.575s] -- Up-to-date: /root/ws/ros2_pupil_neon/install/pupil_neon_pkg/lib/python3.8/site-packages/pupil_neon_pkg/__init__.py
[1.602s] Listing '/root/ws/ros2_pupil_neon/install/pupil_neon_pkg/lib/python3.8/site-packages/pupil_neon_pkg'...
[1.602s] Compiling '/root/ws/ros2_pupil_neon/install/pupil_neon_pkg/lib/python3.8/site-packages/pupil_neon_pkg/__init__.py'...
[1.602s] Compiling '/root/ws/ros2_pupil_neon/install/pupil_neon_pkg/lib/python3.8/site-packages/pupil_neon_pkg/frame_publisher.py'...
[1.602s] Compiling '/root/ws/ros2_pupil_neon/install/pupil_neon_pkg/lib/python3.8/site-packages/pupil_neon_pkg/pupil_publisher.py'...
[1.602s] Compiling '/root/ws/ros2_pupil_neon/install/pupil_neon_pkg/lib/python3.8/site-packages/pupil_neon_pkg/tobii_glasses.py'...
[1.605s] -- Up-to-date: /root/ws/ros2_pupil_neon/install/pupil_neon_pkg/lib/pupil_neon_pkg/pupil_publisher.py
[1.606s] -- Up-to-date: /root/ws/ros2_pupil_neon/install/pupil_neon_pkg/lib/pupil_neon_pkg/frame_publisher.py
[1.606s] -- Up-to-date: /root/ws/ros2_pupil_neon/install/pupil_neon_pkg/lib/pupil_neon_pkg/emulator_publisher.py
[1.606s] -- Up-to-date: /root/ws/ros2_pupil_neon/install/pupil_neon_pkg/share/ament_index/resource_index/package_run_dependencies/pupil_neon_pkg
[1.606s] -- Installing: /root/ws/ros2_pupil_neon/install/pupil_neon_pkg/share/ament_index/resource_index/parent_prefix_path/pupil_neon_pkg
[1.606s] -- Installing: /root/ws/ros2_pupil_neon/install/pupil_neon_pkg/share/pupil_neon_pkg/environment/ament_prefix_path.sh
[1.606s] -- Installing: /root/ws/ros2_pupil_neon/install/pupil_neon_pkg/share/pupil_neon_pkg/environment/ament_prefix_path.dsv
[1.606s] -- Installing: /root/ws/ros2_pupil_neon/install/pupil_neon_pkg/share/pupil_neon_pkg/environment/path.sh
[1.606s] -- Installing: /root/ws/ros2_pupil_neon/install/pupil_neon_pkg/share/pupil_neon_pkg/environment/path.dsv
[1.606s] -- Up-to-date: /root/ws/ros2_pupil_neon/install/pupil_neon_pkg/share/pupil_neon_pkg/local_setup.bash
[1.606s] -- Installing: /root/ws/ros2_pupil_neon/install/pupil_neon_pkg/share/pupil_neon_pkg/local_setup.sh
[1.606s] -- Up-to-date: /root/ws/ros2_pupil_neon/install/pupil_neon_pkg/share/pupil_neon_pkg/local_setup.zsh
[1.606s] -- Installing: /root/ws/ros2_pupil_neon/install/pupil_neon_pkg/share/pupil_neon_pkg/local_setup.dsv
[1.607s] -- Up-to-date: /root/ws/ros2_pupil_neon/install/pupil_neon_pkg/share/pupil_neon_pkg/package.dsv
[1.607s] -- Up-to-date: /root/ws/ros2_pupil_neon/install/pupil_neon_pkg/share/ament_index/resource_index/packages/pupil_neon_pkg
[1.607s] -- Up-to-date: /root/ws/ros2_pupil_neon/install/pupil_neon_pkg/share/pupil_neon_pkg/cmake/pupil_neon_pkgConfig.cmake
[1.607s] -- Up-to-date: /root/ws/ros2_pupil_neon/install/pupil_neon_pkg/share/pupil_neon_pkg/cmake/pupil_neon_pkgConfig-version.cmake
[1.607s] -- Up-to-date: /root/ws/ros2_pupil_neon/install/pupil_neon_pkg/share/pupil_neon_pkg/package.xml
[1.608s] Invoked command in '/root/ws/ros2_pupil_neon/build/pupil_neon_pkg' returned '0': CMAKE_PREFIX_PATH=/opt/ros/humble /usr/bin/cmake --install /root/ws/ros2_pupil_neon/build/pupil_neon_pkg
