[0.013s] Invoking command in '/root/ws/ros2_pupil_neon/build/tobii_glasses_pkg': CMAKE_PREFIX_PATH=/opt/ros/foxy /usr/bin/cmake --build /root/ws/ros2_pupil_neon/build/tobii_glasses_pkg -- -j12 -l12
[0.069s] [  2%] Built target tobii_glasses_pkg__cpp
[0.074s] [ 12%] Built target tobii_glasses_pkg__rosidl_generator_c
[0.093s] [ 23%] Built target tobii_glasses_pkg__rosidl_typesupport_introspection_cpp
[0.096s] [ 43%] Built target tobii_glasses_pkg__rosidl_typesupport_cpp
[0.096s] [ 43%] Built target tobii_glasses_pkg__rosidl_typesupport_fastrtps_cpp
[0.100s] [ 53%] Built target tobii_glasses_pkg__rosidl_typesupport_introspection_c
[0.100s] [ 64%] Built target tobii_glasses_pkg__rosidl_typesupport_c
[0.122s] [ 74%] Built target tobii_glasses_pkg__rosidl_typesupport_fastrtps_c
[0.142s] [ 74%] Built target tobii_glasses_pkg
[0.162s] [ 76%] Built target tobii_glasses_pkg__py
[0.187s] [ 84%] Built target tobii_glasses_pkg__python
[0.211s] [ 94%] Built target tobii_glasses_pkg__rosidl_typesupport_introspection_c__pyext
[0.211s] [ 94%] Built target tobii_glasses_pkg__rosidl_typesupport_fastrtps_c__pyext
[0.213s] [100%] Built target tobii_glasses_pkg__rosidl_typesupport_c__pyext
[0.225s] Invoked command in '/root/ws/ros2_pupil_neon/build/tobii_glasses_pkg' returned '0': CMAKE_PREFIX_PATH=/opt/ros/foxy /usr/bin/cmake --build /root/ws/ros2_pupil_neon/build/tobii_glasses_pkg -- -j12 -l12
[0.297s] Invoking command in '/root/ws/ros2_pupil_neon/build/tobii_glasses_pkg': CMAKE_PREFIX_PATH=/opt/ros/foxy /usr/bin/cmake --install /root/ws/ros2_pupil_neon/build/tobii_glasses_pkg
[0.305s] -- Install configuration: ""
[0.305s] -- Up-to-date: /root/ws/ros2_pupil_neon/install/tobii_glasses_pkg/share/tobii_glasses_pkg//launch
[0.305s] -- Up-to-date: /root/ws/ros2_pupil_neon/install/tobii_glasses_pkg/share/tobii_glasses_pkg//launch/pupil.launch.py
[0.305s] -- Up-to-date: /root/ws/ros2_pupil_neon/install/tobii_glasses_pkg/share/tobii_glasses_pkg//launch/pupil_devel.launch.py
[0.305s] -- Up-to-date: /root/ws/ros2_pupil_neon/install/tobii_glasses_pkg/share/tobii_glasses_pkg/environment/pythonpath.sh
[0.305s] -- Up-to-date: /root/ws/ros2_pupil_neon/install/tobii_glasses_pkg/share/tobii_glasses_pkg/environment/pythonpath.dsv
[0.305s] -- Up-to-date: /root/ws/ros2_pupil_neon/install/tobii_glasses_pkg/lib/python3.8/site-packages/tobii_glasses_pkg
[0.305s] -- Up-to-date: /root/ws/ros2_pupil_neon/install/tobii_glasses_pkg/lib/python3.8/site-packages/tobii_glasses_pkg/tobii_glasses_buffer.py
[0.305s] -- Up-to-date: /root/ws/ros2_pupil_neon/install/tobii_glasses_pkg/lib/python3.8/site-packages/tobii_glasses_pkg/video_capture.py
[0.305s] -- Installing: /root/ws/ros2_pupil_neon/install/tobii_glasses_pkg/lib/python3.8/site-packages/tobii_glasses_pkg/__init__.py
[0.332s] Listing '/root/ws/ros2_pupil_neon/install/tobii_glasses_pkg/lib/python3.8/site-packages/tobii_glasses_pkg'...
[0.332s] Compiling '/root/ws/ros2_pupil_neon/install/tobii_glasses_pkg/lib/python3.8/site-packages/tobii_glasses_pkg/__init__.py'...
[0.332s] Listing '/root/ws/ros2_pupil_neon/install/tobii_glasses_pkg/lib/python3.8/site-packages/tobii_glasses_pkg/msg'...
[0.335s] -- Up-to-date: /root/ws/ros2_pupil_neon/install/tobii_glasses_pkg/lib/tobii_glasses_pkg/tobii_glasses.py
[0.336s] -- Up-to-date: /root/ws/ros2_pupil_neon/install/tobii_glasses_pkg/lib/tobii_glasses_pkg/frame_publisher.py
[0.336s] -- Up-to-date: /root/ws/ros2_pupil_neon/install/tobii_glasses_pkg/share/ament_index/resource_index/rosidl_interfaces/tobii_glasses_pkg
[0.336s] -- Up-to-date: /root/ws/ros2_pupil_neon/install/tobii_glasses_pkg/include/tobii_glasses_pkg
[0.336s] -- Up-to-date: /root/ws/ros2_pupil_neon/install/tobii_glasses_pkg/include/tobii_glasses_pkg/msg
[0.336s] -- Up-to-date: /root/ws/ros2_pupil_neon/install/tobii_glasses_pkg/include/tobii_glasses_pkg/msg/eye_data.h
[0.336s] -- Up-to-date: /root/ws/ros2_pupil_neon/install/tobii_glasses_pkg/include/tobii_glasses_pkg/msg/tobii_glasses.h
[0.336s] -- Up-to-date: /root/ws/ros2_pupil_neon/install/tobii_glasses_pkg/include/tobii_glasses_pkg/msg/rosidl_generator_c__visibility_control.h
[0.336s] -- Up-to-date: /root/ws/ros2_pupil_neon/install/tobii_glasses_pkg/include/tobii_glasses_pkg/msg/detail
[0.336s] -- Up-to-date: /root/ws/ros2_pupil_neon/install/tobii_glasses_pkg/include/tobii_glasses_pkg/msg/detail/eye_data__struct.h
[0.337s] -- Up-to-date: /root/ws/ros2_pupil_neon/install/tobii_glasses_pkg/include/tobii_glasses_pkg/msg/detail/eye_data__type_support.h
[0.337s] -- Up-to-date: /root/ws/ros2_pupil_neon/install/tobii_glasses_pkg/include/tobii_glasses_pkg/msg/detail/tobii_glasses__functions.h
[0.337s] -- Up-to-date: /root/ws/ros2_pupil_neon/install/tobii_glasses_pkg/include/tobii_glasses_pkg/msg/detail/tobii_glasses__type_support.h
[0.337s] -- Up-to-date: /root/ws/ros2_pupil_neon/install/tobii_glasses_pkg/include/tobii_glasses_pkg/msg/detail/tobii_glasses__functions.c
[0.337s] -- Up-to-date: /root/ws/ros2_pupil_neon/install/tobii_glasses_pkg/include/tobii_glasses_pkg/msg/detail/tobii_glasses__struct.h
[0.337s] -- Up-to-date: /root/ws/ros2_pupil_neon/install/tobii_glasses_pkg/include/tobii_glasses_pkg/msg/detail/eye_data__functions.c
[0.337s] -- Up-to-date: /root/ws/ros2_pupil_neon/install/tobii_glasses_pkg/include/tobii_glasses_pkg/msg/detail/eye_data__functions.h
[0.337s] -- Up-to-date: /root/ws/ros2_pupil_neon/install/tobii_glasses_pkg/share/tobii_glasses_pkg/environment/library_path.sh
[0.337s] -- Up-to-date: /root/ws/ros2_pupil_neon/install/tobii_glasses_pkg/share/tobii_glasses_pkg/environment/library_path.dsv
[0.337s] -- Up-to-date: /root/ws/ros2_pupil_neon/install/tobii_glasses_pkg/lib/libtobii_glasses_pkg__rosidl_generator_c.so
[0.337s] -- Up-to-date: /root/ws/ros2_pupil_neon/install/tobii_glasses_pkg/include/tobii_glasses_pkg
[0.337s] -- Up-to-date: /root/ws/ros2_pupil_neon/install/tobii_glasses_pkg/include/tobii_glasses_pkg/msg
[0.337s] -- Up-to-date: /root/ws/ros2_pupil_neon/install/tobii_glasses_pkg/include/tobii_glasses_pkg/msg/rosidl_typesupport_fastrtps_c__visibility_control.h
[0.337s] -- Up-to-date: /root/ws/ros2_pupil_neon/install/tobii_glasses_pkg/include/tobii_glasses_pkg/msg/detail
[0.338s] -- Up-to-date: /root/ws/ros2_pupil_neon/install/tobii_glasses_pkg/include/tobii_glasses_pkg/msg/detail/eye_data__rosidl_typesupport_fastrtps_c.h
[0.338s] -- Up-to-date: /root/ws/ros2_pupil_neon/install/tobii_glasses_pkg/include/tobii_glasses_pkg/msg/detail/tobii_glasses__rosidl_typesupport_fastrtps_c.h
[0.338s] -- Up-to-date: /root/ws/ros2_pupil_neon/install/tobii_glasses_pkg/lib/libtobii_glasses_pkg__rosidl_typesupport_fastrtps_c.so
[0.338s] -- Up-to-date: /root/ws/ros2_pupil_neon/install/tobii_glasses_pkg/include/tobii_glasses_pkg
[0.338s] -- Up-to-date: /root/ws/ros2_pupil_neon/install/tobii_glasses_pkg/include/tobii_glasses_pkg/msg
[0.338s] -- Up-to-date: /root/ws/ros2_pupil_neon/install/tobii_glasses_pkg/include/tobii_glasses_pkg/msg/rosidl_typesupport_fastrtps_cpp__visibility_control.h
[0.338s] -- Up-to-date: /root/ws/ros2_pupil_neon/install/tobii_glasses_pkg/include/tobii_glasses_pkg/msg/detail
[0.338s] -- Up-to-date: /root/ws/ros2_pupil_neon/install/tobii_glasses_pkg/include/tobii_glasses_pkg/msg/detail/tobii_glasses__rosidl_typesupport_fastrtps_cpp.hpp
[0.338s] -- Up-to-date: /root/ws/ros2_pupil_neon/install/tobii_glasses_pkg/include/tobii_glasses_pkg/msg/detail/eye_data__rosidl_typesupport_fastrtps_cpp.hpp
[0.338s] -- Up-to-date: /root/ws/ros2_pupil_neon/install/tobii_glasses_pkg/include/tobii_glasses_pkg/msg/detail/dds_fastrtps
[0.338s] -- Up-to-date: /root/ws/ros2_pupil_neon/install/tobii_glasses_pkg/lib/libtobii_glasses_pkg__rosidl_typesupport_fastrtps_cpp.so
[0.338s] -- Up-to-date: /root/ws/ros2_pupil_neon/install/tobii_glasses_pkg/include/tobii_glasses_pkg
[0.338s] -- Up-to-date: /root/ws/ros2_pupil_neon/install/tobii_glasses_pkg/include/tobii_glasses_pkg/msg
[0.339s] -- Up-to-date: /root/ws/ros2_pupil_neon/install/tobii_glasses_pkg/include/tobii_glasses_pkg/msg/rosidl_typesupport_introspection_c__visibility_control.h
[0.339s] -- Up-to-date: /root/ws/ros2_pupil_neon/install/tobii_glasses_pkg/include/tobii_glasses_pkg/msg/detail
[0.339s] -- Up-to-date: /root/ws/ros2_pupil_neon/install/tobii_glasses_pkg/include/tobii_glasses_pkg/msg/detail/eye_data__rosidl_typesupport_introspection_c.h
[0.339s] -- Up-to-date: /root/ws/ros2_pupil_neon/install/tobii_glasses_pkg/include/tobii_glasses_pkg/msg/detail/tobii_glasses__type_support.c
[0.339s] -- Up-to-date: /root/ws/ros2_pupil_neon/install/tobii_glasses_pkg/include/tobii_glasses_pkg/msg/detail/tobii_glasses__rosidl_typesupport_introspection_c.h
[0.339s] -- Up-to-date: /root/ws/ros2_pupil_neon/install/tobii_glasses_pkg/include/tobii_glasses_pkg/msg/detail/eye_data__type_support.c
[0.339s] -- Up-to-date: /root/ws/ros2_pupil_neon/install/tobii_glasses_pkg/lib/libtobii_glasses_pkg__rosidl_typesupport_introspection_c.so
[0.339s] -- Up-to-date: /root/ws/ros2_pupil_neon/install/tobii_glasses_pkg/lib/libtobii_glasses_pkg__rosidl_typesupport_c.so
[0.340s] -- Up-to-date: /root/ws/ros2_pupil_neon/install/tobii_glasses_pkg/include/tobii_glasses_pkg
[0.340s] -- Up-to-date: /root/ws/ros2_pupil_neon/install/tobii_glasses_pkg/include/tobii_glasses_pkg/msg
[0.340s] -- Up-to-date: /root/ws/ros2_pupil_neon/install/tobii_glasses_pkg/include/tobii_glasses_pkg/msg/rosidl_generator_cpp__visibility_control.hpp
[0.340s] -- Up-to-date: /root/ws/ros2_pupil_neon/install/tobii_glasses_pkg/include/tobii_glasses_pkg/msg/tobii_glasses.hpp
[0.340s] -- Up-to-date: /root/ws/ros2_pupil_neon/install/tobii_glasses_pkg/include/tobii_glasses_pkg/msg/eye_data.hpp
[0.340s] -- Up-to-date: /root/ws/ros2_pupil_neon/install/tobii_glasses_pkg/include/tobii_glasses_pkg/msg/detail
[0.340s] -- Up-to-date: /root/ws/ros2_pupil_neon/install/tobii_glasses_pkg/include/tobii_glasses_pkg/msg/detail/tobii_glasses__builder.hpp
[0.340s] -- Up-to-date: /root/ws/ros2_pupil_neon/install/tobii_glasses_pkg/include/tobii_glasses_pkg/msg/detail/eye_data__builder.hpp
[0.340s] -- Up-to-date: /root/ws/ros2_pupil_neon/install/tobii_glasses_pkg/include/tobii_glasses_pkg/msg/detail/tobii_glasses__traits.hpp
[0.340s] -- Up-to-date: /root/ws/ros2_pupil_neon/install/tobii_glasses_pkg/include/tobii_glasses_pkg/msg/detail/eye_data__type_support.hpp
[0.340s] -- Up-to-date: /root/ws/ros2_pupil_neon/install/tobii_glasses_pkg/include/tobii_glasses_pkg/msg/detail/eye_data__traits.hpp
[0.340s] -- Up-to-date: /root/ws/ros2_pupil_neon/install/tobii_glasses_pkg/include/tobii_glasses_pkg/msg/detail/eye_data__struct.hpp
[0.340s] -- Up-to-date: /root/ws/ros2_pupil_neon/install/tobii_glasses_pkg/include/tobii_glasses_pkg/msg/detail/tobii_glasses__struct.hpp
[0.340s] -- Up-to-date: /root/ws/ros2_pupil_neon/install/tobii_glasses_pkg/include/tobii_glasses_pkg/msg/detail/tobii_glasses__type_support.hpp
[0.340s] -- Up-to-date: /root/ws/ros2_pupil_neon/install/tobii_glasses_pkg/include/tobii_glasses_pkg
[0.340s] -- Up-to-date: /root/ws/ros2_pupil_neon/install/tobii_glasses_pkg/include/tobii_glasses_pkg/msg
[0.340s] -- Up-to-date: /root/ws/ros2_pupil_neon/install/tobii_glasses_pkg/include/tobii_glasses_pkg/msg/detail
[0.341s] -- Up-to-date: /root/ws/ros2_pupil_neon/install/tobii_glasses_pkg/include/tobii_glasses_pkg/msg/detail/tobii_glasses__rosidl_typesupport_introspection_cpp.hpp
[0.341s] -- Up-to-date: /root/ws/ros2_pupil_neon/install/tobii_glasses_pkg/include/tobii_glasses_pkg/msg/detail/eye_data__rosidl_typesupport_introspection_cpp.hpp
[0.341s] -- Up-to-date: /root/ws/ros2_pupil_neon/install/tobii_glasses_pkg/include/tobii_glasses_pkg/msg/detail/eye_data__type_support.cpp
[0.341s] -- Up-to-date: /root/ws/ros2_pupil_neon/install/tobii_glasses_pkg/include/tobii_glasses_pkg/msg/detail/tobii_glasses__type_support.cpp
[0.341s] -- Up-to-date: /root/ws/ros2_pupil_neon/install/tobii_glasses_pkg/lib/libtobii_glasses_pkg__rosidl_typesupport_introspection_cpp.so
[0.341s] -- Up-to-date: /root/ws/ros2_pupil_neon/install/tobii_glasses_pkg/lib/libtobii_glasses_pkg__rosidl_typesupport_cpp.so
[0.341s] -- Installing: /root/ws/ros2_pupil_neon/install/tobii_glasses_pkg/lib/python3.8/site-packages/tobii_glasses_pkg/__init__.py
[0.367s] Compiling '/root/ws/ros2_pupil_neon/install/tobii_glasses_pkg/lib/python3.8/site-packages/tobii_glasses_pkg/__init__.py'...
[0.371s] -- Up-to-date: /root/ws/ros2_pupil_neon/install/tobii_glasses_pkg/lib/python3.8/site-packages/tobii_glasses_pkg/msg
[0.371s] -- Up-to-date: /root/ws/ros2_pupil_neon/install/tobii_glasses_pkg/lib/python3.8/site-packages/tobii_glasses_pkg/msg/_eye_data_s.c
[0.371s] -- Up-to-date: /root/ws/ros2_pupil_neon/install/tobii_glasses_pkg/lib/python3.8/site-packages/tobii_glasses_pkg/msg/_tobii_glasses.py
[0.371s] -- Up-to-date: /root/ws/ros2_pupil_neon/install/tobii_glasses_pkg/lib/python3.8/site-packages/tobii_glasses_pkg/msg/__init__.py
[0.371s] -- Up-to-date: /root/ws/ros2_pupil_neon/install/tobii_glasses_pkg/lib/python3.8/site-packages/tobii_glasses_pkg/msg/_tobii_glasses_s.c
[0.371s] -- Up-to-date: /root/ws/ros2_pupil_neon/install/tobii_glasses_pkg/lib/python3.8/site-packages/tobii_glasses_pkg/msg/_eye_data.py
[0.371s] -- Up-to-date: /root/ws/ros2_pupil_neon/install/tobii_glasses_pkg/lib/python3.8/site-packages/tobii_glasses_pkg/tobii_glasses_pkg_s__rosidl_typesupport_fastrtps_c.cpython-38-x86_64-linux-gnu.so
[0.372s] -- Up-to-date: /root/ws/ros2_pupil_neon/install/tobii_glasses_pkg/lib/python3.8/site-packages/tobii_glasses_pkg/tobii_glasses_pkg_s__rosidl_typesupport_introspection_c.cpython-38-x86_64-linux-gnu.so
[0.372s] -- Up-to-date: /root/ws/ros2_pupil_neon/install/tobii_glasses_pkg/lib/python3.8/site-packages/tobii_glasses_pkg/tobii_glasses_pkg_s__rosidl_typesupport_c.cpython-38-x86_64-linux-gnu.so
[0.373s] -- Up-to-date: /root/ws/ros2_pupil_neon/install/tobii_glasses_pkg/lib/libtobii_glasses_pkg__python.so
[0.373s] -- Up-to-date: /root/ws/ros2_pupil_neon/install/tobii_glasses_pkg/share/tobii_glasses_pkg/msg/TobiiGlasses.idl
[0.373s] -- Up-to-date: /root/ws/ros2_pupil_neon/install/tobii_glasses_pkg/share/tobii_glasses_pkg/msg/EyeData.idl
[0.373s] -- Up-to-date: /root/ws/ros2_pupil_neon/install/tobii_glasses_pkg/share/tobii_glasses_pkg/msg/TobiiGlasses.msg
[0.373s] -- Up-to-date: /root/ws/ros2_pupil_neon/install/tobii_glasses_pkg/share/tobii_glasses_pkg/msg/EyeData.msg
[0.374s] -- Up-to-date: /root/ws/ros2_pupil_neon/install/tobii_glasses_pkg/share/ament_index/resource_index/package_run_dependencies/tobii_glasses_pkg
[0.374s] -- Up-to-date: /root/ws/ros2_pupil_neon/install/tobii_glasses_pkg/share/ament_index/resource_index/parent_prefix_path/tobii_glasses_pkg
[0.374s] -- Up-to-date: /root/ws/ros2_pupil_neon/install/tobii_glasses_pkg/share/tobii_glasses_pkg/environment/ament_prefix_path.sh
[0.374s] -- Up-to-date: /root/ws/ros2_pupil_neon/install/tobii_glasses_pkg/share/tobii_glasses_pkg/environment/ament_prefix_path.dsv
[0.374s] -- Up-to-date: /root/ws/ros2_pupil_neon/install/tobii_glasses_pkg/share/tobii_glasses_pkg/environment/path.sh
[0.374s] -- Up-to-date: /root/ws/ros2_pupil_neon/install/tobii_glasses_pkg/share/tobii_glasses_pkg/environment/path.dsv
[0.374s] -- Up-to-date: /root/ws/ros2_pupil_neon/install/tobii_glasses_pkg/share/tobii_glasses_pkg/local_setup.bash
[0.374s] -- Up-to-date: /root/ws/ros2_pupil_neon/install/tobii_glasses_pkg/share/tobii_glasses_pkg/local_setup.sh
[0.374s] -- Up-to-date: /root/ws/ros2_pupil_neon/install/tobii_glasses_pkg/share/tobii_glasses_pkg/local_setup.zsh
[0.374s] -- Up-to-date: /root/ws/ros2_pupil_neon/install/tobii_glasses_pkg/share/tobii_glasses_pkg/local_setup.dsv
[0.374s] -- Installing: /root/ws/ros2_pupil_neon/install/tobii_glasses_pkg/share/tobii_glasses_pkg/package.dsv
[0.374s] -- Up-to-date: /root/ws/ros2_pupil_neon/install/tobii_glasses_pkg/share/ament_index/resource_index/packages/tobii_glasses_pkg
[0.374s] -- Up-to-date: /root/ws/ros2_pupil_neon/install/tobii_glasses_pkg/share/tobii_glasses_pkg/cmake/tobii_glasses_pkg__rosidl_generator_cExport.cmake
[0.375s] -- Up-to-date: /root/ws/ros2_pupil_neon/install/tobii_glasses_pkg/share/tobii_glasses_pkg/cmake/tobii_glasses_pkg__rosidl_generator_cExport-noconfig.cmake
[0.375s] -- Up-to-date: /root/ws/ros2_pupil_neon/install/tobii_glasses_pkg/share/tobii_glasses_pkg/cmake/tobii_glasses_pkg__rosidl_typesupport_introspection_cExport.cmake
[0.375s] -- Up-to-date: /root/ws/ros2_pupil_neon/install/tobii_glasses_pkg/share/tobii_glasses_pkg/cmake/tobii_glasses_pkg__rosidl_typesupport_introspection_cExport-noconfig.cmake
[0.375s] -- Up-to-date: /root/ws/ros2_pupil_neon/install/tobii_glasses_pkg/share/tobii_glasses_pkg/cmake/tobii_glasses_pkg__rosidl_typesupport_cExport.cmake
[0.375s] -- Up-to-date: /root/ws/ros2_pupil_neon/install/tobii_glasses_pkg/share/tobii_glasses_pkg/cmake/tobii_glasses_pkg__rosidl_typesupport_cExport-noconfig.cmake
[0.375s] -- Up-to-date: /root/ws/ros2_pupil_neon/install/tobii_glasses_pkg/share/tobii_glasses_pkg/cmake/tobii_glasses_pkg__rosidl_generator_cppExport.cmake
[0.375s] -- Up-to-date: /root/ws/ros2_pupil_neon/install/tobii_glasses_pkg/share/tobii_glasses_pkg/cmake/tobii_glasses_pkg__rosidl_typesupport_introspection_cppExport.cmake
[0.375s] -- Up-to-date: /root/ws/ros2_pupil_neon/install/tobii_glasses_pkg/share/tobii_glasses_pkg/cmake/tobii_glasses_pkg__rosidl_typesupport_introspection_cppExport-noconfig.cmake
[0.375s] -- Up-to-date: /root/ws/ros2_pupil_neon/install/tobii_glasses_pkg/share/tobii_glasses_pkg/cmake/tobii_glasses_pkg__rosidl_typesupport_cppExport.cmake
[0.375s] -- Up-to-date: /root/ws/ros2_pupil_neon/install/tobii_glasses_pkg/share/tobii_glasses_pkg/cmake/tobii_glasses_pkg__rosidl_typesupport_cppExport-noconfig.cmake
[0.375s] -- Up-to-date: /root/ws/ros2_pupil_neon/install/tobii_glasses_pkg/share/tobii_glasses_pkg/cmake/rosidl_cmake-extras.cmake
[0.375s] -- Up-to-date: /root/ws/ros2_pupil_neon/install/tobii_glasses_pkg/share/tobii_glasses_pkg/cmake/ament_cmake_export_dependencies-extras.cmake
[0.375s] -- Up-to-date: /root/ws/ros2_pupil_neon/install/tobii_glasses_pkg/share/tobii_glasses_pkg/cmake/ament_cmake_export_libraries-extras.cmake
[0.376s] -- Up-to-date: /root/ws/ros2_pupil_neon/install/tobii_glasses_pkg/share/tobii_glasses_pkg/cmake/ament_cmake_export_targets-extras.cmake
[0.376s] -- Up-to-date: /root/ws/ros2_pupil_neon/install/tobii_glasses_pkg/share/tobii_glasses_pkg/cmake/ament_cmake_export_include_directories-extras.cmake
[0.376s] -- Up-to-date: /root/ws/ros2_pupil_neon/install/tobii_glasses_pkg/share/tobii_glasses_pkg/cmake/rosidl_cmake_export_typesupport_libraries-extras.cmake
[0.376s] -- Up-to-date: /root/ws/ros2_pupil_neon/install/tobii_glasses_pkg/share/tobii_glasses_pkg/cmake/rosidl_cmake_export_typesupport_targets-extras.cmake
[0.376s] -- Up-to-date: /root/ws/ros2_pupil_neon/install/tobii_glasses_pkg/share/tobii_glasses_pkg/cmake/tobii_glasses_pkgConfig.cmake
[0.376s] -- Up-to-date: /root/ws/ros2_pupil_neon/install/tobii_glasses_pkg/share/tobii_glasses_pkg/cmake/tobii_glasses_pkgConfig-version.cmake
[0.376s] -- Up-to-date: /root/ws/ros2_pupil_neon/install/tobii_glasses_pkg/share/tobii_glasses_pkg/package.xml
[0.379s] Invoked command in '/root/ws/ros2_pupil_neon/build/tobii_glasses_pkg' returned '0': CMAKE_PREFIX_PATH=/opt/ros/foxy /usr/bin/cmake --install /root/ws/ros2_pupil_neon/build/tobii_glasses_pkg
