-- The C compiler identification is GNU 9.4.0
-- The CXX compiler identification is GNU 9.4.0
-- Check for working C compiler: /usr/bin/cc
-- Check for working C compiler: /usr/bin/cc -- works
-- Detecting C compiler ABI info
-- Detecting C compiler ABI info - done
-- Detecting C compile features
-- Detecting C compile features - done
-- Check for working CXX compiler: /usr/bin/c++
-- Check for working CXX compiler: /usr/bin/c++ -- works
-- Detecting CXX compiler ABI info
-- Detecting CXX compiler ABI info - done
-- Detecting CXX compile features
-- Detecting CXX compile features - done
-- Found ament_cmake: 0.9.12 (/opt/ros/foxy/share/ament_cmake/cmake)
-- Found PythonInterp: /usr/bin/python3 (found suitable version "3.8.10", minimum required is "3") 
-- Using PYTHON_EXECUTABLE: /usr/bin/python3
-- Found rclpy: 1.0.13 (/opt/ros/foxy/share/rclpy/cmake)
-- Found std_msgs: 2.0.5 (/opt/ros/foxy/share/std_msgs/cmake)
-- Using all available rosidl_typesupport_c: rosidl_typesupport_fastrtps_c;rosidl_typesupport_introspection_c
-- Found rosidl_adapter: 1.3.1 (/opt/ros/foxy/share/rosidl_adapter/cmake)
-- Found OpenSSL: /usr/lib/x86_64-linux-gnu/libcrypto.so (found version "1.1.1f")  
-- Found FastRTPS: /opt/ros/foxy/include  
-- Using all available rosidl_typesupport_cpp: rosidl_typesupport_fastrtps_cpp;rosidl_typesupport_introspection_cpp
-- Found sensor_msgs: 2.0.5 (/opt/ros/foxy/share/sensor_msgs/cmake)
-- Found cv_bridge: 3.0.7 (/opt/ros/foxy/share/cv_bridge/cmake)
-- Found rosidl_default_generators: 1.0.1 (/opt/ros/foxy/share/rosidl_default_generators/cmake)
-- Found PythonInterp: /usr/bin/python3 (found version "3.8.10") 
-- Found ament_cmake_ros: 0.9.2 (/opt/ros/foxy/share/ament_cmake_ros/cmake)
-- Using all available rosidl_typesupport_c: rosidl_typesupport_fastrtps_c;rosidl_typesupport_introspection_c
-- Using all available rosidl_typesupport_cpp: rosidl_typesupport_fastrtps_cpp;rosidl_typesupport_introspection_cpp
-- Found PythonInterp: /usr/bin/python3 (found suitable version "3.8.10", minimum required is "3.5") 
-- Found python_cmake_module: 0.8.1 (/opt/ros/foxy/share/python_cmake_module/cmake)
-- Found PythonLibs: /usr/lib/x86_64-linux-gnu/libpython3.8.so (found suitable version "3.8.10", minimum required is "3.5") 
-- Using PYTHON_EXECUTABLE: /usr/bin/python3
-- Using PYTHON_INCLUDE_DIRS: /usr/include/python3.8
-- Using PYTHON_LIBRARIES: /usr/lib/x86_64-linux-gnu/libpython3.8.so
-- Found PythonExtra: .so  
-- Found ament_lint_auto: 0.9.8 (/opt/ros/foxy/share/ament_lint_auto/cmake)
-- Added test 'copyright' to check source files copyright and LICENSE
-- Added test 'cppcheck' to perform static code analysis on C / C++ code
-- Configured cppcheck include dirs: $<BUILD_INTERFACE:/root/ws/ros2_pupil_neon/build/tobii_glasses_pkg/rosidl_generator_c>;/root/ws/ros2_pupil_neon/build/tobii_glasses_pkg/rosidl_generator_c;/root/ws/ros2_pupil_neon/build/tobii_glasses_pkg/rosidl_generator_cpp;/root/ws/ros2_pupil_neon/build/tobii_glasses_pkg/rosidl_typesupport_fastrtps_c;/root/ws/ros2_pupil_neon/build/tobii_glasses_pkg/rosidl_typesupport_fastrtps_cpp;$<BUILD_INTERFACE:/root/ws/ros2_pupil_neon/build/tobii_glasses_pkg/rosidl_typesupport_introspection_c>;$<BUILD_INTERFACE:/root/ws/ros2_pupil_neon/build/tobii_glasses_pkg/rosidl_typesupport_c>;$<BUILD_INTERFACE:/root/ws/ros2_pupil_neon/build/tobii_glasses_pkg/rosidl_generator_cpp>;/root/ws/ros2_pupil_neon/build/tobii_glasses_pkg/rosidl_generator_py
-- Configured cppcheck exclude dirs and/or files: 
-- Added test 'cpplint' to check C / C++ code against the Google style
-- Configured cpplint exclude dirs and/or files: 
-- Added test 'flake8' to check Python code syntax and style conventions
-- Added test 'lint_cmake' to check CMake code style
-- Added test 'pep257' to check Python code against some of the style conventions in PEP 257
-- Added test 'uncrustify' to check C / C++ code style
-- Configured uncrustify additional arguments: 
-- Added test 'xmllint' to check XML markup files
-- Configuring done
-- Generating done
-- Build files have been written to: /root/ws/ros2_pupil_neon/build/tobii_glasses_pkg
[35m[1mScanning dependencies of target tobii_glasses_pkg__cpp[0m
[  2%] [34m[1mGenerating C code for ROS interfaces[0m
[  5%] [34m[1mGenerating C++ code for ROS interfaces[0m
[  5%] Built target tobii_glasses_pkg__cpp
[ 12%] [34m[1mGenerating C++ type support for eProsima Fast-RTPS[0m
[ 12%] [34m[1mGenerating C++ type support dispatch for ROS interfaces[0m
[ 12%] [34m[1mGenerating C++ introspection for ROS interfaces[0m
[35m[1mScanning dependencies of target tobii_glasses_pkg__rosidl_generator_c[0m
[ 15%] [32mBuilding C object CMakeFiles/tobii_glasses_pkg__rosidl_generator_c.dir/rosidl_generator_c/tobii_glasses_pkg/msg/detail/tobii_glasses__functions.c.o[0m
[ 17%] [32mBuilding C object CMakeFiles/tobii_glasses_pkg__rosidl_generator_c.dir/rosidl_generator_c/tobii_glasses_pkg/msg/detail/eye_data__functions.c.o[0m
[ 20%] [32m[1mLinking C shared library libtobii_glasses_pkg__rosidl_generator_c.so[0m
[ 20%] Built target tobii_glasses_pkg__rosidl_generator_c
[ 23%] [34m[1mGenerating C type support dispatch for ROS interfaces[0m
[ 25%] [34m[1mGenerating C introspection for ROS interfaces[0m
[35m[1mScanning dependencies of target tobii_glasses_pkg__rosidl_typesupport_cpp[0m
[35m[1mScanning dependencies of target tobii_glasses_pkg__rosidl_typesupport_introspection_cpp[0m
[ 28%] [32mBuilding CXX object CMakeFiles/tobii_glasses_pkg__rosidl_typesupport_cpp.dir/rosidl_typesupport_cpp/tobii_glasses_pkg/msg/eye_data__type_support.cpp.o[0m
[ 30%] [32mBuilding CXX object CMakeFiles/tobii_glasses_pkg__rosidl_typesupport_cpp.dir/rosidl_typesupport_cpp/tobii_glasses_pkg/msg/tobii_glasses__type_support.cpp.o[0m
[ 33%] [32mBuilding CXX object CMakeFiles/tobii_glasses_pkg__rosidl_typesupport_introspection_cpp.dir/rosidl_typesupport_introspection_cpp/tobii_glasses_pkg/msg/detail/eye_data__type_support.cpp.o[0m
[ 35%] [32mBuilding CXX object CMakeFiles/tobii_glasses_pkg__rosidl_typesupport_introspection_cpp.dir/rosidl_typesupport_introspection_cpp/tobii_glasses_pkg/msg/detail/tobii_glasses__type_support.cpp.o[0m
[35m[1mScanning dependencies of target tobii_glasses_pkg__rosidl_typesupport_fastrtps_cpp[0m
[ 38%] [32mBuilding CXX object CMakeFiles/tobii_glasses_pkg__rosidl_typesupport_fastrtps_cpp.dir/rosidl_typesupport_fastrtps_cpp/tobii_glasses_pkg/msg/detail/dds_fastrtps/tobii_glasses__type_support.cpp.o[0m
[ 41%] [32mBuilding CXX object CMakeFiles/tobii_glasses_pkg__rosidl_typesupport_fastrtps_cpp.dir/rosidl_typesupport_fastrtps_cpp/tobii_glasses_pkg/msg/detail/dds_fastrtps/eye_data__type_support.cpp.o[0m
[35m[1mScanning dependencies of target tobii_glasses_pkg__rosidl_typesupport_c[0m
[ 43%] [32mBuilding CXX object CMakeFiles/tobii_glasses_pkg__rosidl_typesupport_c.dir/rosidl_typesupport_c/tobii_glasses_pkg/msg/eye_data__type_support.cpp.o[0m
[ 46%] [32mBuilding CXX object CMakeFiles/tobii_glasses_pkg__rosidl_typesupport_c.dir/rosidl_typesupport_c/tobii_glasses_pkg/msg/tobii_glasses__type_support.cpp.o[0m
[ 48%] [32m[1mLinking CXX shared library libtobii_glasses_pkg__rosidl_typesupport_c.so[0m
[35m[1mScanning dependencies of target tobii_glasses_pkg__rosidl_typesupport_introspection_c[0m
[ 48%] Built target tobii_glasses_pkg__rosidl_typesupport_c
[ 51%] [32mBuilding C object CMakeFiles/tobii_glasses_pkg__rosidl_typesupport_introspection_c.dir/rosidl_typesupport_introspection_c/tobii_glasses_pkg/msg/detail/eye_data__type_support.c.o[0m
[ 53%] [32mBuilding C object CMakeFiles/tobii_glasses_pkg__rosidl_typesupport_introspection_c.dir/rosidl_typesupport_introspection_c/tobii_glasses_pkg/msg/detail/tobii_glasses__type_support.c.o[0m
[ 56%] [32m[1mLinking C shared library libtobii_glasses_pkg__rosidl_typesupport_introspection_c.so[0m
[ 56%] Built target tobii_glasses_pkg__rosidl_typesupport_introspection_c
[ 58%] [32m[1mLinking CXX shared library libtobii_glasses_pkg__rosidl_typesupport_introspection_cpp.so[0m
[ 61%] [32m[1mLinking CXX shared library libtobii_glasses_pkg__rosidl_typesupport_cpp.so[0m
[ 61%] Built target tobii_glasses_pkg__rosidl_typesupport_cpp
[ 61%] Built target tobii_glasses_pkg__rosidl_typesupport_introspection_cpp
[ 64%] [32m[1mLinking CXX shared library libtobii_glasses_pkg__rosidl_typesupport_fastrtps_cpp.so[0m
[ 64%] Built target tobii_glasses_pkg__rosidl_typesupport_fastrtps_cpp
[ 66%] [34m[1mGenerating C type support for eProsima Fast-RTPS[0m
[35m[1mScanning dependencies of target tobii_glasses_pkg__rosidl_typesupport_fastrtps_c[0m
[ 71%] [32mBuilding CXX object CMakeFiles/tobii_glasses_pkg__rosidl_typesupport_fastrtps_c.dir/rosidl_typesupport_fastrtps_c/tobii_glasses_pkg/msg/detail/tobii_glasses__type_support_c.cpp.o[0m
[ 71%] [32mBuilding CXX object CMakeFiles/tobii_glasses_pkg__rosidl_typesupport_fastrtps_c.dir/rosidl_typesupport_fastrtps_c/tobii_glasses_pkg/msg/detail/eye_data__type_support_c.cpp.o[0m
[ 74%] [32m[1mLinking CXX shared library libtobii_glasses_pkg__rosidl_typesupport_fastrtps_c.so[0m
[ 74%] Built target tobii_glasses_pkg__rosidl_typesupport_fastrtps_c
[35m[1mScanning dependencies of target tobii_glasses_pkg[0m
[ 74%] Built target tobii_glasses_pkg
[35m[1mScanning dependencies of target tobii_glasses_pkg__py[0m
[ 76%] [34m[1mGenerating Python code for ROS interfaces[0m
[ 76%] Built target tobii_glasses_pkg__py
[35m[1mScanning dependencies of target tobii_glasses_pkg__python[0m
[ 82%] [32mBuilding C object CMakeFiles/tobii_glasses_pkg__python.dir/rosidl_generator_py/tobii_glasses_pkg/msg/_tobii_glasses_s.c.o[0m
[ 82%] [32mBuilding C object CMakeFiles/tobii_glasses_pkg__python.dir/rosidl_generator_py/tobii_glasses_pkg/msg/_eye_data_s.c.o[0m
[ 84%] [32m[1mLinking C shared library rosidl_generator_py/tobii_glasses_pkg/libtobii_glasses_pkg__python.so[0m
[ 84%] Built target tobii_glasses_pkg__python
[35m[1mScanning dependencies of target tobii_glasses_pkg__rosidl_typesupport_c__pyext[0m
[35m[1mScanning dependencies of target tobii_glasses_pkg__rosidl_typesupport_introspection_c__pyext[0m
[35m[1mScanning dependencies of target tobii_glasses_pkg__rosidl_typesupport_fastrtps_c__pyext[0m
[ 89%] [32mBuilding C object CMakeFiles/tobii_glasses_pkg__rosidl_typesupport_introspection_c__pyext.dir/rosidl_generator_py/tobii_glasses_pkg/_tobii_glasses_pkg_s.ep.rosidl_typesupport_introspection_c.c.o[0m
[ 89%] [32mBuilding C object CMakeFiles/tobii_glasses_pkg__rosidl_typesupport_c__pyext.dir/rosidl_generator_py/tobii_glasses_pkg/_tobii_glasses_pkg_s.ep.rosidl_typesupport_c.c.o[0m
[ 92%] [32mBuilding C object CMakeFiles/tobii_glasses_pkg__rosidl_typesupport_fastrtps_c__pyext.dir/rosidl_generator_py/tobii_glasses_pkg/_tobii_glasses_pkg_s.ep.rosidl_typesupport_fastrtps_c.c.o[0m
[ 94%] [32m[1mLinking C shared library rosidl_generator_py/tobii_glasses_pkg/tobii_glasses_pkg_s__rosidl_typesupport_introspection_c.cpython-38-x86_64-linux-gnu.so[0m
[ 97%] [32m[1mLinking C shared library rosidl_generator_py/tobii_glasses_pkg/tobii_glasses_pkg_s__rosidl_typesupport_c.cpython-38-x86_64-linux-gnu.so[0m
[100%] [32m[1mLinking CXX shared library rosidl_generator_py/tobii_glasses_pkg/tobii_glasses_pkg_s__rosidl_typesupport_fastrtps_c.cpython-38-x86_64-linux-gnu.so[0m
[100%] Built target tobii_glasses_pkg__rosidl_typesupport_introspection_c__pyext
[100%] Built target tobii_glasses_pkg__rosidl_typesupport_c__pyext
[100%] Built target tobii_glasses_pkg__rosidl_typesupport_fastrtps_c__pyext
-- Install configuration: ""
-- Installing: /root/ws/ros2_pupil_neon/install/tobii_glasses_pkg/share/tobii_glasses_pkg//launch
-- Installing: /root/ws/ros2_pupil_neon/install/tobii_glasses_pkg/share/tobii_glasses_pkg//launch/pupil.launch.py
-- Installing: /root/ws/ros2_pupil_neon/install/tobii_glasses_pkg/share/tobii_glasses_pkg//launch/pupil_devel.launch.py
-- Installing: /root/ws/ros2_pupil_neon/install/tobii_glasses_pkg/share/tobii_glasses_pkg/environment/pythonpath.sh
-- Installing: /root/ws/ros2_pupil_neon/install/tobii_glasses_pkg/share/tobii_glasses_pkg/environment/pythonpath.dsv
-- Installing: /root/ws/ros2_pupil_neon/install/tobii_glasses_pkg/lib/python3.8/site-packages/tobii_glasses_pkg
-- Installing: /root/ws/ros2_pupil_neon/install/tobii_glasses_pkg/lib/python3.8/site-packages/tobii_glasses_pkg/tobii_glasses_buffer.py
-- Installing: /root/ws/ros2_pupil_neon/install/tobii_glasses_pkg/lib/python3.8/site-packages/tobii_glasses_pkg/video_capture.py
-- Installing: /root/ws/ros2_pupil_neon/install/tobii_glasses_pkg/lib/python3.8/site-packages/tobii_glasses_pkg/__init__.py
Listing '/root/ws/ros2_pupil_neon/install/tobii_glasses_pkg/lib/python3.8/site-packages/tobii_glasses_pkg'...
Compiling '/root/ws/ros2_pupil_neon/install/tobii_glasses_pkg/lib/python3.8/site-packages/tobii_glasses_pkg/__init__.py'...
Compiling '/root/ws/ros2_pupil_neon/install/tobii_glasses_pkg/lib/python3.8/site-packages/tobii_glasses_pkg/tobii_glasses_buffer.py'...
Compiling '/root/ws/ros2_pupil_neon/install/tobii_glasses_pkg/lib/python3.8/site-packages/tobii_glasses_pkg/video_capture.py'...
-- Installing: /root/ws/ros2_pupil_neon/install/tobii_glasses_pkg/lib/tobii_glasses_pkg/tobii_glasses.py
-- Installing: /root/ws/ros2_pupil_neon/install/tobii_glasses_pkg/lib/tobii_glasses_pkg/frame_publisher.py
-- Installing: /root/ws/ros2_pupil_neon/install/tobii_glasses_pkg/share/ament_index/resource_index/rosidl_interfaces/tobii_glasses_pkg
-- Installing: /root/ws/ros2_pupil_neon/install/tobii_glasses_pkg/include/tobii_glasses_pkg
-- Installing: /root/ws/ros2_pupil_neon/install/tobii_glasses_pkg/include/tobii_glasses_pkg/msg
-- Installing: /root/ws/ros2_pupil_neon/install/tobii_glasses_pkg/include/tobii_glasses_pkg/msg/eye_data.h
-- Installing: /root/ws/ros2_pupil_neon/install/tobii_glasses_pkg/include/tobii_glasses_pkg/msg/tobii_glasses.h
-- Installing: /root/ws/ros2_pupil_neon/install/tobii_glasses_pkg/include/tobii_glasses_pkg/msg/rosidl_generator_c__visibility_control.h
-- Installing: /root/ws/ros2_pupil_neon/install/tobii_glasses_pkg/include/tobii_glasses_pkg/msg/detail
-- Installing: /root/ws/ros2_pupil_neon/install/tobii_glasses_pkg/include/tobii_glasses_pkg/msg/detail/eye_data__struct.h
-- Installing: /root/ws/ros2_pupil_neon/install/tobii_glasses_pkg/include/tobii_glasses_pkg/msg/detail/eye_data__type_support.h
-- Installing: /root/ws/ros2_pupil_neon/install/tobii_glasses_pkg/include/tobii_glasses_pkg/msg/detail/tobii_glasses__functions.h
-- Installing: /root/ws/ros2_pupil_neon/install/tobii_glasses_pkg/include/tobii_glasses_pkg/msg/detail/tobii_glasses__type_support.h
-- Installing: /root/ws/ros2_pupil_neon/install/tobii_glasses_pkg/include/tobii_glasses_pkg/msg/detail/tobii_glasses__functions.c
-- Installing: /root/ws/ros2_pupil_neon/install/tobii_glasses_pkg/include/tobii_glasses_pkg/msg/detail/tobii_glasses__struct.h
-- Installing: /root/ws/ros2_pupil_neon/install/tobii_glasses_pkg/include/tobii_glasses_pkg/msg/detail/eye_data__functions.c
-- Installing: /root/ws/ros2_pupil_neon/install/tobii_glasses_pkg/include/tobii_glasses_pkg/msg/detail/eye_data__functions.h
-- Installing: /root/ws/ros2_pupil_neon/install/tobii_glasses_pkg/share/tobii_glasses_pkg/environment/library_path.sh
-- Installing: /root/ws/ros2_pupil_neon/install/tobii_glasses_pkg/share/tobii_glasses_pkg/environment/library_path.dsv
-- Installing: /root/ws/ros2_pupil_neon/install/tobii_glasses_pkg/lib/libtobii_glasses_pkg__rosidl_generator_c.so
-- Set runtime path of "/root/ws/ros2_pupil_neon/install/tobii_glasses_pkg/lib/libtobii_glasses_pkg__rosidl_generator_c.so" to ""
-- Up-to-date: /root/ws/ros2_pupil_neon/install/tobii_glasses_pkg/include/tobii_glasses_pkg
-- Up-to-date: /root/ws/ros2_pupil_neon/install/tobii_glasses_pkg/include/tobii_glasses_pkg/msg
-- Installing: /root/ws/ros2_pupil_neon/install/tobii_glasses_pkg/include/tobii_glasses_pkg/msg/rosidl_typesupport_fastrtps_c__visibility_control.h
-- Up-to-date: /root/ws/ros2_pupil_neon/install/tobii_glasses_pkg/include/tobii_glasses_pkg/msg/detail
-- Installing: /root/ws/ros2_pupil_neon/install/tobii_glasses_pkg/include/tobii_glasses_pkg/msg/detail/eye_data__rosidl_typesupport_fastrtps_c.h
-- Installing: /root/ws/ros2_pupil_neon/install/tobii_glasses_pkg/include/tobii_glasses_pkg/msg/detail/tobii_glasses__rosidl_typesupport_fastrtps_c.h
-- Installing: /root/ws/ros2_pupil_neon/install/tobii_glasses_pkg/lib/libtobii_glasses_pkg__rosidl_typesupport_fastrtps_c.so
-- Set runtime path of "/root/ws/ros2_pupil_neon/install/tobii_glasses_pkg/lib/libtobii_glasses_pkg__rosidl_typesupport_fastrtps_c.so" to ""
-- Up-to-date: /root/ws/ros2_pupil_neon/install/tobii_glasses_pkg/include/tobii_glasses_pkg
-- Up-to-date: /root/ws/ros2_pupil_neon/install/tobii_glasses_pkg/include/tobii_glasses_pkg/msg
-- Installing: /root/ws/ros2_pupil_neon/install/tobii_glasses_pkg/include/tobii_glasses_pkg/msg/rosidl_typesupport_fastrtps_cpp__visibility_control.h
-- Up-to-date: /root/ws/ros2_pupil_neon/install/tobii_glasses_pkg/include/tobii_glasses_pkg/msg/detail
-- Installing: /root/ws/ros2_pupil_neon/install/tobii_glasses_pkg/include/tobii_glasses_pkg/msg/detail/tobii_glasses__rosidl_typesupport_fastrtps_cpp.hpp
-- Installing: /root/ws/ros2_pupil_neon/install/tobii_glasses_pkg/include/tobii_glasses_pkg/msg/detail/eye_data__rosidl_typesupport_fastrtps_cpp.hpp
-- Installing: /root/ws/ros2_pupil_neon/install/tobii_glasses_pkg/include/tobii_glasses_pkg/msg/detail/dds_fastrtps
-- Installing: /root/ws/ros2_pupil_neon/install/tobii_glasses_pkg/lib/libtobii_glasses_pkg__rosidl_typesupport_fastrtps_cpp.so
-- Set runtime path of "/root/ws/ros2_pupil_neon/install/tobii_glasses_pkg/lib/libtobii_glasses_pkg__rosidl_typesupport_fastrtps_cpp.so" to ""
-- Up-to-date: /root/ws/ros2_pupil_neon/install/tobii_glasses_pkg/include/tobii_glasses_pkg
-- Up-to-date: /root/ws/ros2_pupil_neon/install/tobii_glasses_pkg/include/tobii_glasses_pkg/msg
-- Installing: /root/ws/ros2_pupil_neon/install/tobii_glasses_pkg/include/tobii_glasses_pkg/msg/rosidl_typesupport_introspection_c__visibility_control.h
-- Up-to-date: /root/ws/ros2_pupil_neon/install/tobii_glasses_pkg/include/tobii_glasses_pkg/msg/detail
-- Installing: /root/ws/ros2_pupil_neon/install/tobii_glasses_pkg/include/tobii_glasses_pkg/msg/detail/eye_data__rosidl_typesupport_introspection_c.h
-- Installing: /root/ws/ros2_pupil_neon/install/tobii_glasses_pkg/include/tobii_glasses_pkg/msg/detail/tobii_glasses__type_support.c
-- Installing: /root/ws/ros2_pupil_neon/install/tobii_glasses_pkg/include/tobii_glasses_pkg/msg/detail/tobii_glasses__rosidl_typesupport_introspection_c.h
-- Installing: /root/ws/ros2_pupil_neon/install/tobii_glasses_pkg/include/tobii_glasses_pkg/msg/detail/eye_data__type_support.c
-- Installing: /root/ws/ros2_pupil_neon/install/tobii_glasses_pkg/lib/libtobii_glasses_pkg__rosidl_typesupport_introspection_c.so
-- Set runtime path of "/root/ws/ros2_pupil_neon/install/tobii_glasses_pkg/lib/libtobii_glasses_pkg__rosidl_typesupport_introspection_c.so" to ""
-- Installing: /root/ws/ros2_pupil_neon/install/tobii_glasses_pkg/lib/libtobii_glasses_pkg__rosidl_typesupport_c.so
-- Set runtime path of "/root/ws/ros2_pupil_neon/install/tobii_glasses_pkg/lib/libtobii_glasses_pkg__rosidl_typesupport_c.so" to ""
-- Up-to-date: /root/ws/ros2_pupil_neon/install/tobii_glasses_pkg/include/tobii_glasses_pkg
-- Up-to-date: /root/ws/ros2_pupil_neon/install/tobii_glasses_pkg/include/tobii_glasses_pkg/msg
-- Installing: /root/ws/ros2_pupil_neon/install/tobii_glasses_pkg/include/tobii_glasses_pkg/msg/rosidl_generator_cpp__visibility_control.hpp
-- Installing: /root/ws/ros2_pupil_neon/install/tobii_glasses_pkg/include/tobii_glasses_pkg/msg/tobii_glasses.hpp
-- Installing: /root/ws/ros2_pupil_neon/install/tobii_glasses_pkg/include/tobii_glasses_pkg/msg/eye_data.hpp
-- Up-to-date: /root/ws/ros2_pupil_neon/install/tobii_glasses_pkg/include/tobii_glasses_pkg/msg/detail
-- Installing: /root/ws/ros2_pupil_neon/install/tobii_glasses_pkg/include/tobii_glasses_pkg/msg/detail/tobii_glasses__builder.hpp
-- Installing: /root/ws/ros2_pupil_neon/install/tobii_glasses_pkg/include/tobii_glasses_pkg/msg/detail/eye_data__builder.hpp
-- Installing: /root/ws/ros2_pupil_neon/install/tobii_glasses_pkg/include/tobii_glasses_pkg/msg/detail/tobii_glasses__traits.hpp
-- Installing: /root/ws/ros2_pupil_neon/install/tobii_glasses_pkg/include/tobii_glasses_pkg/msg/detail/eye_data__type_support.hpp
-- Installing: /root/ws/ros2_pupil_neon/install/tobii_glasses_pkg/include/tobii_glasses_pkg/msg/detail/eye_data__traits.hpp
-- Installing: /root/ws/ros2_pupil_neon/install/tobii_glasses_pkg/include/tobii_glasses_pkg/msg/detail/eye_data__struct.hpp
-- Installing: /root/ws/ros2_pupil_neon/install/tobii_glasses_pkg/include/tobii_glasses_pkg/msg/detail/tobii_glasses__struct.hpp
-- Installing: /root/ws/ros2_pupil_neon/install/tobii_glasses_pkg/include/tobii_glasses_pkg/msg/detail/tobii_glasses__type_support.hpp
-- Up-to-date: /root/ws/ros2_pupil_neon/install/tobii_glasses_pkg/include/tobii_glasses_pkg
-- Up-to-date: /root/ws/ros2_pupil_neon/install/tobii_glasses_pkg/include/tobii_glasses_pkg/msg
-- Up-to-date: /root/ws/ros2_pupil_neon/install/tobii_glasses_pkg/include/tobii_glasses_pkg/msg/detail
-- Installing: /root/ws/ros2_pupil_neon/install/tobii_glasses_pkg/include/tobii_glasses_pkg/msg/detail/tobii_glasses__rosidl_typesupport_introspection_cpp.hpp
-- Installing: /root/ws/ros2_pupil_neon/install/tobii_glasses_pkg/include/tobii_glasses_pkg/msg/detail/eye_data__rosidl_typesupport_introspection_cpp.hpp
-- Installing: /root/ws/ros2_pupil_neon/install/tobii_glasses_pkg/include/tobii_glasses_pkg/msg/detail/eye_data__type_support.cpp
-- Installing: /root/ws/ros2_pupil_neon/install/tobii_glasses_pkg/include/tobii_glasses_pkg/msg/detail/tobii_glasses__type_support.cpp
-- Installing: /root/ws/ros2_pupil_neon/install/tobii_glasses_pkg/lib/libtobii_glasses_pkg__rosidl_typesupport_introspection_cpp.so
-- Set runtime path of "/root/ws/ros2_pupil_neon/install/tobii_glasses_pkg/lib/libtobii_glasses_pkg__rosidl_typesupport_introspection_cpp.so" to ""
-- Installing: /root/ws/ros2_pupil_neon/install/tobii_glasses_pkg/lib/libtobii_glasses_pkg__rosidl_typesupport_cpp.so
-- Set runtime path of "/root/ws/ros2_pupil_neon/install/tobii_glasses_pkg/lib/libtobii_glasses_pkg__rosidl_typesupport_cpp.so" to ""
-- Installing: /root/ws/ros2_pupil_neon/install/tobii_glasses_pkg/lib/python3.8/site-packages/tobii_glasses_pkg/__init__.py
Compiling '/root/ws/ros2_pupil_neon/install/tobii_glasses_pkg/lib/python3.8/site-packages/tobii_glasses_pkg/__init__.py'...
-- Installing: /root/ws/ros2_pupil_neon/install/tobii_glasses_pkg/lib/python3.8/site-packages/tobii_glasses_pkg/msg
-- Installing: /root/ws/ros2_pupil_neon/install/tobii_glasses_pkg/lib/python3.8/site-packages/tobii_glasses_pkg/msg/_eye_data_s.c
-- Installing: /root/ws/ros2_pupil_neon/install/tobii_glasses_pkg/lib/python3.8/site-packages/tobii_glasses_pkg/msg/_tobii_glasses.py
-- Installing: /root/ws/ros2_pupil_neon/install/tobii_glasses_pkg/lib/python3.8/site-packages/tobii_glasses_pkg/msg/__init__.py
-- Installing: /root/ws/ros2_pupil_neon/install/tobii_glasses_pkg/lib/python3.8/site-packages/tobii_glasses_pkg/msg/_tobii_glasses_s.c
-- Installing: /root/ws/ros2_pupil_neon/install/tobii_glasses_pkg/lib/python3.8/site-packages/tobii_glasses_pkg/msg/_eye_data.py
-- Installing: /root/ws/ros2_pupil_neon/install/tobii_glasses_pkg/lib/python3.8/site-packages/tobii_glasses_pkg/tobii_glasses_pkg_s__rosidl_typesupport_fastrtps_c.cpython-38-x86_64-linux-gnu.so
-- Set runtime path of "/root/ws/ros2_pupil_neon/install/tobii_glasses_pkg/lib/python3.8/site-packages/tobii_glasses_pkg/tobii_glasses_pkg_s__rosidl_typesupport_fastrtps_c.cpython-38-x86_64-linux-gnu.so" to ""
-- Installing: /root/ws/ros2_pupil_neon/install/tobii_glasses_pkg/lib/python3.8/site-packages/tobii_glasses_pkg/tobii_glasses_pkg_s__rosidl_typesupport_introspection_c.cpython-38-x86_64-linux-gnu.so
-- Set runtime path of "/root/ws/ros2_pupil_neon/install/tobii_glasses_pkg/lib/python3.8/site-packages/tobii_glasses_pkg/tobii_glasses_pkg_s__rosidl_typesupport_introspection_c.cpython-38-x86_64-linux-gnu.so" to ""
-- Installing: /root/ws/ros2_pupil_neon/install/tobii_glasses_pkg/lib/python3.8/site-packages/tobii_glasses_pkg/tobii_glasses_pkg_s__rosidl_typesupport_c.cpython-38-x86_64-linux-gnu.so
-- Set runtime path of "/root/ws/ros2_pupil_neon/install/tobii_glasses_pkg/lib/python3.8/site-packages/tobii_glasses_pkg/tobii_glasses_pkg_s__rosidl_typesupport_c.cpython-38-x86_64-linux-gnu.so" to ""
-- Installing: /root/ws/ros2_pupil_neon/install/tobii_glasses_pkg/lib/libtobii_glasses_pkg__python.so
-- Set runtime path of "/root/ws/ros2_pupil_neon/install/tobii_glasses_pkg/lib/libtobii_glasses_pkg__python.so" to ""
-- Installing: /root/ws/ros2_pupil_neon/install/tobii_glasses_pkg/share/tobii_glasses_pkg/msg/TobiiGlasses.idl
-- Installing: /root/ws/ros2_pupil_neon/install/tobii_glasses_pkg/share/tobii_glasses_pkg/msg/EyeData.idl
-- Installing: /root/ws/ros2_pupil_neon/install/tobii_glasses_pkg/share/tobii_glasses_pkg/msg/TobiiGlasses.msg
-- Installing: /root/ws/ros2_pupil_neon/install/tobii_glasses_pkg/share/tobii_glasses_pkg/msg/EyeData.msg
-- Installing: /root/ws/ros2_pupil_neon/install/tobii_glasses_pkg/share/ament_index/resource_index/package_run_dependencies/tobii_glasses_pkg
-- Installing: /root/ws/ros2_pupil_neon/install/tobii_glasses_pkg/share/ament_index/resource_index/parent_prefix_path/tobii_glasses_pkg
-- Installing: /root/ws/ros2_pupil_neon/install/tobii_glasses_pkg/share/tobii_glasses_pkg/environment/ament_prefix_path.sh
-- Installing: /root/ws/ros2_pupil_neon/install/tobii_glasses_pkg/share/tobii_glasses_pkg/environment/ament_prefix_path.dsv
-- Installing: /root/ws/ros2_pupil_neon/install/tobii_glasses_pkg/share/tobii_glasses_pkg/environment/path.sh
-- Installing: /root/ws/ros2_pupil_neon/install/tobii_glasses_pkg/share/tobii_glasses_pkg/environment/path.dsv
-- Installing: /root/ws/ros2_pupil_neon/install/tobii_glasses_pkg/share/tobii_glasses_pkg/local_setup.bash
-- Installing: /root/ws/ros2_pupil_neon/install/tobii_glasses_pkg/share/tobii_glasses_pkg/local_setup.sh
-- Installing: /root/ws/ros2_pupil_neon/install/tobii_glasses_pkg/share/tobii_glasses_pkg/local_setup.zsh
-- Installing: /root/ws/ros2_pupil_neon/install/tobii_glasses_pkg/share/tobii_glasses_pkg/local_setup.dsv
-- Installing: /root/ws/ros2_pupil_neon/install/tobii_glasses_pkg/share/tobii_glasses_pkg/package.dsv
-- Installing: /root/ws/ros2_pupil_neon/install/tobii_glasses_pkg/share/ament_index/resource_index/packages/tobii_glasses_pkg
-- Installing: /root/ws/ros2_pupil_neon/install/tobii_glasses_pkg/share/tobii_glasses_pkg/cmake/tobii_glasses_pkg__rosidl_generator_cExport.cmake
-- Installing: /root/ws/ros2_pupil_neon/install/tobii_glasses_pkg/share/tobii_glasses_pkg/cmake/tobii_glasses_pkg__rosidl_generator_cExport-noconfig.cmake
-- Installing: /root/ws/ros2_pupil_neon/install/tobii_glasses_pkg/share/tobii_glasses_pkg/cmake/tobii_glasses_pkg__rosidl_typesupport_introspection_cExport.cmake
-- Installing: /root/ws/ros2_pupil_neon/install/tobii_glasses_pkg/share/tobii_glasses_pkg/cmake/tobii_glasses_pkg__rosidl_typesupport_introspection_cExport-noconfig.cmake
-- Installing: /root/ws/ros2_pupil_neon/install/tobii_glasses_pkg/share/tobii_glasses_pkg/cmake/tobii_glasses_pkg__rosidl_typesupport_cExport.cmake
-- Installing: /root/ws/ros2_pupil_neon/install/tobii_glasses_pkg/share/tobii_glasses_pkg/cmake/tobii_glasses_pkg__rosidl_typesupport_cExport-noconfig.cmake
-- Installing: /root/ws/ros2_pupil_neon/install/tobii_glasses_pkg/share/tobii_glasses_pkg/cmake/tobii_glasses_pkg__rosidl_generator_cppExport.cmake
-- Installing: /root/ws/ros2_pupil_neon/install/tobii_glasses_pkg/share/tobii_glasses_pkg/cmake/tobii_glasses_pkg__rosidl_typesupport_introspection_cppExport.cmake
-- Installing: /root/ws/ros2_pupil_neon/install/tobii_glasses_pkg/share/tobii_glasses_pkg/cmake/tobii_glasses_pkg__rosidl_typesupport_introspection_cppExport-noconfig.cmake
-- Installing: /root/ws/ros2_pupil_neon/install/tobii_glasses_pkg/share/tobii_glasses_pkg/cmake/tobii_glasses_pkg__rosidl_typesupport_cppExport.cmake
-- Installing: /root/ws/ros2_pupil_neon/install/tobii_glasses_pkg/share/tobii_glasses_pkg/cmake/tobii_glasses_pkg__rosidl_typesupport_cppExport-noconfig.cmake
-- Installing: /root/ws/ros2_pupil_neon/install/tobii_glasses_pkg/share/tobii_glasses_pkg/cmake/rosidl_cmake-extras.cmake
-- Installing: /root/ws/ros2_pupil_neon/install/tobii_glasses_pkg/share/tobii_glasses_pkg/cmake/ament_cmake_export_dependencies-extras.cmake
-- Installing: /root/ws/ros2_pupil_neon/install/tobii_glasses_pkg/share/tobii_glasses_pkg/cmake/ament_cmake_export_libraries-extras.cmake
-- Installing: /root/ws/ros2_pupil_neon/install/tobii_glasses_pkg/share/tobii_glasses_pkg/cmake/ament_cmake_export_targets-extras.cmake
-- Installing: /root/ws/ros2_pupil_neon/install/tobii_glasses_pkg/share/tobii_glasses_pkg/cmake/ament_cmake_export_include_directories-extras.cmake
-- Installing: /root/ws/ros2_pupil_neon/install/tobii_glasses_pkg/share/tobii_glasses_pkg/cmake/rosidl_cmake_export_typesupport_libraries-extras.cmake
-- Installing: /root/ws/ros2_pupil_neon/install/tobii_glasses_pkg/share/tobii_glasses_pkg/cmake/rosidl_cmake_export_typesupport_targets-extras.cmake
-- Installing: /root/ws/ros2_pupil_neon/install/tobii_glasses_pkg/share/tobii_glasses_pkg/cmake/tobii_glasses_pkgConfig.cmake
-- Installing: /root/ws/ros2_pupil_neon/install/tobii_glasses_pkg/share/tobii_glasses_pkg/cmake/tobii_glasses_pkgConfig-version.cmake
-- Installing: /root/ws/ros2_pupil_neon/install/tobii_glasses_pkg/share/tobii_glasses_pkg/package.xml
