[0.015s] Invoking command in '/root/ws/ros2_pupil_neon/build/tobii_glasses_pkg': CMAKE_PREFIX_PATH=/opt/ros/foxy /usr/bin/cmake /root/ws/ros2_pupil_neon -DCMAKE_INSTALL_PREFIX=/root/ws/ros2_pupil_neon/install/tobii_glasses_pkg
[0.108s] -- The C compiler identification is GNU 9.4.0
[0.164s] -- The CXX compiler identification is GNU 9.4.0
[0.171s] -- Check for working C compiler: /usr/bin/cc
[0.234s] -- Check for working C compiler: /usr/bin/cc -- works
[0.236s] -- Detecting C compiler ABI info
[0.295s] -- Detecting C compiler ABI info - done
[0.305s] -- Detecting C compile features
[0.306s] -- Detecting C compile features - done
[0.308s] -- Check for working CXX compiler: /usr/bin/c++
[0.379s] -- Check for working CXX compiler: /usr/bin/c++ -- works
[0.380s] -- Detecting CXX compiler ABI info
[0.448s] -- Detecting CXX compiler ABI info - done
[0.458s] -- Detecting CXX compile features
[0.458s] -- Detecting CXX compile features - done
[0.461s] -- Found ament_cmake: 0.9.12 (/opt/ros/foxy/share/ament_cmake/cmake)
[0.483s] -- Found PythonInterp: /usr/bin/python3 (found suitable version "3.8.10", minimum required is "3") 
[0.483s] -- Using PYTHON_EXECUTABLE: /usr/bin/python3
[0.621s] -- Found rclpy: 1.0.13 (/opt/ros/foxy/share/rclpy/cmake)
[0.622s] -- Found std_msgs: 2.0.5 (/opt/ros/foxy/share/std_msgs/cmake)
[0.649s] -- Using all available rosidl_typesupport_c: rosidl_typesupport_fastrtps_c;rosidl_typesupport_introspection_c
[0.657s] -- Found rosidl_adapter: 1.3.1 (/opt/ros/foxy/share/rosidl_adapter/cmake)
[0.723s] -- Found OpenSSL: /usr/lib/x86_64-linux-gnu/libcrypto.so (found version "1.1.1f")  
[0.743s] -- Found FastRTPS: /opt/ros/foxy/include  
[0.811s] -- Using all available rosidl_typesupport_cpp: rosidl_typesupport_fastrtps_cpp;rosidl_typesupport_introspection_cpp
[0.860s] -- Found sensor_msgs: 2.0.5 (/opt/ros/foxy/share/sensor_msgs/cmake)
[0.969s] -- Found cv_bridge: 3.0.7 (/opt/ros/foxy/share/cv_bridge/cmake)
[0.996s] -- Found rosidl_default_generators: 1.0.1 (/opt/ros/foxy/share/rosidl_default_generators/cmake)
[1.046s] -- Found PythonInterp: /usr/bin/python3 (found version "3.8.10") 
[1.217s] -- Found ament_cmake_ros: 0.9.2 (/opt/ros/foxy/share/ament_cmake_ros/cmake)
[1.471s] -- Using all available rosidl_typesupport_c: rosidl_typesupport_fastrtps_c;rosidl_typesupport_introspection_c
[1.610s] -- Using all available rosidl_typesupport_cpp: rosidl_typesupport_fastrtps_cpp;rosidl_typesupport_introspection_cpp
[1.632s] -- Found PythonInterp: /usr/bin/python3 (found suitable version "3.8.10", minimum required is "3.5") 
[1.633s] -- Found python_cmake_module: 0.8.1 (/opt/ros/foxy/share/python_cmake_module/cmake)
[1.655s] -- Found PythonLibs: /usr/lib/x86_64-linux-gnu/libpython3.8.so (found suitable version "3.8.10", minimum required is "3.5") 
[1.656s] -- Using PYTHON_EXECUTABLE: /usr/bin/python3
[1.656s] -- Using PYTHON_INCLUDE_DIRS: /usr/include/python3.8
[1.656s] -- Using PYTHON_LIBRARIES: /usr/lib/x86_64-linux-gnu/libpython3.8.so
[1.674s] -- Found PythonExtra: .so  
[1.735s] -- Found ament_lint_auto: 0.9.8 (/opt/ros/foxy/share/ament_lint_auto/cmake)
[1.763s] -- Added test 'copyright' to check source files copyright and LICENSE
[1.770s] -- Added test 'cppcheck' to perform static code analysis on C / C++ code
[1.773s] -- Configured cppcheck include dirs: $<BUILD_INTERFACE:/root/ws/ros2_pupil_neon/build/tobii_glasses_pkg/rosidl_generator_c>;/root/ws/ros2_pupil_neon/build/tobii_glasses_pkg/rosidl_generator_c;/root/ws/ros2_pupil_neon/build/tobii_glasses_pkg/rosidl_generator_cpp;/root/ws/ros2_pupil_neon/build/tobii_glasses_pkg/rosidl_typesupport_fastrtps_c;/root/ws/ros2_pupil_neon/build/tobii_glasses_pkg/rosidl_typesupport_fastrtps_cpp;$<BUILD_INTERFACE:/root/ws/ros2_pupil_neon/build/tobii_glasses_pkg/rosidl_typesupport_introspection_c>;$<BUILD_INTERFACE:/root/ws/ros2_pupil_neon/build/tobii_glasses_pkg/rosidl_typesupport_c>;$<BUILD_INTERFACE:/root/ws/ros2_pupil_neon/build/tobii_glasses_pkg/rosidl_generator_cpp>;/root/ws/ros2_pupil_neon/build/tobii_glasses_pkg/rosidl_generator_py
[1.773s] -- Configured cppcheck exclude dirs and/or files: 
[1.779s] -- Added test 'cpplint' to check C / C++ code against the Google style
[1.780s] -- Configured cpplint exclude dirs and/or files: 
[1.781s] -- Added test 'flake8' to check Python code syntax and style conventions
[1.783s] -- Added test 'lint_cmake' to check CMake code style
[1.784s] -- Added test 'pep257' to check Python code against some of the style conventions in PEP 257
[1.792s] -- Added test 'uncrustify' to check C / C++ code style
[1.792s] -- Configured uncrustify additional arguments: 
[1.794s] -- Added test 'xmllint' to check XML markup files
[1.799s] -- Configuring done
[1.869s] -- Generating done
[1.873s] -- Build files have been written to: /root/ws/ros2_pupil_neon/build/tobii_glasses_pkg
[1.879s] Invoked command in '/root/ws/ros2_pupil_neon/build/tobii_glasses_pkg' returned '0': CMAKE_PREFIX_PATH=/opt/ros/foxy /usr/bin/cmake /root/ws/ros2_pupil_neon -DCMAKE_INSTALL_PREFIX=/root/ws/ros2_pupil_neon/install/tobii_glasses_pkg
[1.882s] Invoking command in '/root/ws/ros2_pupil_neon/build/tobii_glasses_pkg': CMAKE_PREFIX_PATH=/opt/ros/foxy /usr/bin/cmake --build /root/ws/ros2_pupil_neon/build/tobii_glasses_pkg -- -j12 -l12
[1.917s] [35m[1mScanning dependencies of target tobii_glasses_pkg__cpp[0m
[1.918s] [  2%] [34m[1mGenerating C code for ROS interfaces[0m
[1.928s] [  5%] [34m[1mGenerating C++ code for ROS interfaces[0m
[2.189s] [  5%] Built target tobii_glasses_pkg__cpp
[2.200s] [ 12%] [34m[1mGenerating C++ type support for eProsima Fast-RTPS[0m
[2.200s] [ 12%] [34m[1mGenerating C++ type support dispatch for ROS interfaces[0m
[2.200s] [ 12%] [34m[1mGenerating C++ introspection for ROS interfaces[0m
[2.201s] [35m[1mScanning dependencies of target tobii_glasses_pkg__rosidl_generator_c[0m
[2.217s] [ 15%] [32mBuilding C object CMakeFiles/tobii_glasses_pkg__rosidl_generator_c.dir/rosidl_generator_c/tobii_glasses_pkg/msg/detail/tobii_glasses__functions.c.o[0m
[2.220s] [ 17%] [32mBuilding C object CMakeFiles/tobii_glasses_pkg__rosidl_generator_c.dir/rosidl_generator_c/tobii_glasses_pkg/msg/detail/eye_data__functions.c.o[0m
[2.263s] [ 20%] [32m[1mLinking C shared library libtobii_glasses_pkg__rosidl_generator_c.so[0m
[2.319s] [ 20%] Built target tobii_glasses_pkg__rosidl_generator_c
[2.330s] [ 23%] [34m[1mGenerating C type support dispatch for ROS interfaces[0m
[2.331s] [ 25%] [34m[1mGenerating C introspection for ROS interfaces[0m
[2.430s] [35m[1mScanning dependencies of target tobii_glasses_pkg__rosidl_typesupport_cpp[0m
[2.440s] [35m[1mScanning dependencies of target tobii_glasses_pkg__rosidl_typesupport_introspection_cpp[0m
[2.446s] [ 28%] [32mBuilding CXX object CMakeFiles/tobii_glasses_pkg__rosidl_typesupport_cpp.dir/rosidl_typesupport_cpp/tobii_glasses_pkg/msg/eye_data__type_support.cpp.o[0m
[2.447s] [ 30%] [32mBuilding CXX object CMakeFiles/tobii_glasses_pkg__rosidl_typesupport_cpp.dir/rosidl_typesupport_cpp/tobii_glasses_pkg/msg/tobii_glasses__type_support.cpp.o[0m
[2.457s] [ 33%] [32mBuilding CXX object CMakeFiles/tobii_glasses_pkg__rosidl_typesupport_introspection_cpp.dir/rosidl_typesupport_introspection_cpp/tobii_glasses_pkg/msg/detail/eye_data__type_support.cpp.o[0m
[2.459s] [ 35%] [32mBuilding CXX object CMakeFiles/tobii_glasses_pkg__rosidl_typesupport_introspection_cpp.dir/rosidl_typesupport_introspection_cpp/tobii_glasses_pkg/msg/detail/tobii_glasses__type_support.cpp.o[0m
[2.459s] [35m[1mScanning dependencies of target tobii_glasses_pkg__rosidl_typesupport_fastrtps_cpp[0m
[2.477s] [ 38%] [32mBuilding CXX object CMakeFiles/tobii_glasses_pkg__rosidl_typesupport_fastrtps_cpp.dir/rosidl_typesupport_fastrtps_cpp/tobii_glasses_pkg/msg/detail/dds_fastrtps/tobii_glasses__type_support.cpp.o[0m
[2.478s] [ 41%] [32mBuilding CXX object CMakeFiles/tobii_glasses_pkg__rosidl_typesupport_fastrtps_cpp.dir/rosidl_typesupport_fastrtps_cpp/tobii_glasses_pkg/msg/detail/dds_fastrtps/eye_data__type_support.cpp.o[0m
[2.565s] [35m[1mScanning dependencies of target tobii_glasses_pkg__rosidl_typesupport_c[0m
[2.581s] [ 43%] [32mBuilding CXX object CMakeFiles/tobii_glasses_pkg__rosidl_typesupport_c.dir/rosidl_typesupport_c/tobii_glasses_pkg/msg/eye_data__type_support.cpp.o[0m
[2.582s] [ 46%] [32mBuilding CXX object CMakeFiles/tobii_glasses_pkg__rosidl_typesupport_c.dir/rosidl_typesupport_c/tobii_glasses_pkg/msg/tobii_glasses__type_support.cpp.o[0m
[2.624s] [ 48%] [32m[1mLinking CXX shared library libtobii_glasses_pkg__rosidl_typesupport_c.so[0m
[2.668s] [35m[1mScanning dependencies of target tobii_glasses_pkg__rosidl_typesupport_introspection_c[0m
[2.677s] [ 48%] Built target tobii_glasses_pkg__rosidl_typesupport_c
[2.689s] [ 51%] [32mBuilding C object CMakeFiles/tobii_glasses_pkg__rosidl_typesupport_introspection_c.dir/rosidl_typesupport_introspection_c/tobii_glasses_pkg/msg/detail/eye_data__type_support.c.o[0m
[2.691s] [ 53%] [32mBuilding C object CMakeFiles/tobii_glasses_pkg__rosidl_typesupport_introspection_c.dir/rosidl_typesupport_introspection_c/tobii_glasses_pkg/msg/detail/tobii_glasses__type_support.c.o[0m
[2.732s] [ 56%] [32m[1mLinking C shared library libtobii_glasses_pkg__rosidl_typesupport_introspection_c.so[0m
[2.765s] [ 56%] Built target tobii_glasses_pkg__rosidl_typesupport_introspection_c
[2.779s] [ 58%] [32m[1mLinking CXX shared library libtobii_glasses_pkg__rosidl_typesupport_introspection_cpp.so[0m
[2.814s] [ 61%] [32m[1mLinking CXX shared library libtobii_glasses_pkg__rosidl_typesupport_cpp.so[0m
[2.857s] [ 61%] Built target tobii_glasses_pkg__rosidl_typesupport_cpp
[2.857s] [ 61%] Built target tobii_glasses_pkg__rosidl_typesupport_introspection_cpp
[2.956s] [ 64%] [32m[1mLinking CXX shared library libtobii_glasses_pkg__rosidl_typesupport_fastrtps_cpp.so[0m
[3.043s] [ 64%] Built target tobii_glasses_pkg__rosidl_typesupport_fastrtps_cpp
[3.053s] [ 66%] [34m[1mGenerating C type support for eProsima Fast-RTPS[0m
[3.291s] [35m[1mScanning dependencies of target tobii_glasses_pkg__rosidl_typesupport_fastrtps_c[0m
[3.308s] [ 71%] [32mBuilding CXX object CMakeFiles/tobii_glasses_pkg__rosidl_typesupport_fastrtps_c.dir/rosidl_typesupport_fastrtps_c/tobii_glasses_pkg/msg/detail/tobii_glasses__type_support_c.cpp.o[0m
[3.308s] [ 71%] [32mBuilding CXX object CMakeFiles/tobii_glasses_pkg__rosidl_typesupport_fastrtps_c.dir/rosidl_typesupport_fastrtps_c/tobii_glasses_pkg/msg/detail/eye_data__type_support_c.cpp.o[0m
[3.597s] [ 74%] [32m[1mLinking CXX shared library libtobii_glasses_pkg__rosidl_typesupport_fastrtps_c.so[0m
[3.678s] [ 74%] Built target tobii_glasses_pkg__rosidl_typesupport_fastrtps_c
[3.687s] [35m[1mScanning dependencies of target tobii_glasses_pkg[0m
[3.696s] [ 74%] Built target tobii_glasses_pkg
[3.705s] [35m[1mScanning dependencies of target tobii_glasses_pkg__py[0m
[3.715s] [ 76%] [34m[1mGenerating Python code for ROS interfaces[0m
[4.187s] [ 76%] Built target tobii_glasses_pkg__py
[4.196s] [35m[1mScanning dependencies of target tobii_glasses_pkg__python[0m
[4.227s] [ 82%] [32mBuilding C object CMakeFiles/tobii_glasses_pkg__python.dir/rosidl_generator_py/tobii_glasses_pkg/msg/_tobii_glasses_s.c.o[0m
[4.227s] [ 82%] [32mBuilding C object CMakeFiles/tobii_glasses_pkg__python.dir/rosidl_generator_py/tobii_glasses_pkg/msg/_eye_data_s.c.o[0m
[4.316s] [ 84%] [32m[1mLinking C shared library rosidl_generator_py/tobii_glasses_pkg/libtobii_glasses_pkg__python.so[0m
[4.358s] [ 84%] Built target tobii_glasses_pkg__python
[4.367s] [35m[1mScanning dependencies of target tobii_glasses_pkg__rosidl_typesupport_c__pyext[0m
[4.367s] [35m[1mScanning dependencies of target tobii_glasses_pkg__rosidl_typesupport_introspection_c__pyext[0m
[4.368s] [35m[1mScanning dependencies of target tobii_glasses_pkg__rosidl_typesupport_fastrtps_c__pyext[0m
[4.385s] [ 89%] [32mBuilding C object CMakeFiles/tobii_glasses_pkg__rosidl_typesupport_introspection_c__pyext.dir/rosidl_generator_py/tobii_glasses_pkg/_tobii_glasses_pkg_s.ep.rosidl_typesupport_introspection_c.c.o[0m
[4.385s] [ 89%] [32mBuilding C object CMakeFiles/tobii_glasses_pkg__rosidl_typesupport_c__pyext.dir/rosidl_generator_py/tobii_glasses_pkg/_tobii_glasses_pkg_s.ep.rosidl_typesupport_c.c.o[0m
[4.387s] [ 92%] [32mBuilding C object CMakeFiles/tobii_glasses_pkg__rosidl_typesupport_fastrtps_c__pyext.dir/rosidl_generator_py/tobii_glasses_pkg/_tobii_glasses_pkg_s.ep.rosidl_typesupport_fastrtps_c.c.o[0m
[4.459s] [ 94%] [32m[1mLinking C shared library rosidl_generator_py/tobii_glasses_pkg/tobii_glasses_pkg_s__rosidl_typesupport_introspection_c.cpython-38-x86_64-linux-gnu.so[0m
[4.459s] [ 97%] [32m[1mLinking C shared library rosidl_generator_py/tobii_glasses_pkg/tobii_glasses_pkg_s__rosidl_typesupport_c.cpython-38-x86_64-linux-gnu.so[0m
[4.462s] [100%] [32m[1mLinking CXX shared library rosidl_generator_py/tobii_glasses_pkg/tobii_glasses_pkg_s__rosidl_typesupport_fastrtps_c.cpython-38-x86_64-linux-gnu.so[0m
[4.498s] [100%] Built target tobii_glasses_pkg__rosidl_typesupport_introspection_c__pyext
[4.498s] [100%] Built target tobii_glasses_pkg__rosidl_typesupport_c__pyext
[4.529s] [100%] Built target tobii_glasses_pkg__rosidl_typesupport_fastrtps_c__pyext
[4.540s] Invoked command in '/root/ws/ros2_pupil_neon/build/tobii_glasses_pkg' returned '0': CMAKE_PREFIX_PATH=/opt/ros/foxy /usr/bin/cmake --build /root/ws/ros2_pupil_neon/build/tobii_glasses_pkg -- -j12 -l12
[4.601s] Invoking command in '/root/ws/ros2_pupil_neon/build/tobii_glasses_pkg': CMAKE_PREFIX_PATH=/opt/ros/foxy /usr/bin/cmake --install /root/ws/ros2_pupil_neon/build/tobii_glasses_pkg
[4.609s] -- Install configuration: ""
[4.609s] -- Installing: /root/ws/ros2_pupil_neon/install/tobii_glasses_pkg/share/tobii_glasses_pkg//launch
[4.609s] -- Installing: /root/ws/ros2_pupil_neon/install/tobii_glasses_pkg/share/tobii_glasses_pkg//launch/pupil.launch.py
[4.609s] -- Installing: /root/ws/ros2_pupil_neon/install/tobii_glasses_pkg/share/tobii_glasses_pkg//launch/pupil_devel.launch.py
[4.609s] -- Installing: /root/ws/ros2_pupil_neon/install/tobii_glasses_pkg/share/tobii_glasses_pkg/environment/pythonpath.sh
[4.609s] -- Installing: /root/ws/ros2_pupil_neon/install/tobii_glasses_pkg/share/tobii_glasses_pkg/environment/pythonpath.dsv
[4.609s] -- Installing: /root/ws/ros2_pupil_neon/install/tobii_glasses_pkg/lib/python3.8/site-packages/tobii_glasses_pkg
[4.609s] -- Installing: /root/ws/ros2_pupil_neon/install/tobii_glasses_pkg/lib/python3.8/site-packages/tobii_glasses_pkg/tobii_glasses_buffer.py
[4.609s] -- Installing: /root/ws/ros2_pupil_neon/install/tobii_glasses_pkg/lib/python3.8/site-packages/tobii_glasses_pkg/video_capture.py
[4.610s] -- Installing: /root/ws/ros2_pupil_neon/install/tobii_glasses_pkg/lib/python3.8/site-packages/tobii_glasses_pkg/__init__.py
[4.637s] Listing '/root/ws/ros2_pupil_neon/install/tobii_glasses_pkg/lib/python3.8/site-packages/tobii_glasses_pkg'...
[4.637s] Compiling '/root/ws/ros2_pupil_neon/install/tobii_glasses_pkg/lib/python3.8/site-packages/tobii_glasses_pkg/__init__.py'...
[4.637s] Compiling '/root/ws/ros2_pupil_neon/install/tobii_glasses_pkg/lib/python3.8/site-packages/tobii_glasses_pkg/tobii_glasses_buffer.py'...
[4.637s] Compiling '/root/ws/ros2_pupil_neon/install/tobii_glasses_pkg/lib/python3.8/site-packages/tobii_glasses_pkg/video_capture.py'...
[4.641s] -- Installing: /root/ws/ros2_pupil_neon/install/tobii_glasses_pkg/lib/tobii_glasses_pkg/tobii_glasses.py
[4.641s] -- Installing: /root/ws/ros2_pupil_neon/install/tobii_glasses_pkg/lib/tobii_glasses_pkg/frame_publisher.py
[4.641s] -- Installing: /root/ws/ros2_pupil_neon/install/tobii_glasses_pkg/share/ament_index/resource_index/rosidl_interfaces/tobii_glasses_pkg
[4.641s] -- Installing: /root/ws/ros2_pupil_neon/install/tobii_glasses_pkg/include/tobii_glasses_pkg
[4.641s] -- Installing: /root/ws/ros2_pupil_neon/install/tobii_glasses_pkg/include/tobii_glasses_pkg/msg
[4.641s] -- Installing: /root/ws/ros2_pupil_neon/install/tobii_glasses_pkg/include/tobii_glasses_pkg/msg/eye_data.h
[4.641s] -- Installing: /root/ws/ros2_pupil_neon/install/tobii_glasses_pkg/include/tobii_glasses_pkg/msg/tobii_glasses.h
[4.641s] -- Installing: /root/ws/ros2_pupil_neon/install/tobii_glasses_pkg/include/tobii_glasses_pkg/msg/rosidl_generator_c__visibility_control.h
[4.642s] -- Installing: /root/ws/ros2_pupil_neon/install/tobii_glasses_pkg/include/tobii_glasses_pkg/msg/detail
[4.642s] -- Installing: /root/ws/ros2_pupil_neon/install/tobii_glasses_pkg/include/tobii_glasses_pkg/msg/detail/eye_data__struct.h
[4.642s] -- Installing: /root/ws/ros2_pupil_neon/install/tobii_glasses_pkg/include/tobii_glasses_pkg/msg/detail/eye_data__type_support.h
[4.642s] -- Installing: /root/ws/ros2_pupil_neon/install/tobii_glasses_pkg/include/tobii_glasses_pkg/msg/detail/tobii_glasses__functions.h
[4.642s] -- Installing: /root/ws/ros2_pupil_neon/install/tobii_glasses_pkg/include/tobii_glasses_pkg/msg/detail/tobii_glasses__type_support.h
[4.642s] -- Installing: /root/ws/ros2_pupil_neon/install/tobii_glasses_pkg/include/tobii_glasses_pkg/msg/detail/tobii_glasses__functions.c
[4.642s] -- Installing: /root/ws/ros2_pupil_neon/install/tobii_glasses_pkg/include/tobii_glasses_pkg/msg/detail/tobii_glasses__struct.h
[4.642s] -- Installing: /root/ws/ros2_pupil_neon/install/tobii_glasses_pkg/include/tobii_glasses_pkg/msg/detail/eye_data__functions.c
[4.642s] -- Installing: /root/ws/ros2_pupil_neon/install/tobii_glasses_pkg/include/tobii_glasses_pkg/msg/detail/eye_data__functions.h
[4.642s] -- Installing: /root/ws/ros2_pupil_neon/install/tobii_glasses_pkg/share/tobii_glasses_pkg/environment/library_path.sh
[4.642s] -- Installing: /root/ws/ros2_pupil_neon/install/tobii_glasses_pkg/share/tobii_glasses_pkg/environment/library_path.dsv
[4.642s] -- Installing: /root/ws/ros2_pupil_neon/install/tobii_glasses_pkg/lib/libtobii_glasses_pkg__rosidl_generator_c.so
[4.643s] -- Set runtime path of "/root/ws/ros2_pupil_neon/install/tobii_glasses_pkg/lib/libtobii_glasses_pkg__rosidl_generator_c.so" to ""
[4.643s] -- Up-to-date: /root/ws/ros2_pupil_neon/install/tobii_glasses_pkg/include/tobii_glasses_pkg
[4.643s] -- Up-to-date: /root/ws/ros2_pupil_neon/install/tobii_glasses_pkg/include/tobii_glasses_pkg/msg
[4.643s] -- Installing: /root/ws/ros2_pupil_neon/install/tobii_glasses_pkg/include/tobii_glasses_pkg/msg/rosidl_typesupport_fastrtps_c__visibility_control.h
[4.643s] -- Up-to-date: /root/ws/ros2_pupil_neon/install/tobii_glasses_pkg/include/tobii_glasses_pkg/msg/detail
[4.643s] -- Installing: /root/ws/ros2_pupil_neon/install/tobii_glasses_pkg/include/tobii_glasses_pkg/msg/detail/eye_data__rosidl_typesupport_fastrtps_c.h
[4.643s] -- Installing: /root/ws/ros2_pupil_neon/install/tobii_glasses_pkg/include/tobii_glasses_pkg/msg/detail/tobii_glasses__rosidl_typesupport_fastrtps_c.h
[4.643s] -- Installing: /root/ws/ros2_pupil_neon/install/tobii_glasses_pkg/lib/libtobii_glasses_pkg__rosidl_typesupport_fastrtps_c.so
[4.644s] -- Set runtime path of "/root/ws/ros2_pupil_neon/install/tobii_glasses_pkg/lib/libtobii_glasses_pkg__rosidl_typesupport_fastrtps_c.so" to ""
[4.644s] -- Up-to-date: /root/ws/ros2_pupil_neon/install/tobii_glasses_pkg/include/tobii_glasses_pkg
[4.644s] -- Up-to-date: /root/ws/ros2_pupil_neon/install/tobii_glasses_pkg/include/tobii_glasses_pkg/msg
[4.644s] -- Installing: /root/ws/ros2_pupil_neon/install/tobii_glasses_pkg/include/tobii_glasses_pkg/msg/rosidl_typesupport_fastrtps_cpp__visibility_control.h
[4.644s] -- Up-to-date: /root/ws/ros2_pupil_neon/install/tobii_glasses_pkg/include/tobii_glasses_pkg/msg/detail
[4.644s] -- Installing: /root/ws/ros2_pupil_neon/install/tobii_glasses_pkg/include/tobii_glasses_pkg/msg/detail/tobii_glasses__rosidl_typesupport_fastrtps_cpp.hpp
[4.644s] -- Installing: /root/ws/ros2_pupil_neon/install/tobii_glasses_pkg/include/tobii_glasses_pkg/msg/detail/eye_data__rosidl_typesupport_fastrtps_cpp.hpp
[4.644s] -- Installing: /root/ws/ros2_pupil_neon/install/tobii_glasses_pkg/include/tobii_glasses_pkg/msg/detail/dds_fastrtps
[4.644s] -- Installing: /root/ws/ros2_pupil_neon/install/tobii_glasses_pkg/lib/libtobii_glasses_pkg__rosidl_typesupport_fastrtps_cpp.so
[4.645s] -- Set runtime path of "/root/ws/ros2_pupil_neon/install/tobii_glasses_pkg/lib/libtobii_glasses_pkg__rosidl_typesupport_fastrtps_cpp.so" to ""
[4.645s] -- Up-to-date: /root/ws/ros2_pupil_neon/install/tobii_glasses_pkg/include/tobii_glasses_pkg
[4.645s] -- Up-to-date: /root/ws/ros2_pupil_neon/install/tobii_glasses_pkg/include/tobii_glasses_pkg/msg
[4.645s] -- Installing: /root/ws/ros2_pupil_neon/install/tobii_glasses_pkg/include/tobii_glasses_pkg/msg/rosidl_typesupport_introspection_c__visibility_control.h
[4.645s] -- Up-to-date: /root/ws/ros2_pupil_neon/install/tobii_glasses_pkg/include/tobii_glasses_pkg/msg/detail
[4.645s] -- Installing: /root/ws/ros2_pupil_neon/install/tobii_glasses_pkg/include/tobii_glasses_pkg/msg/detail/eye_data__rosidl_typesupport_introspection_c.h
[4.645s] -- Installing: /root/ws/ros2_pupil_neon/install/tobii_glasses_pkg/include/tobii_glasses_pkg/msg/detail/tobii_glasses__type_support.c
[4.645s] -- Installing: /root/ws/ros2_pupil_neon/install/tobii_glasses_pkg/include/tobii_glasses_pkg/msg/detail/tobii_glasses__rosidl_typesupport_introspection_c.h
[4.645s] -- Installing: /root/ws/ros2_pupil_neon/install/tobii_glasses_pkg/include/tobii_glasses_pkg/msg/detail/eye_data__type_support.c
[4.645s] -- Installing: /root/ws/ros2_pupil_neon/install/tobii_glasses_pkg/lib/libtobii_glasses_pkg__rosidl_typesupport_introspection_c.so
[4.645s] -- Set runtime path of "/root/ws/ros2_pupil_neon/install/tobii_glasses_pkg/lib/libtobii_glasses_pkg__rosidl_typesupport_introspection_c.so" to ""
[4.646s] -- Installing: /root/ws/ros2_pupil_neon/install/tobii_glasses_pkg/lib/libtobii_glasses_pkg__rosidl_typesupport_c.so
[4.646s] -- Set runtime path of "/root/ws/ros2_pupil_neon/install/tobii_glasses_pkg/lib/libtobii_glasses_pkg__rosidl_typesupport_c.so" to ""
[4.646s] -- Up-to-date: /root/ws/ros2_pupil_neon/install/tobii_glasses_pkg/include/tobii_glasses_pkg
[4.646s] -- Up-to-date: /root/ws/ros2_pupil_neon/install/tobii_glasses_pkg/include/tobii_glasses_pkg/msg
[4.646s] -- Installing: /root/ws/ros2_pupil_neon/install/tobii_glasses_pkg/include/tobii_glasses_pkg/msg/rosidl_generator_cpp__visibility_control.hpp
[4.646s] -- Installing: /root/ws/ros2_pupil_neon/install/tobii_glasses_pkg/include/tobii_glasses_pkg/msg/tobii_glasses.hpp
[4.646s] -- Installing: /root/ws/ros2_pupil_neon/install/tobii_glasses_pkg/include/tobii_glasses_pkg/msg/eye_data.hpp
[4.646s] -- Up-to-date: /root/ws/ros2_pupil_neon/install/tobii_glasses_pkg/include/tobii_glasses_pkg/msg/detail
[4.647s] -- Installing: /root/ws/ros2_pupil_neon/install/tobii_glasses_pkg/include/tobii_glasses_pkg/msg/detail/tobii_glasses__builder.hpp
[4.647s] -- Installing: /root/ws/ros2_pupil_neon/install/tobii_glasses_pkg/include/tobii_glasses_pkg/msg/detail/eye_data__builder.hpp
[4.647s] -- Installing: /root/ws/ros2_pupil_neon/install/tobii_glasses_pkg/include/tobii_glasses_pkg/msg/detail/tobii_glasses__traits.hpp
[4.647s] -- Installing: /root/ws/ros2_pupil_neon/install/tobii_glasses_pkg/include/tobii_glasses_pkg/msg/detail/eye_data__type_support.hpp
[4.647s] -- Installing: /root/ws/ros2_pupil_neon/install/tobii_glasses_pkg/include/tobii_glasses_pkg/msg/detail/eye_data__traits.hpp
[4.647s] -- Installing: /root/ws/ros2_pupil_neon/install/tobii_glasses_pkg/include/tobii_glasses_pkg/msg/detail/eye_data__struct.hpp
[4.647s] -- Installing: /root/ws/ros2_pupil_neon/install/tobii_glasses_pkg/include/tobii_glasses_pkg/msg/detail/tobii_glasses__struct.hpp
[4.647s] -- Installing: /root/ws/ros2_pupil_neon/install/tobii_glasses_pkg/include/tobii_glasses_pkg/msg/detail/tobii_glasses__type_support.hpp
[4.647s] -- Up-to-date: /root/ws/ros2_pupil_neon/install/tobii_glasses_pkg/include/tobii_glasses_pkg
[4.647s] -- Up-to-date: /root/ws/ros2_pupil_neon/install/tobii_glasses_pkg/include/tobii_glasses_pkg/msg
[4.647s] -- Up-to-date: /root/ws/ros2_pupil_neon/install/tobii_glasses_pkg/include/tobii_glasses_pkg/msg/detail
[4.647s] -- Installing: /root/ws/ros2_pupil_neon/install/tobii_glasses_pkg/include/tobii_glasses_pkg/msg/detail/tobii_glasses__rosidl_typesupport_introspection_cpp.hpp
[4.647s] -- Installing: /root/ws/ros2_pupil_neon/install/tobii_glasses_pkg/include/tobii_glasses_pkg/msg/detail/eye_data__rosidl_typesupport_introspection_cpp.hpp
[4.647s] -- Installing: /root/ws/ros2_pupil_neon/install/tobii_glasses_pkg/include/tobii_glasses_pkg/msg/detail/eye_data__type_support.cpp
[4.647s] -- Installing: /root/ws/ros2_pupil_neon/install/tobii_glasses_pkg/include/tobii_glasses_pkg/msg/detail/tobii_glasses__type_support.cpp
[4.648s] -- Installing: /root/ws/ros2_pupil_neon/install/tobii_glasses_pkg/lib/libtobii_glasses_pkg__rosidl_typesupport_introspection_cpp.so
[4.648s] -- Set runtime path of "/root/ws/ros2_pupil_neon/install/tobii_glasses_pkg/lib/libtobii_glasses_pkg__rosidl_typesupport_introspection_cpp.so" to ""
[4.648s] -- Installing: /root/ws/ros2_pupil_neon/install/tobii_glasses_pkg/lib/libtobii_glasses_pkg__rosidl_typesupport_cpp.so
[4.648s] -- Set runtime path of "/root/ws/ros2_pupil_neon/install/tobii_glasses_pkg/lib/libtobii_glasses_pkg__rosidl_typesupport_cpp.so" to ""
[4.648s] -- Installing: /root/ws/ros2_pupil_neon/install/tobii_glasses_pkg/lib/python3.8/site-packages/tobii_glasses_pkg/__init__.py
[4.673s] Compiling '/root/ws/ros2_pupil_neon/install/tobii_glasses_pkg/lib/python3.8/site-packages/tobii_glasses_pkg/__init__.py'...
[4.677s] -- Installing: /root/ws/ros2_pupil_neon/install/tobii_glasses_pkg/lib/python3.8/site-packages/tobii_glasses_pkg/msg
[4.677s] -- Installing: /root/ws/ros2_pupil_neon/install/tobii_glasses_pkg/lib/python3.8/site-packages/tobii_glasses_pkg/msg/_eye_data_s.c
[4.677s] -- Installing: /root/ws/ros2_pupil_neon/install/tobii_glasses_pkg/lib/python3.8/site-packages/tobii_glasses_pkg/msg/_tobii_glasses.py
[4.677s] -- Installing: /root/ws/ros2_pupil_neon/install/tobii_glasses_pkg/lib/python3.8/site-packages/tobii_glasses_pkg/msg/__init__.py
[4.677s] -- Installing: /root/ws/ros2_pupil_neon/install/tobii_glasses_pkg/lib/python3.8/site-packages/tobii_glasses_pkg/msg/_tobii_glasses_s.c
[4.677s] -- Installing: /root/ws/ros2_pupil_neon/install/tobii_glasses_pkg/lib/python3.8/site-packages/tobii_glasses_pkg/msg/_eye_data.py
[4.677s] -- Installing: /root/ws/ros2_pupil_neon/install/tobii_glasses_pkg/lib/python3.8/site-packages/tobii_glasses_pkg/tobii_glasses_pkg_s__rosidl_typesupport_fastrtps_c.cpython-38-x86_64-linux-gnu.so
[4.678s] -- Set runtime path of "/root/ws/ros2_pupil_neon/install/tobii_glasses_pkg/lib/python3.8/site-packages/tobii_glasses_pkg/tobii_glasses_pkg_s__rosidl_typesupport_fastrtps_c.cpython-38-x86_64-linux-gnu.so" to ""
[4.678s] -- Installing: /root/ws/ros2_pupil_neon/install/tobii_glasses_pkg/lib/python3.8/site-packages/tobii_glasses_pkg/tobii_glasses_pkg_s__rosidl_typesupport_introspection_c.cpython-38-x86_64-linux-gnu.so
[4.678s] -- Set runtime path of "/root/ws/ros2_pupil_neon/install/tobii_glasses_pkg/lib/python3.8/site-packages/tobii_glasses_pkg/tobii_glasses_pkg_s__rosidl_typesupport_introspection_c.cpython-38-x86_64-linux-gnu.so" to ""
[4.678s] -- Installing: /root/ws/ros2_pupil_neon/install/tobii_glasses_pkg/lib/python3.8/site-packages/tobii_glasses_pkg/tobii_glasses_pkg_s__rosidl_typesupport_c.cpython-38-x86_64-linux-gnu.so
[4.679s] -- Set runtime path of "/root/ws/ros2_pupil_neon/install/tobii_glasses_pkg/lib/python3.8/site-packages/tobii_glasses_pkg/tobii_glasses_pkg_s__rosidl_typesupport_c.cpython-38-x86_64-linux-gnu.so" to ""
[4.679s] -- Installing: /root/ws/ros2_pupil_neon/install/tobii_glasses_pkg/lib/libtobii_glasses_pkg__python.so
[4.680s] -- Set runtime path of "/root/ws/ros2_pupil_neon/install/tobii_glasses_pkg/lib/libtobii_glasses_pkg__python.so" to ""
[4.680s] -- Installing: /root/ws/ros2_pupil_neon/install/tobii_glasses_pkg/share/tobii_glasses_pkg/msg/TobiiGlasses.idl
[4.680s] -- Installing: /root/ws/ros2_pupil_neon/install/tobii_glasses_pkg/share/tobii_glasses_pkg/msg/EyeData.idl
[4.680s] -- Installing: /root/ws/ros2_pupil_neon/install/tobii_glasses_pkg/share/tobii_glasses_pkg/msg/TobiiGlasses.msg
[4.680s] -- Installing: /root/ws/ros2_pupil_neon/install/tobii_glasses_pkg/share/tobii_glasses_pkg/msg/EyeData.msg
[4.680s] -- Installing: /root/ws/ros2_pupil_neon/install/tobii_glasses_pkg/share/ament_index/resource_index/package_run_dependencies/tobii_glasses_pkg
[4.680s] -- Installing: /root/ws/ros2_pupil_neon/install/tobii_glasses_pkg/share/ament_index/resource_index/parent_prefix_path/tobii_glasses_pkg
[4.680s] -- Installing: /root/ws/ros2_pupil_neon/install/tobii_glasses_pkg/share/tobii_glasses_pkg/environment/ament_prefix_path.sh
[4.680s] -- Installing: /root/ws/ros2_pupil_neon/install/tobii_glasses_pkg/share/tobii_glasses_pkg/environment/ament_prefix_path.dsv
[4.680s] -- Installing: /root/ws/ros2_pupil_neon/install/tobii_glasses_pkg/share/tobii_glasses_pkg/environment/path.sh
[4.680s] -- Installing: /root/ws/ros2_pupil_neon/install/tobii_glasses_pkg/share/tobii_glasses_pkg/environment/path.dsv
[4.681s] -- Installing: /root/ws/ros2_pupil_neon/install/tobii_glasses_pkg/share/tobii_glasses_pkg/local_setup.bash
[4.681s] -- Installing: /root/ws/ros2_pupil_neon/install/tobii_glasses_pkg/share/tobii_glasses_pkg/local_setup.sh
[4.681s] -- Installing: /root/ws/ros2_pupil_neon/install/tobii_glasses_pkg/share/tobii_glasses_pkg/local_setup.zsh
[4.681s] -- Installing: /root/ws/ros2_pupil_neon/install/tobii_glasses_pkg/share/tobii_glasses_pkg/local_setup.dsv
[4.681s] -- Installing: /root/ws/ros2_pupil_neon/install/tobii_glasses_pkg/share/tobii_glasses_pkg/package.dsv
[4.681s] -- Installing: /root/ws/ros2_pupil_neon/install/tobii_glasses_pkg/share/ament_index/resource_index/packages/tobii_glasses_pkg
[4.681s] -- Installing: /root/ws/ros2_pupil_neon/install/tobii_glasses_pkg/share/tobii_glasses_pkg/cmake/tobii_glasses_pkg__rosidl_generator_cExport.cmake
[4.681s] -- Installing: /root/ws/ros2_pupil_neon/install/tobii_glasses_pkg/share/tobii_glasses_pkg/cmake/tobii_glasses_pkg__rosidl_generator_cExport-noconfig.cmake
[4.682s] -- Installing: /root/ws/ros2_pupil_neon/install/tobii_glasses_pkg/share/tobii_glasses_pkg/cmake/tobii_glasses_pkg__rosidl_typesupport_introspection_cExport.cmake
[4.682s] -- Installing: /root/ws/ros2_pupil_neon/install/tobii_glasses_pkg/share/tobii_glasses_pkg/cmake/tobii_glasses_pkg__rosidl_typesupport_introspection_cExport-noconfig.cmake
[4.682s] -- Installing: /root/ws/ros2_pupil_neon/install/tobii_glasses_pkg/share/tobii_glasses_pkg/cmake/tobii_glasses_pkg__rosidl_typesupport_cExport.cmake
[4.682s] -- Installing: /root/ws/ros2_pupil_neon/install/tobii_glasses_pkg/share/tobii_glasses_pkg/cmake/tobii_glasses_pkg__rosidl_typesupport_cExport-noconfig.cmake
[4.682s] -- Installing: /root/ws/ros2_pupil_neon/install/tobii_glasses_pkg/share/tobii_glasses_pkg/cmake/tobii_glasses_pkg__rosidl_generator_cppExport.cmake
[4.682s] -- Installing: /root/ws/ros2_pupil_neon/install/tobii_glasses_pkg/share/tobii_glasses_pkg/cmake/tobii_glasses_pkg__rosidl_typesupport_introspection_cppExport.cmake
[4.683s] -- Installing: /root/ws/ros2_pupil_neon/install/tobii_glasses_pkg/share/tobii_glasses_pkg/cmake/tobii_glasses_pkg__rosidl_typesupport_introspection_cppExport-noconfig.cmake
[4.683s] -- Installing: /root/ws/ros2_pupil_neon/install/tobii_glasses_pkg/share/tobii_glasses_pkg/cmake/tobii_glasses_pkg__rosidl_typesupport_cppExport.cmake
[4.683s] -- Installing: /root/ws/ros2_pupil_neon/install/tobii_glasses_pkg/share/tobii_glasses_pkg/cmake/tobii_glasses_pkg__rosidl_typesupport_cppExport-noconfig.cmake
[4.683s] -- Installing: /root/ws/ros2_pupil_neon/install/tobii_glasses_pkg/share/tobii_glasses_pkg/cmake/rosidl_cmake-extras.cmake
[4.683s] -- Installing: /root/ws/ros2_pupil_neon/install/tobii_glasses_pkg/share/tobii_glasses_pkg/cmake/ament_cmake_export_dependencies-extras.cmake
[4.683s] -- Installing: /root/ws/ros2_pupil_neon/install/tobii_glasses_pkg/share/tobii_glasses_pkg/cmake/ament_cmake_export_libraries-extras.cmake
[4.683s] -- Installing: /root/ws/ros2_pupil_neon/install/tobii_glasses_pkg/share/tobii_glasses_pkg/cmake/ament_cmake_export_targets-extras.cmake
[4.683s] -- Installing: /root/ws/ros2_pupil_neon/install/tobii_glasses_pkg/share/tobii_glasses_pkg/cmake/ament_cmake_export_include_directories-extras.cmake
[4.683s] -- Installing: /root/ws/ros2_pupil_neon/install/tobii_glasses_pkg/share/tobii_glasses_pkg/cmake/rosidl_cmake_export_typesupport_libraries-extras.cmake
[4.684s] -- Installing: /root/ws/ros2_pupil_neon/install/tobii_glasses_pkg/share/tobii_glasses_pkg/cmake/rosidl_cmake_export_typesupport_targets-extras.cmake
[4.684s] -- Installing: /root/ws/ros2_pupil_neon/install/tobii_glasses_pkg/share/tobii_glasses_pkg/cmake/tobii_glasses_pkgConfig.cmake
[4.684s] -- Installing: /root/ws/ros2_pupil_neon/install/tobii_glasses_pkg/share/tobii_glasses_pkg/cmake/tobii_glasses_pkgConfig-version.cmake
[4.684s] -- Installing: /root/ws/ros2_pupil_neon/install/tobii_glasses_pkg/share/tobii_glasses_pkg/package.xml
[4.686s] Invoked command in '/root/ws/ros2_pupil_neon/build/tobii_glasses_pkg' returned '0': CMAKE_PREFIX_PATH=/opt/ros/foxy /usr/bin/cmake --install /root/ws/ros2_pupil_neon/build/tobii_glasses_pkg
