[1.202s] DEBUG:colcon:Command line arguments: ['/usr/bin/colcon', 'build']
[1.202s] DEBUG:colcon:Parsed command line arguments: Namespace(log_base=None, log_level=None, verb_name='build', build_base='build', install_base='install', merge_install=False, symlink_install=False, test_result_base=None, continue_on_error=False, executor='parallel', parallel_workers=12, event_handlers=None, ignore_user_meta=False, metas=['./colcon.meta'], base_paths=['.'], packages_ignore=None, packages_ignore_regex=None, paths=None, packages_up_to=None, packages_up_to_regex=None, packages_above=None, packages_above_and_dependencies=None, packages_above_depth=None, packages_select_by_dep=None, packages_skip_by_dep=None, packages_skip_up_to=None, packages_select_build_failed=False, packages_skip_build_finished=False, packages_select_test_failures=False, packages_skip_test_passed=False, packages_select=None, packages_skip=None, packages_select_regex=None, packages_skip_regex=None, packages_start=None, packages_end=None, cmake_args=None, cmake_target=None, cmake_target_skip_unavailable=False, cmake_clean_cache=False, cmake_clean_first=False, cmake_force_configure=False, ament_cmake_args=None, catkin_cmake_args=None, catkin_skip_building_tests=False, mixin_files=None, mixin=None, verb_parser=<colcon_mixin.mixin.mixin_argument.MixinArgumentDecorator object at 0x7f4381864250>, verb_extension=<colcon_core.verb.build.BuildVerb object at 0x7f43818656c0>, main=<bound method BuildVerb.main of <colcon_core.verb.build.BuildVerb object at 0x7f43818656c0>>, mixin_verb=('build',))
[1.202s] DEBUG:colcon:Command line arguments: ['/usr/bin/colcon', 'build']
[1.202s] DEBUG:colcon:Parsed command line arguments: Namespace(log_base=None, log_level=None, verb_name='build', build_base='build', install_base='install', merge_install=False, symlink_install=False, test_result_base=None, continue_on_error=False, executor='parallel', parallel_workers=12, event_handlers=None, ignore_user_meta=False, metas=['./colcon.meta'], base_paths=['.'], packages_ignore=None, packages_ignore_regex=None, paths=None, packages_up_to=None, packages_up_to_regex=None, packages_above=None, packages_above_and_dependencies=None, packages_above_depth=None, packages_select_by_dep=None, packages_skip_by_dep=None, packages_skip_up_to=None, packages_select_build_failed=False, packages_skip_build_finished=False, packages_select_test_failures=False, packages_skip_test_passed=False, packages_select=None, packages_skip=None, packages_select_regex=None, packages_skip_regex=None, packages_start=None, packages_end=None, cmake_args=None, cmake_target=None, cmake_target_skip_unavailable=False, cmake_clean_cache=False, cmake_clean_first=False, cmake_force_configure=False, ament_cmake_args=None, catkin_cmake_args=None, catkin_skip_building_tests=False, mixin_files=None, mixin=None, verb_parser=<colcon_mixin.mixin.mixin_argument.MixinArgumentDecorator object at 0x7f947a8301f0>, verb_extension=<colcon_core.verb.build.BuildVerb object at 0x7f947a831660>, main=<bound method BuildVerb.main of <colcon_core.verb.build.BuildVerb object at 0x7f947a831660>>, mixin_verb=('build',))
[1.245s] Level 1:colcon.colcon_core.package_discovery:discover_packages(colcon_meta) check parameters
[1.245s] Level 1:colcon.colcon_core.package_discovery:discover_packages(colcon_meta) check parameters
[1.246s] INFO:colcon.colcon_metadata.package_discovery.colcon_meta:Using configuration from '/root/.colcon/metadata/default/Gazebo.meta'
[1.246s] INFO:colcon.colcon_metadata.package_discovery.colcon_meta:Using configuration from '/root/.colcon/metadata/default/Gazebo.meta'
[1.246s] INFO:colcon.colcon_metadata.package_discovery.colcon_meta:Using configuration from '/root/.colcon/metadata/default/fastrtps.meta'
[1.246s] INFO:colcon.colcon_metadata.package_discovery.colcon_meta:Using configuration from '/root/.colcon/metadata/default/fastrtps.meta'
[1.246s] Level 1:colcon.colcon_core.package_discovery:discover_packages(recursive) check parameters
[1.246s] Level 1:colcon.colcon_core.package_discovery:discover_packages(recursive) check parameters
[1.246s] Level 1:colcon.colcon_core.package_discovery:discover_packages(ignore) check parameters
[1.246s] Level 1:colcon.colcon_core.package_discovery:discover_packages(ignore) check parameters
[1.246s] Level 1:colcon.colcon_core.package_discovery:discover_packages(path) check parameters
[1.246s] Level 1:colcon.colcon_core.package_discovery:discover_packages(path) check parameters
[1.246s] Level 1:colcon.colcon_core.package_discovery:discover_packages(colcon_meta) discover
[1.246s] Level 1:colcon.colcon_core.package_discovery:discover_packages(colcon_meta) discover
[1.246s] Level 1:colcon.colcon_core.package_discovery:discover_packages(recursive) discover
[1.246s] Level 1:colcon.colcon_core.package_discovery:discover_packages(recursive) discover
[1.246s] INFO:colcon.colcon_core.package_discovery:Crawling recursively for packages in '/root/ws/ros2_pupil_neon'
[1.246s] INFO:colcon.colcon_core.package_discovery:Crawling recursively for packages in '/root/ws/ros2_pupil_neon'
[1.247s] Level 1:colcon.colcon_core.package_identification:_identify(.) by extensions ['ignore', 'ignore_ament_install']
[1.247s] Level 1:colcon.colcon_core.package_identification:_identify(.) by extensions ['ignore', 'ignore_ament_install']
[1.247s] Level 1:colcon.colcon_core.package_identification:_identify(.) by extension 'ignore'
[1.247s] Level 1:colcon.colcon_core.package_identification:_identify(.) by extension 'ignore'
[1.247s] Level 1:colcon.colcon_core.package_identification:_identify(.) by extension 'ignore_ament_install'
[1.247s] Level 1:colcon.colcon_core.package_identification:_identify(.) by extension 'ignore_ament_install'
[1.247s] Level 1:colcon.colcon_core.package_identification:_identify(.) by extensions ['colcon_pkg']
[1.247s] Level 1:colcon.colcon_core.package_identification:_identify(.) by extensions ['colcon_pkg']
[1.247s] Level 1:colcon.colcon_core.package_identification:_identify(.) by extension 'colcon_pkg'
[1.247s] Level 1:colcon.colcon_core.package_identification:_identify(.) by extension 'colcon_pkg'
[1.247s] Level 1:colcon.colcon_core.package_identification:_identify(.) by extensions ['colcon_meta']
[1.247s] Level 1:colcon.colcon_core.package_identification:_identify(.) by extensions ['colcon_meta']
[1.247s] Level 1:colcon.colcon_core.package_identification:_identify(.) by extension 'colcon_meta'
[1.247s] Level 1:colcon.colcon_core.package_identification:_identify(.) by extension 'colcon_meta'
[1.247s] Level 1:colcon.colcon_core.package_identification:_identify(.) by extensions ['ros']
[1.247s] Level 1:colcon.colcon_core.package_identification:_identify(.) by extension 'ros'
[1.247s] Level 1:colcon.colcon_core.package_identification:_identify(.) by extensions ['ros']
[1.247s] Level 1:colcon.colcon_core.package_identification:_identify(.) by extension 'ros'
[1.262s] DEBUG:colcon.colcon_core.package_identification:Package '.' with type 'ros.ament_cmake' and name 'pupil_neon_pkg'
[1.262s] DEBUG:colcon.colcon_core.package_identification:Package '.' with type 'ros.ament_cmake' and name 'pupil_neon_pkg'
[1.262s] Level 1:colcon.colcon_core.package_discovery:discover_packages(recursive) using defaults
[1.262s] Level 1:colcon.colcon_core.package_discovery:discover_packages(recursive) using defaults
[1.262s] Level 1:colcon.colcon_core.package_discovery:discover_packages(ignore) discover
[1.262s] Level 1:colcon.colcon_core.package_discovery:discover_packages(ignore) discover
[1.263s] Level 1:colcon.colcon_core.package_discovery:discover_packages(ignore) using defaults
[1.263s] Level 1:colcon.colcon_core.package_discovery:discover_packages(ignore) using defaults
[1.263s] Level 1:colcon.colcon_core.package_discovery:discover_packages(path) discover
[1.263s] Level 1:colcon.colcon_core.package_discovery:discover_packages(path) discover
[1.263s] Level 1:colcon.colcon_core.package_discovery:discover_packages(path) using defaults
[1.263s] Level 1:colcon.colcon_core.package_discovery:discover_packages(path) using defaults
[1.317s] Level 5:colcon.colcon_core.verb:set package 'pupil_neon_pkg' build argument 'cmake_args' from command line to 'None'
[1.317s] Level 5:colcon.colcon_core.verb:set package 'pupil_neon_pkg' build argument 'cmake_args' from command line to 'None'
[1.317s] Level 5:colcon.colcon_core.verb:set package 'pupil_neon_pkg' build argument 'cmake_target' from command line to 'None'
[1.317s] Level 5:colcon.colcon_core.verb:set package 'pupil_neon_pkg' build argument 'cmake_target' from command line to 'None'
[1.317s] Level 5:colcon.colcon_core.verb:set package 'pupil_neon_pkg' build argument 'cmake_target_skip_unavailable' from command line to 'False'
[1.317s] Level 5:colcon.colcon_core.verb:set package 'pupil_neon_pkg' build argument 'cmake_target_skip_unavailable' from command line to 'False'
[1.317s] Level 5:colcon.colcon_core.verb:set package 'pupil_neon_pkg' build argument 'cmake_clean_cache' from command line to 'False'
[1.317s] Level 5:colcon.colcon_core.verb:set package 'pupil_neon_pkg' build argument 'cmake_clean_cache' from command line to 'False'
[1.317s] Level 5:colcon.colcon_core.verb:set package 'pupil_neon_pkg' build argument 'cmake_clean_first' from command line to 'False'
[1.317s] Level 5:colcon.colcon_core.verb:set package 'pupil_neon_pkg' build argument 'cmake_clean_first' from command line to 'False'
[1.317s] Level 5:colcon.colcon_core.verb:set package 'pupil_neon_pkg' build argument 'cmake_force_configure' from command line to 'False'
[1.317s] Level 5:colcon.colcon_core.verb:set package 'pupil_neon_pkg' build argument 'cmake_force_configure' from command line to 'False'
[1.317s] Level 5:colcon.colcon_core.verb:set package 'pupil_neon_pkg' build argument 'ament_cmake_args' from command line to 'None'
[1.317s] Level 5:colcon.colcon_core.verb:set package 'pupil_neon_pkg' build argument 'ament_cmake_args' from command line to 'None'
[1.317s] Level 5:colcon.colcon_core.verb:set package 'pupil_neon_pkg' build argument 'catkin_cmake_args' from command line to 'None'
[1.317s] Level 5:colcon.colcon_core.verb:set package 'pupil_neon_pkg' build argument 'catkin_cmake_args' from command line to 'None'
[1.317s] Level 5:colcon.colcon_core.verb:set package 'pupil_neon_pkg' build argument 'catkin_skip_building_tests' from command line to 'False'
[1.317s] Level 5:colcon.colcon_core.verb:set package 'pupil_neon_pkg' build argument 'catkin_skip_building_tests' from command line to 'False'
[1.317s] DEBUG:colcon.colcon_core.verb:Building package 'pupil_neon_pkg' with the following arguments: {'ament_cmake_args': None, 'build_base': '/root/ws/ros2_pupil_neon/build/pupil_neon_pkg', 'catkin_cmake_args': None, 'catkin_skip_building_tests': False, 'cmake_args': None, 'cmake_clean_cache': False, 'cmake_clean_first': False, 'cmake_force_configure': False, 'cmake_target': None, 'cmake_target_skip_unavailable': False, 'install_base': '/root/ws/ros2_pupil_neon/install/pupil_neon_pkg', 'merge_install': False, 'path': '/root/ws/ros2_pupil_neon', 'symlink_install': False, 'test_result_base': None}
[1.317s] DEBUG:colcon.colcon_core.verb:Building package 'pupil_neon_pkg' with the following arguments: {'ament_cmake_args': None, 'build_base': '/root/ws/ros2_pupil_neon/build/pupil_neon_pkg', 'catkin_cmake_args': None, 'catkin_skip_building_tests': False, 'cmake_args': None, 'cmake_clean_cache': False, 'cmake_clean_first': False, 'cmake_force_configure': False, 'cmake_target': None, 'cmake_target_skip_unavailable': False, 'install_base': '/root/ws/ros2_pupil_neon/install/pupil_neon_pkg', 'merge_install': False, 'path': '/root/ws/ros2_pupil_neon', 'symlink_install': False, 'test_result_base': None}
[1.325s] INFO:colcon.colcon_core.executor:Executing jobs using 'parallel' executor
[1.325s] INFO:colcon.colcon_core.executor:Executing jobs using 'parallel' executor
[1.335s] DEBUG:colcon.colcon_parallel_executor.executor.parallel:run_until_complete
[1.335s] DEBUG:colcon.colcon_parallel_executor.executor.parallel:run_until_complete
[1.335s] INFO:colcon.colcon_ros.task.ament_cmake.build:Building ROS package in '/root/ws/ros2_pupil_neon' with build type 'ament_cmake'
[1.335s] INFO:colcon.colcon_ros.task.ament_cmake.build:Building ROS package in '/root/ws/ros2_pupil_neon' with build type 'ament_cmake'
[1.335s] INFO:colcon.colcon_cmake.task.cmake.build:Building CMake package in '/root/ws/ros2_pupil_neon'
[1.335s] INFO:colcon.colcon_cmake.task.cmake.build:Building CMake package in '/root/ws/ros2_pupil_neon'
[1.347s] INFO:colcon.colcon_core.plugin_system:Skipping extension 'colcon_core.shell.bat': Not used on non-Windows systems
[1.347s] INFO:colcon.colcon_core.plugin_system:Skipping extension 'colcon_core.shell.bat': Not used on non-Windows systems
[1.347s] INFO:colcon.colcon_core.shell:Skip shell extension 'powershell' for command environment: Not usable outside of PowerShell
[1.347s] DEBUG:colcon.colcon_core.shell:Skip shell extension 'dsv' for command environment
[1.347s] INFO:colcon.colcon_core.shell:Skip shell extension 'powershell' for command environment: Not usable outside of PowerShell
[1.348s] DEBUG:colcon.colcon_core.shell:Skip shell extension 'dsv' for command environment
[1.373s] DEBUG:colcon.colcon_core.event_handler.log_command:Invoking command in '/root/ws/ros2_pupil_neon/build/pupil_neon_pkg': CMAKE_PREFIX_PATH=/opt/ros/humble /usr/bin/cmake --build /root/ws/ros2_pupil_neon/build/pupil_neon_pkg -- -j12 -l12
[1.373s] DEBUG:colcon.colcon_core.event_handler.log_command:Invoking command in '/root/ws/ros2_pupil_neon/build/pupil_neon_pkg': CMAKE_PREFIX_PATH=/opt/ros/humble /usr/bin/cmake --build /root/ws/ros2_pupil_neon/build/pupil_neon_pkg -- -j12 -l12
[2.608s] DEBUG:colcon.colcon_core.event_handler.log_command:Invoked command in '/root/ws/ros2_pupil_neon/build/pupil_neon_pkg' returned '2': CMAKE_PREFIX_PATH=/opt/ros/humble /usr/bin/cmake --build /root/ws/ros2_pupil_neon/build/pupil_neon_pkg -- -j12 -l12
[2.632s] Level 1:colcon.colcon_core.environment:create_environment_scripts_only(pupil_neon_pkg)
[2.646s] Level 1:colcon.colcon_core.environment:checking '/root/ws/ros2_pupil_neon/install/pupil_neon_pkg' for CMake module files
[2.646s] Level 1:colcon.colcon_core.environment:checking '/root/ws/ros2_pupil_neon/install/pupil_neon_pkg' for CMake config files
[2.646s] Level 1:colcon.colcon_core.shell:create_environment_hook('pupil_neon_pkg', 'cmake_prefix_path')
[2.655s] INFO:colcon.colcon_core.shell:Creating environment hook '/root/ws/ros2_pupil_neon/install/pupil_neon_pkg/share/pupil_neon_pkg/hook/cmake_prefix_path.ps1'
[2.656s] INFO:colcon.colcon_core.shell:Creating environment descriptor '/root/ws/ros2_pupil_neon/install/pupil_neon_pkg/share/pupil_neon_pkg/hook/cmake_prefix_path.dsv'
[2.656s] INFO:colcon.colcon_core.shell:Creating environment hook '/root/ws/ros2_pupil_neon/install/pupil_neon_pkg/share/pupil_neon_pkg/hook/cmake_prefix_path.sh'
[2.657s] Level 1:colcon.colcon_core.environment:checking '/root/ws/ros2_pupil_neon/install/pupil_neon_pkg/lib'
[2.657s] Level 1:colcon.colcon_core.environment:checking '/root/ws/ros2_pupil_neon/install/pupil_neon_pkg/bin'
[2.657s] Level 1:colcon.colcon_core.environment:checking '/root/ws/ros2_pupil_neon/install/pupil_neon_pkg/lib/pkgconfig/pupil_neon_pkg.pc'
[2.659s] Level 1:colcon.colcon_core.environment:checking '/root/ws/ros2_pupil_neon/install/pupil_neon_pkg/lib/python3.10/site-packages'
[2.659s] Level 1:colcon.colcon_core.environment:checking '/root/ws/ros2_pupil_neon/install/pupil_neon_pkg/bin'
[2.668s] INFO:colcon.colcon_core.shell:Creating package script '/root/ws/ros2_pupil_neon/install/pupil_neon_pkg/share/pupil_neon_pkg/package.ps1'
[2.669s] INFO:colcon.colcon_core.shell:Creating package descriptor '/root/ws/ros2_pupil_neon/install/pupil_neon_pkg/share/pupil_neon_pkg/package.dsv'
[2.669s] INFO:colcon.colcon_core.shell:Creating package script '/root/ws/ros2_pupil_neon/install/pupil_neon_pkg/share/pupil_neon_pkg/package.sh'
[2.670s] INFO:colcon.colcon_core.shell:Creating package script '/root/ws/ros2_pupil_neon/install/pupil_neon_pkg/share/pupil_neon_pkg/package.bash'
[2.671s] INFO:colcon.colcon_core.shell:Creating package script '/root/ws/ros2_pupil_neon/install/pupil_neon_pkg/share/pupil_neon_pkg/package.zsh'
[2.672s] Level 1:colcon.colcon_core.environment:create_file_with_runtime_dependencies(/root/ws/ros2_pupil_neon/install/pupil_neon_pkg/share/colcon-core/packages/pupil_neon_pkg)
[2.682s] DEBUG:colcon.colcon_parallel_executor.executor.parallel:closing loop
[2.682s] DEBUG:colcon.colcon_parallel_executor.executor.parallel:loop closed
[2.682s] DEBUG:colcon.colcon_parallel_executor.executor.parallel:run_until_complete finished with '2'
[2.683s] DEBUG:colcon.colcon_core.event_reactor:joining thread
[2.698s] INFO:colcon.colcon_core.plugin_system:Skipping extension 'colcon_notification.desktop_notification.notify_send': Could not find 'notify-send'
[2.699s] INFO:colcon.colcon_core.plugin_system:Skipping extension 'colcon_notification.desktop_notification.terminal_notifier': Not used on non-Darwin systems
[2.699s] INFO:colcon.colcon_core.plugin_system:Skipping extension 'colcon_notification.desktop_notification.win32': Not used on non-Windows systems
[2.699s] INFO:colcon.colcon_notification.desktop_notification:Sending desktop notification using 'notify2'
[2.701s] DEBUG:colcon.colcon_notification.desktop_notification.notify2:Failed to initialize notify2: org.freedesktop.DBus.Error.Spawn.ExecFailed: /usr/bin/dbus-launch terminated abnormally without any error message
[2.701s] DEBUG:colcon.colcon_core.event_reactor:joined thread
[2.711s] INFO:colcon.colcon_core.shell:Creating prefix script '/root/ws/ros2_pupil_neon/install/local_setup.ps1'
[2.712s] INFO:colcon.colcon_core.shell:Creating prefix util module '/root/ws/ros2_pupil_neon/install/_local_setup_util_ps1.py'
[2.713s] INFO:colcon.colcon_core.shell:Creating prefix chain script '/root/ws/ros2_pupil_neon/install/setup.ps1'
[2.722s] INFO:colcon.colcon_core.shell:Creating prefix script '/root/ws/ros2_pupil_neon/install/local_setup.sh'
[2.723s] INFO:colcon.colcon_core.shell:Creating prefix util module '/root/ws/ros2_pupil_neon/install/_local_setup_util_sh.py'
[2.723s] INFO:colcon.colcon_core.shell:Creating prefix chain script '/root/ws/ros2_pupil_neon/install/setup.sh'
[2.732s] INFO:colcon.colcon_core.shell:Creating prefix script '/root/ws/ros2_pupil_neon/install/local_setup.bash'
[2.733s] INFO:colcon.colcon_core.shell:Creating prefix chain script '/root/ws/ros2_pupil_neon/install/setup.bash'
[2.742s] INFO:colcon.colcon_core.shell:Creating prefix script '/root/ws/ros2_pupil_neon/install/local_setup.zsh'
[2.743s] INFO:colcon.colcon_core.shell:Creating prefix chain script '/root/ws/ros2_pupil_neon/install/setup.zsh'
[2.881s] DEBUG:colcon.colcon_core.event_handler.log_command:Invoked command in '/root/ws/ros2_pupil_neon/build/pupil_neon_pkg' returned '0': CMAKE_PREFIX_PATH=/opt/ros/humble /usr/bin/cmake --build /root/ws/ros2_pupil_neon/build/pupil_neon_pkg -- -j12 -l12
[2.904s] DEBUG:colcon.colcon_core.event_handler.log_command:Invoking command in '/root/ws/ros2_pupil_neon/build/pupil_neon_pkg': CMAKE_PREFIX_PATH=/opt/ros/humble /usr/bin/cmake --install /root/ws/ros2_pupil_neon/build/pupil_neon_pkg
[2.943s] Level 1:colcon.colcon_core.environment:create_environment_scripts_only(pupil_neon_pkg)
[2.944s] DEBUG:colcon.colcon_core.event_handler.log_command:Invoked command in '/root/ws/ros2_pupil_neon/build/pupil_neon_pkg' returned '0': CMAKE_PREFIX_PATH=/opt/ros/humble /usr/bin/cmake --install /root/ws/ros2_pupil_neon/build/pupil_neon_pkg
[2.954s] Level 1:colcon.colcon_core.environment:checking '/root/ws/ros2_pupil_neon/install/pupil_neon_pkg' for CMake module files
[2.955s] Level 1:colcon.colcon_core.environment:checking '/root/ws/ros2_pupil_neon/install/pupil_neon_pkg' for CMake config files
[2.955s] Level 1:colcon.colcon_core.shell:create_environment_hook('pupil_neon_pkg', 'cmake_prefix_path')
[2.963s] INFO:colcon.colcon_core.shell:Creating environment hook '/root/ws/ros2_pupil_neon/install/pupil_neon_pkg/share/pupil_neon_pkg/hook/cmake_prefix_path.ps1'
[2.964s] INFO:colcon.colcon_core.shell:Creating environment descriptor '/root/ws/ros2_pupil_neon/install/pupil_neon_pkg/share/pupil_neon_pkg/hook/cmake_prefix_path.dsv'
[2.964s] INFO:colcon.colcon_core.shell:Creating environment hook '/root/ws/ros2_pupil_neon/install/pupil_neon_pkg/share/pupil_neon_pkg/hook/cmake_prefix_path.sh'
[2.965s] Level 1:colcon.colcon_core.environment:checking '/root/ws/ros2_pupil_neon/install/pupil_neon_pkg/lib'
[2.965s] Level 1:colcon.colcon_core.environment:checking '/root/ws/ros2_pupil_neon/install/pupil_neon_pkg/bin'
[2.965s] Level 1:colcon.colcon_core.environment:checking '/root/ws/ros2_pupil_neon/install/pupil_neon_pkg/lib/pkgconfig/pupil_neon_pkg.pc'
[2.966s] Level 1:colcon.colcon_core.environment:checking '/root/ws/ros2_pupil_neon/install/pupil_neon_pkg/lib/python3.10/site-packages'
[2.966s] Level 1:colcon.colcon_core.environment:checking '/root/ws/ros2_pupil_neon/install/pupil_neon_pkg/bin'
[2.975s] INFO:colcon.colcon_core.shell:Creating package script '/root/ws/ros2_pupil_neon/install/pupil_neon_pkg/share/pupil_neon_pkg/package.ps1'
[2.975s] INFO:colcon.colcon_core.shell:Creating package descriptor '/root/ws/ros2_pupil_neon/install/pupil_neon_pkg/share/pupil_neon_pkg/package.dsv'
[2.976s] INFO:colcon.colcon_core.shell:Creating package script '/root/ws/ros2_pupil_neon/install/pupil_neon_pkg/share/pupil_neon_pkg/package.sh'
[2.976s] INFO:colcon.colcon_core.shell:Creating package script '/root/ws/ros2_pupil_neon/install/pupil_neon_pkg/share/pupil_neon_pkg/package.bash'
[2.977s] INFO:colcon.colcon_core.shell:Creating package script '/root/ws/ros2_pupil_neon/install/pupil_neon_pkg/share/pupil_neon_pkg/package.zsh'
[2.978s] Level 1:colcon.colcon_core.environment:create_file_with_runtime_dependencies(/root/ws/ros2_pupil_neon/install/pupil_neon_pkg/share/colcon-core/packages/pupil_neon_pkg)
[3.002s] Level 1:colcon.colcon_core.environment:create_environment_scripts_only(pupil_neon_pkg)
[3.010s] Level 1:colcon.colcon_core.environment:checking '/root/ws/ros2_pupil_neon/install/pupil_neon_pkg' for CMake module files
[3.011s] Level 1:colcon.colcon_core.environment:checking '/root/ws/ros2_pupil_neon/install/pupil_neon_pkg' for CMake config files
[3.011s] Level 1:colcon.colcon_core.shell:create_environment_hook('pupil_neon_pkg', 'cmake_prefix_path')
[3.019s] INFO:colcon.colcon_core.shell:Creating environment hook '/root/ws/ros2_pupil_neon/install/pupil_neon_pkg/share/pupil_neon_pkg/hook/cmake_prefix_path.ps1'
[3.020s] INFO:colcon.colcon_core.shell:Creating environment descriptor '/root/ws/ros2_pupil_neon/install/pupil_neon_pkg/share/pupil_neon_pkg/hook/cmake_prefix_path.dsv'
[3.020s] INFO:colcon.colcon_core.shell:Creating environment hook '/root/ws/ros2_pupil_neon/install/pupil_neon_pkg/share/pupil_neon_pkg/hook/cmake_prefix_path.sh'
[3.020s] Level 1:colcon.colcon_core.environment:checking '/root/ws/ros2_pupil_neon/install/pupil_neon_pkg/lib'
[3.020s] Level 1:colcon.colcon_core.environment:checking '/root/ws/ros2_pupil_neon/install/pupil_neon_pkg/bin'
[3.020s] Level 1:colcon.colcon_core.environment:checking '/root/ws/ros2_pupil_neon/install/pupil_neon_pkg/lib/pkgconfig/pupil_neon_pkg.pc'
[3.021s] Level 1:colcon.colcon_core.environment:checking '/root/ws/ros2_pupil_neon/install/pupil_neon_pkg/lib/python3.10/site-packages'
[3.021s] Level 1:colcon.colcon_core.environment:checking '/root/ws/ros2_pupil_neon/install/pupil_neon_pkg/bin'
[3.029s] INFO:colcon.colcon_core.shell:Creating package script '/root/ws/ros2_pupil_neon/install/pupil_neon_pkg/share/pupil_neon_pkg/package.ps1'
[3.029s] INFO:colcon.colcon_core.shell:Creating package descriptor '/root/ws/ros2_pupil_neon/install/pupil_neon_pkg/share/pupil_neon_pkg/package.dsv'
[3.030s] INFO:colcon.colcon_core.shell:Creating package script '/root/ws/ros2_pupil_neon/install/pupil_neon_pkg/share/pupil_neon_pkg/package.sh'
[3.030s] INFO:colcon.colcon_core.shell:Creating package script '/root/ws/ros2_pupil_neon/install/pupil_neon_pkg/share/pupil_neon_pkg/package.bash'
[3.030s] INFO:colcon.colcon_core.shell:Creating package script '/root/ws/ros2_pupil_neon/install/pupil_neon_pkg/share/pupil_neon_pkg/package.zsh'
[3.031s] Level 1:colcon.colcon_core.environment:create_file_with_runtime_dependencies(/root/ws/ros2_pupil_neon/install/pupil_neon_pkg/share/colcon-core/packages/pupil_neon_pkg)
[3.031s] DEBUG:colcon.colcon_parallel_executor.executor.parallel:closing loop
[3.031s] DEBUG:colcon.colcon_parallel_executor.executor.parallel:loop closed
[3.031s] DEBUG:colcon.colcon_parallel_executor.executor.parallel:run_until_complete finished with '0'
[3.031s] DEBUG:colcon.colcon_core.event_reactor:joining thread
[3.044s] INFO:colcon.colcon_core.plugin_system:Skipping extension 'colcon_notification.desktop_notification.notify_send': Could not find 'notify-send'
[3.044s] INFO:colcon.colcon_core.plugin_system:Skipping extension 'colcon_notification.desktop_notification.terminal_notifier': Not used on non-Darwin systems
[3.044s] INFO:colcon.colcon_core.plugin_system:Skipping extension 'colcon_notification.desktop_notification.win32': Not used on non-Windows systems
[3.045s] INFO:colcon.colcon_notification.desktop_notification:Sending desktop notification using 'notify2'
[3.047s] DEBUG:colcon.colcon_notification.desktop_notification.notify2:Failed to initialize notify2: org.freedesktop.DBus.Error.Spawn.ExecFailed: /usr/bin/dbus-launch terminated abnormally without any error message
[3.047s] DEBUG:colcon.colcon_core.event_reactor:joined thread
[3.056s] INFO:colcon.colcon_core.shell:Creating prefix script '/root/ws/ros2_pupil_neon/install/local_setup.ps1'
[3.057s] INFO:colcon.colcon_core.shell:Creating prefix util module '/root/ws/ros2_pupil_neon/install/_local_setup_util_ps1.py'
[3.058s] INFO:colcon.colcon_core.shell:Creating prefix chain script '/root/ws/ros2_pupil_neon/install/setup.ps1'
[3.067s] INFO:colcon.colcon_core.shell:Creating prefix script '/root/ws/ros2_pupil_neon/install/local_setup.sh'
[3.067s] INFO:colcon.colcon_core.shell:Creating prefix util module '/root/ws/ros2_pupil_neon/install/_local_setup_util_sh.py'
[3.068s] INFO:colcon.colcon_core.shell:Creating prefix chain script '/root/ws/ros2_pupil_neon/install/setup.sh'
[3.077s] INFO:colcon.colcon_core.shell:Creating prefix script '/root/ws/ros2_pupil_neon/install/local_setup.bash'
[3.077s] INFO:colcon.colcon_core.shell:Creating prefix chain script '/root/ws/ros2_pupil_neon/install/setup.bash'
[3.086s] INFO:colcon.colcon_core.shell:Creating prefix script '/root/ws/ros2_pupil_neon/install/local_setup.zsh'
[3.086s] INFO:colcon.colcon_core.shell:Creating prefix chain script '/root/ws/ros2_pupil_neon/install/setup.zsh'
