[0.037s] Invoking command in '/root/ws/ros2_pupil_neon/build/pupil_neon_pkg': CMAKE_PREFIX_PATH=/opt/ros/humble /usr/bin/cmake --build /root/ws/ros2_pupil_neon/build/pupil_neon_pkg -- -j12 -l12
[0.160s] -- Found ament_cmake: 1.3.5 (/opt/ros/humble/share/ament_cmake/cmake)
[0.293s] -- Found rclpy: 3.3.10 (/opt/ros/humble/share/rclpy/cmake)
[0.293s] -- Found std_msgs: 4.2.3 (/opt/ros/humble/share/std_msgs/cmake)
[0.324s] -- Found rosidl_generator_c: 3.1.5 (/opt/ros/humble/share/rosidl_generator_c/cmake)
[0.327s] -- Found rosidl_adapter: 3.1.5 (/opt/ros/humble/share/rosidl_adapter/cmake)
[0.335s] -- Found rosidl_generator_cpp: 3.1.5 (/opt/ros/humble/share/rosidl_generator_cpp/cmake)
[0.349s] -- Using all available rosidl_typesupport_c: rosidl_typesupport_fastrtps_c;rosidl_typesupport_introspection_c
[0.367s] -- Using all available rosidl_typesupport_cpp: rosidl_typesupport_fastrtps_cpp;rosidl_typesupport_introspection_cpp
[0.420s] -- Found sensor_msgs: 4.2.3 (/opt/ros/humble/share/sensor_msgs/cmake)
[0.541s] -- Found cv_bridge: 3.2.1 (/opt/ros/humble/share/cv_bridge/cmake)
[0.557s] -- Found rosidl_default_generators: 1.2.0 (/opt/ros/humble/share/rosidl_default_generators/cmake)
[0.615s] -- Found ament_lint_auto: 0.12.8 (/opt/ros/humble/share/ament_lint_auto/cmake)
[0.676s] -- Added test 'copyright' to check source files copyright and LICENSE
[0.781s] -- Added test 'cppcheck' to perform static code analysis on C / C++ code
[0.781s] -- Configured cppcheck include dirs: 
[0.781s] -- Configured cppcheck exclude dirs and/or files: 
[0.832s] -- Added test 'cpplint' to check C / C++ code against the Google style
[0.832s] -- Configured cpplint exclude dirs and/or files: 
[0.839s] -- Added test 'flake8' to check Python code syntax and style conventions
[0.852s] -- Added test 'lint_cmake' to check CMake code style
[0.858s] -- Added test 'pep257' to check Python code against some of the docstring style conventions in PEP 257
[0.906s] -- Added test 'uncrustify' to check C / C++ code style
[0.906s] -- Configured uncrustify additional arguments: 
[0.912s] -- Added test 'xmllint' to check XML markup files
[0.913s] -- Configuring done
[0.921s] -- Generating done
[0.922s] -- Build files have been written to: /root/ws/ros2_pupil_neon/build/pupil_neon_pkg
[0.954s] Built target ament_cmake_python_copy_pupil_neon_pkg
[1.113s] running egg_info
[1.114s] writing pupil_neon_pkg.egg-info/PKG-INFO
[1.114s] writing dependency_links to pupil_neon_pkg.egg-info/dependency_links.txt
[1.114s] writing top-level names to pupil_neon_pkg.egg-info/top_level.txt
[1.116s] reading manifest file 'pupil_neon_pkg.egg-info/SOURCES.txt'
[1.116s] writing manifest file 'pupil_neon_pkg.egg-info/SOURCES.txt'
[1.133s] Built target ament_cmake_python_build_pupil_neon_pkg_egg
[1.140s] Invoked command in '/root/ws/ros2_pupil_neon/build/pupil_neon_pkg' returned '0': CMAKE_PREFIX_PATH=/opt/ros/humble /usr/bin/cmake --build /root/ws/ros2_pupil_neon/build/pupil_neon_pkg -- -j12 -l12
[1.162s] Invoking command in '/root/ws/ros2_pupil_neon/build/pupil_neon_pkg': CMAKE_PREFIX_PATH=/opt/ros/humble /usr/bin/cmake --install /root/ws/ros2_pupil_neon/build/pupil_neon_pkg
[1.167s] -- Install configuration: ""
[1.167s] -- Up-to-date: /root/ws/ros2_pupil_neon/install/pupil_neon_pkg/share/pupil_neon_pkg//launch
[1.167s] -- Up-to-date: /root/ws/ros2_pupil_neon/install/pupil_neon_pkg/share/pupil_neon_pkg//launch/emulator_pupil.launch.py
[1.167s] -- Up-to-date: /root/ws/ros2_pupil_neon/install/pupil_neon_pkg/share/pupil_neon_pkg//launch/pupil.launch.py
[1.167s] -- Up-to-date: /root/ws/ros2_pupil_neon/install/pupil_neon_pkg/share/pupil_neon_pkg/config
[1.167s] -- Up-to-date: /root/ws/ros2_pupil_neon/install/pupil_neon_pkg/share/pupil_neon_pkg/config/params.yaml
[1.167s] -- Up-to-date: /root/ws/ros2_pupil_neon/install/pupil_neon_pkg/share/pupil_neon_pkg/environment/pythonpath.sh
[1.167s] -- Installing: /root/ws/ros2_pupil_neon/install/pupil_neon_pkg/share/pupil_neon_pkg/environment/pythonpath.dsv
[1.167s] -- Up-to-date: /root/ws/ros2_pupil_neon/install/pupil_neon_pkg/lib/python3.8/site-packages/pupil_neon_pkg-1.0.0-py3.10.egg-info
[1.167s] -- Installing: /root/ws/ros2_pupil_neon/install/pupil_neon_pkg/lib/python3.8/site-packages/pupil_neon_pkg-1.0.0-py3.10.egg-info/top_level.txt
[1.168s] -- Installing: /root/ws/ros2_pupil_neon/install/pupil_neon_pkg/lib/python3.8/site-packages/pupil_neon_pkg-1.0.0-py3.10.egg-info/SOURCES.txt
[1.168s] -- Installing: /root/ws/ros2_pupil_neon/install/pupil_neon_pkg/lib/python3.8/site-packages/pupil_neon_pkg-1.0.0-py3.10.egg-info/dependency_links.txt
[1.168s] -- Installing: /root/ws/ros2_pupil_neon/install/pupil_neon_pkg/lib/python3.8/site-packages/pupil_neon_pkg-1.0.0-py3.10.egg-info/PKG-INFO
[1.168s] -- Up-to-date: /root/ws/ros2_pupil_neon/install/pupil_neon_pkg/lib/python3.8/site-packages/pupil_neon_pkg
[1.168s] -- Up-to-date: /root/ws/ros2_pupil_neon/install/pupil_neon_pkg/lib/python3.8/site-packages/pupil_neon_pkg/pupil_publisher.py
[1.168s] -- Up-to-date: /root/ws/ros2_pupil_neon/install/pupil_neon_pkg/lib/python3.8/site-packages/pupil_neon_pkg/__init__.py
[1.193s] Listing '/root/ws/ros2_pupil_neon/install/pupil_neon_pkg/lib/python3.8/site-packages/pupil_neon_pkg'...
[1.196s] -- Up-to-date: /root/ws/ros2_pupil_neon/install/pupil_neon_pkg/lib/pupil_neon_pkg/pupil_publisher.py
[1.196s] -- Up-to-date: /root/ws/ros2_pupil_neon/install/pupil_neon_pkg/lib/pupil_neon_pkg/frame_publisher.py
[1.196s] -- Up-to-date: /root/ws/ros2_pupil_neon/install/pupil_neon_pkg/lib/pupil_neon_pkg/emulator_publisher.py
[1.196s] -- Up-to-date: /root/ws/ros2_pupil_neon/install/pupil_neon_pkg/share/ament_index/resource_index/package_run_dependencies/pupil_neon_pkg
[1.196s] -- Up-to-date: /root/ws/ros2_pupil_neon/install/pupil_neon_pkg/share/ament_index/resource_index/parent_prefix_path/pupil_neon_pkg
[1.196s] -- Up-to-date: /root/ws/ros2_pupil_neon/install/pupil_neon_pkg/share/pupil_neon_pkg/environment/ament_prefix_path.sh
[1.196s] -- Installing: /root/ws/ros2_pupil_neon/install/pupil_neon_pkg/share/pupil_neon_pkg/environment/ament_prefix_path.dsv
[1.196s] -- Up-to-date: /root/ws/ros2_pupil_neon/install/pupil_neon_pkg/share/pupil_neon_pkg/environment/path.sh
[1.196s] -- Installing: /root/ws/ros2_pupil_neon/install/pupil_neon_pkg/share/pupil_neon_pkg/environment/path.dsv
[1.197s] -- Up-to-date: /root/ws/ros2_pupil_neon/install/pupil_neon_pkg/share/pupil_neon_pkg/local_setup.bash
[1.197s] -- Up-to-date: /root/ws/ros2_pupil_neon/install/pupil_neon_pkg/share/pupil_neon_pkg/local_setup.sh
[1.197s] -- Up-to-date: /root/ws/ros2_pupil_neon/install/pupil_neon_pkg/share/pupil_neon_pkg/local_setup.zsh
[1.197s] -- Installing: /root/ws/ros2_pupil_neon/install/pupil_neon_pkg/share/pupil_neon_pkg/local_setup.dsv
[1.197s] -- Installing: /root/ws/ros2_pupil_neon/install/pupil_neon_pkg/share/pupil_neon_pkg/package.dsv
[1.197s] -- Up-to-date: /root/ws/ros2_pupil_neon/install/pupil_neon_pkg/share/ament_index/resource_index/packages/pupil_neon_pkg
[1.197s] -- Up-to-date: /root/ws/ros2_pupil_neon/install/pupil_neon_pkg/share/pupil_neon_pkg/cmake/pupil_neon_pkgConfig.cmake
[1.197s] -- Up-to-date: /root/ws/ros2_pupil_neon/install/pupil_neon_pkg/share/pupil_neon_pkg/cmake/pupil_neon_pkgConfig-version.cmake
[1.197s] -- Up-to-date: /root/ws/ros2_pupil_neon/install/pupil_neon_pkg/share/pupil_neon_pkg/package.xml
[1.198s] Invoked command in '/root/ws/ros2_pupil_neon/build/pupil_neon_pkg' returned '0': CMAKE_PREFIX_PATH=/opt/ros/humble /usr/bin/cmake --install /root/ws/ros2_pupil_neon/build/pupil_neon_pkg
