[31mCMake Error at /usr/share/cmake-3.22/Modules/CMakeDetermineCCompiler.cmake:226 (configure_file):
  No such file or directory
Call Stack (most recent call first):
  CMakeLists.txt:2 (project)

[0m
[31mCMake Error at /usr/share/cmake-3.22/Modules/CMakeTestCCompiler.cmake:85 (configure_file):
  No such file or directory
Call Stack (most recent call first):
  CMakeLists.txt:2 (project)

[0m
[31mCMake Error at /opt/ros/humble/share/ament_cmake_core/cmake/core/stamp.cmake:24 (configure_file):
  No such file or directory
Call Stack (most recent call first):
  /opt/ros/humble/share/ament_cmake_core/cmake/core/ament_package_xml.cmake:74 (stamp)
  /opt/ros/humble/share/ament_cmake_core/cmake/core/ament_package_xml.cmake:49 (_ament_package_xml)
  /opt/ros/humble/share/ament_cmake_python/cmake/ament_python_install_package.cmake:60 (ament_package_xml)
  /opt/ros/humble/share/ament_cmake_python/cmake/ament_python_install_package.cmake:39 (_ament_cmake_python_install_package)
  CMakeLists.txt:49 (ament_python_install_package)

[0m
make: *** [Makefile:222: cmake_check_build_system] Error 1
