[0.038s] Invoking command in '/root/ws/ros2_pupil_neon/build/pupil_neon_pkg': CMAKE_PREFIX_PATH=/opt/ros/humble /usr/bin/cmake --build /root/ws/ros2_pupil_neon/build/pupil_neon_pkg -- -j12 -l12
[0.254s] -- The C compiler identification is GNU 11.4.0
[0.257s] [31mCMake Error at /usr/share/cmake-3.22/Modules/CMakeDetermineCCompiler.cmake:226 (configure_file):
[0.257s]   No such file or directory
[0.257s] Call Stack (most recent call first):
[0.257s]   CMakeLists.txt:2 (project)
[0.257s] 
[0.257s] [0m
[0.347s] -- The CXX compiler identification is GNU 11.4.0
[0.355s] -- Detecting C compiler ABI info
[0.366s] -- Detecting C compiler ABI info - failed
[0.366s] -- Check for working C compiler: /usr/bin/cc
[0.417s] -- Check for working C compiler: /usr/bin/cc - works
[0.417s] -- Detecting C compile features
[0.418s] -- Detecting C compile features - done
[0.418s] [31mCMake Error at /usr/share/cmake-3.22/Modules/CMakeTestCCompiler.cmake:85 (configure_file):
[0.418s]   No such file or directory
[0.418s] Call Stack (most recent call first):
[0.418s]   CMakeLists.txt:2 (project)
[0.418s] 
[0.418s] [0m
[0.422s] -- Detecting CXX compiler ABI info
[0.487s] -- Detecting CXX compiler ABI info - done
[0.497s] -- Check for working CXX compiler: /usr/bin/c++ - skipped
[0.497s] -- Detecting CXX compile features
[0.498s] -- Detecting CXX compile features - done
[0.500s] -- Found ament_cmake: 1.3.5 (/opt/ros/humble/share/ament_cmake/cmake)
[0.637s] -- Found Python3: /usr/bin/python3.10 (found version "3.10.12") found components: Interpreter 
[0.719s] -- Found rclpy: 3.3.10 (/opt/ros/humble/share/rclpy/cmake)
[0.720s] -- Found std_msgs: 4.2.3 (/opt/ros/humble/share/std_msgs/cmake)
[0.759s] -- Found rosidl_generator_c: 3.1.5 (/opt/ros/humble/share/rosidl_generator_c/cmake)
[0.764s] -- Found rosidl_adapter: 3.1.5 (/opt/ros/humble/share/rosidl_adapter/cmake)
[0.774s] -- Found rosidl_generator_cpp: 3.1.5 (/opt/ros/humble/share/rosidl_generator_cpp/cmake)
[0.790s] -- Using all available rosidl_typesupport_c: rosidl_typesupport_fastrtps_c;rosidl_typesupport_introspection_c
[0.811s] -- Using all available rosidl_typesupport_cpp: rosidl_typesupport_fastrtps_cpp;rosidl_typesupport_introspection_cpp
[0.872s] -- Found sensor_msgs: 4.2.3 (/opt/ros/humble/share/sensor_msgs/cmake)
[0.995s] -- Found cv_bridge: 3.2.1 (/opt/ros/humble/share/cv_bridge/cmake)
[1.008s] -- Found rosidl_default_generators: 1.2.0 (/opt/ros/humble/share/rosidl_default_generators/cmake)
[1.018s] [31mCMake Error at /opt/ros/humble/share/ament_cmake_core/cmake/core/stamp.cmake:24 (configure_file):
[1.018s]   No such file or directory
[1.018s] Call Stack (most recent call first):
[1.018s]   /opt/ros/humble/share/ament_cmake_core/cmake/core/ament_package_xml.cmake:74 (stamp)
[1.018s]   /opt/ros/humble/share/ament_cmake_core/cmake/core/ament_package_xml.cmake:49 (_ament_package_xml)
[1.018s]   /opt/ros/humble/share/ament_cmake_python/cmake/ament_python_install_package.cmake:60 (ament_package_xml)
[1.018s]   /opt/ros/humble/share/ament_cmake_python/cmake/ament_python_install_package.cmake:39 (_ament_cmake_python_install_package)
[1.018s]   CMakeLists.txt:49 (ament_python_install_package)
[1.018s] 
[1.018s] [0m
[1.019s] -- Found ament_lint_auto: 0.12.8 (/opt/ros/humble/share/ament_lint_auto/cmake)
[1.088s] -- Added test 'copyright' to check source files copyright and LICENSE
[1.139s] -- Added test 'cppcheck' to perform static code analysis on C / C++ code
[1.139s] -- Configured cppcheck include dirs: 
[1.139s] -- Configured cppcheck exclude dirs and/or files: 
[1.187s] -- Added test 'cpplint' to check C / C++ code against the Google style
[1.187s] -- Configured cpplint exclude dirs and/or files: 
[1.193s] -- Added test 'flake8' to check Python code syntax and style conventions
[1.206s] -- Added test 'lint_cmake' to check CMake code style
[1.212s] -- Added test 'pep257' to check Python code against some of the docstring style conventions in PEP 257
[1.260s] -- Added test 'uncrustify' to check C / C++ code style
[1.260s] -- Configured uncrustify additional arguments: 
[1.266s] -- Added test 'xmllint' to check XML markup files
[1.267s] -- Configuring incomplete, errors occurred!
[1.267s] See also "/root/ws/ros2_pupil_neon/build/pupil_neon_pkg/CMakeFiles/CMakeOutput.log".
[1.267s] See also "/root/ws/ros2_pupil_neon/build/pupil_neon_pkg/CMakeFiles/CMakeError.log".
[1.271s] make: *** [Makefile:222: cmake_check_build_system] Error 1
[1.273s] Invoked command in '/root/ws/ros2_pupil_neon/build/pupil_neon_pkg' returned '2': CMAKE_PREFIX_PATH=/opt/ros/humble /usr/bin/cmake --build /root/ws/ros2_pupil_neon/build/pupil_neon_pkg -- -j12 -l12
